<?xml version="1.0" encoding="UTF-8"?>
<testsuite xmlns:xsi="http://www.w3.org/2001/XMLSchema-instance" xsi:noNamespaceSchemaLocation="https://maven.apache.org/surefire/maven-surefire-plugin/xsd/surefire-test-report-3.0.xsd" version="3.0" name="com.example.shiftv1.schedule.October2025GenerationTest" time="11.321" tests="1" errors="0" skipped="0" failures="0">
  <properties>
[...]
</properties>
  <testcase name="generateMonthlySchedule_2025_10_persistsAndReturnsAssignments" classname="com.example.shiftv1.schedule.October2025GenerationTest" time="1.016">
    <system-out><![CDATA[19:01:08.631 [main] INFO org.springframework.test.context.support.AnnotationConfigContextLoaderUtils -- Could not detect default configuration classes for test class [com.example.shiftv1.schedule.October2025GenerationTest]: October2025GenerationTest does not declare any static, non-private, non-final, nested classes annotated with @Configuration.
19:01:08.809 [main] INFO org.springframework.boot.test.context.SpringBootTestContextBootstrapper -- Found @SpringBootConfiguration com.example.shiftv1.Shiftv1Application for test class com.example.shiftv1.schedule.October2025GenerationTest

  .   ____          _            __ _ _
 /\\ / ___'_ __ _ _(_)_ __  __ _ \ \ \ \
( ( )\___ | '_ | '_| | '_ \/ _` | \ \ \ \
 \\/  ___)| |_)| | | | | || (_| |  ) ) ) )
  '  |____| .__|_| |_|_| |_\__, | / / / /
 =========|_|==============|___/=/_/_/_/

 :: Spring Boot ::                (v3.5.2)

2025-10-26T19:01:09.270+09:00  INFO 11972 --- [Shift Scheduler Demo] [           main] c.e.s.s.October2025GenerationTest        : Starting October2025GenerationTest using Java 23.0.2 with PID 11972 (started by takow in C:\Users\takow\Documents\02_programming\java\shiftv1)
2025-10-26T19:01:09.272+09:00  INFO 11972 --- [Shift Scheduler Demo] [           main] c.e.s.s.October2025GenerationTest        : No active profile set, falling back to 1 default profile: "default"
2025-10-26T19:01:10.686+09:00  INFO 11972 --- [Shift Scheduler Demo] [           main] .s.d.r.c.RepositoryConfigurationDelegate : Bootstrapping Spring Data JPA repositories in DEFAULT mode.
2025-10-26T19:01:10.803+09:00  INFO 11972 --- [Shift Scheduler Demo] [           main] .s.d.r.c.RepositoryConfigurationDelegate : Finished Spring Data repository scanning in 106 ms. Found 16 JPA repository interfaces.
2025-10-26T19:01:11.511+09:00  INFO 11972 --- [Shift Scheduler Demo] [           main] o.hibernate.jpa.internal.util.LogHelper  : HHH000204: Processing PersistenceUnitInfo [name: default]
2025-10-26T19:01:11.577+09:00  INFO 11972 --- [Shift Scheduler Demo] [           main] org.hibernate.Version                    : HHH000412: Hibernate ORM core version 6.6.18.Final
2025-10-26T19:01:11.626+09:00  INFO 11972 --- [Shift Scheduler Demo] [           main] o.h.c.internal.RegionFactoryInitiator    : HHH000026: Second-level cache disabled
2025-10-26T19:01:11.941+09:00  INFO 11972 --- [Shift Scheduler Demo] [           main] o.s.o.j.p.SpringPersistenceUnitInfo      : No LoadTimeWeaver setup: ignoring JPA class transformer
2025-10-26T19:01:11.975+09:00  INFO 11972 --- [Shift Scheduler Demo] [           main] com.zaxxer.hikari.HikariDataSource       : HikariPool-1 - Starting...
2025-10-26T19:01:12.159+09:00  INFO 11972 --- [Shift Scheduler Demo] [           main] com.zaxxer.hikari.pool.HikariPool        : HikariPool-1 - Added connection org.sqlite.jdbc4.JDBC4Connection@3573e19d
2025-10-26T19:01:12.161+09:00  INFO 11972 --- [Shift Scheduler Demo] [           main] com.zaxxer.hikari.HikariDataSource       : HikariPool-1 - Start completed.
2025-10-26T19:01:12.199+09:00  INFO 11972 --- [Shift Scheduler Demo] [           main] org.hibernate.orm.connections.pooling    : HHH10001005: Database info:
	Database JDBC URL [Connecting through datasource 'HikariDataSource (HikariPool-1)']
	Database driver: undefined/unknown
	Database version: 3.46
	Autocommit mode: undefined/unknown
	Isolation level: undefined/unknown
	Minimum pool size: undefined/unknown
	Maximum pool size: undefined/unknown
2025-10-26T19:01:13.511+09:00  INFO 11972 --- [Shift Scheduler Demo] [           main] o.h.e.t.j.p.i.JtaPlatformInitiator       : HHH000489: No JTA platform available (set 'hibernate.transaction.jta.platform' to enable JTA platform integration)
2025-10-26T19:01:13.558+09:00  INFO 11972 --- [Shift Scheduler Demo] [           main] j.LocalContainerEntityManagerFactoryBean : Initialized JPA EntityManagerFactory for persistence unit 'default'
2025-10-26T19:01:14.047+09:00  INFO 11972 --- [Shift Scheduler Demo] [           main] r$InitializeUserDetailsManagerConfigurer : Global AuthenticationManager configured with UserDetailsService bean with name userDetailsService
2025-10-26T19:01:14.088+09:00  INFO 11972 --- [Shift Scheduler Demo] [           main] o.s.d.j.r.query.QueryEnhancerFactory     : Hibernate is in classpath; If applicable, HQL parser will be used.
2025-10-26T19:01:16.355+09:00  WARN 11972 --- [Shift Scheduler Demo] [           main] JpaBaseConfiguration$JpaWebConfiguration : spring.jpa.open-in-view is enabled by default. Therefore, database queries may be performed during view rendering. Explicitly configure spring.jpa.open-in-view to disable this warning
2025-10-26T19:01:16.812+09:00  INFO 11972 --- [Shift Scheduler Demo] [           main] o.s.b.a.e.web.EndpointLinksResolver      : Exposing 1 endpoint beneath base path '/actuator'
2025-10-26T19:01:17.504+09:00  INFO 11972 --- [Shift Scheduler Demo] [           main] c.e.s.s.October2025GenerationTest        : Started October2025GenerationTest in 8.535 seconds (process running for 9.644)
2025-10-26T19:01:17.654+09:00 DEBUG 11972 --- [Shift Scheduler Demo] [           main] org.hibernate.SQL                        : select count(*) from employees e1_0
Hibernate: select count(*) from employees e1_0
2025-10-26T19:01:17.676+09:00 DEBUG 11972 --- [Shift Scheduler Demo] [           main] org.hibernate.SQL                        : select count(*) from employee_constraints ec1_0
Hibernate: select count(*) from employee_constraints ec1_0
2025-10-26T19:01:17.678+09:00  INFO 11972 --- [Shift Scheduler Demo] [           main] c.e.s.c.ConstraintDataInitializer        : ����f�[�^�͊��ɑ��݂��܂�
2025-10-26T19:01:17.695+09:00 DEBUG 11972 --- [Shift Scheduler Demo] [           main] org.hibernate.SQL                        : select e1_0.id,e1_0.created_at,e1_0.eligible_full,e1_0.eligible_short_afternoon,e1_0.eligible_short_morning,e1_0.name,e1_0.overtime_allowed,e1_0.overtime_daily_max_hours,e1_0.overtime_weekly_max_hours,e1_0.role from employees e1_0
Hibernate: select e1_0.id,e1_0.created_at,e1_0.eligible_full,e1_0.eligible_short_afternoon,e1_0.eligible_short_morning,e1_0.name,e1_0.overtime_allowed,e1_0.overtime_daily_max_hours,e1_0.overtime_weekly_max_hours,e1_0.role from employees e1_0
2025-10-26T19:01:17.732+09:00 DEBUG 11972 --- [Shift Scheduler Demo] [           main] org.hibernate.SQL                        : select s1_0.employee_id,s1_1.id,s1_1.code,s1_1.created_at,s1_1.description,s1_1.name,s1_1.priority,s1_1.updated_at from employee_skills s1_0 join skills s1_1 on s1_1.id=s1_0.skill_id where s1_0.employee_id=?
Hibernate: select s1_0.employee_id,s1_1.id,s1_1.code,s1_1.created_at,s1_1.description,s1_1.name,s1_1.priority,s1_1.updated_at from employee_skills s1_0 join skills s1_1 on s1_1.id=s1_0.skill_id where s1_0.employee_id=?
2025-10-26T19:01:17.739+09:00 DEBUG 11972 --- [Shift Scheduler Demo] [           main] org.hibernate.SQL                        : select s1_0.employee_id,s1_1.id,s1_1.code,s1_1.created_at,s1_1.description,s1_1.name,s1_1.priority,s1_1.updated_at from employee_skills s1_0 join skills s1_1 on s1_1.id=s1_0.skill_id where s1_0.employee_id=?
Hibernate: select s1_0.employee_id,s1_1.id,s1_1.code,s1_1.created_at,s1_1.description,s1_1.name,s1_1.priority,s1_1.updated_at from employee_skills s1_0 join skills s1_1 on s1_1.id=s1_0.skill_id where s1_0.employee_id=?
2025-10-26T19:01:17.739+09:00 DEBUG 11972 --- [Shift Scheduler Demo] [           main] org.hibernate.SQL                        : select s1_0.employee_id,s1_1.id,s1_1.code,s1_1.created_at,s1_1.description,s1_1.name,s1_1.priority,s1_1.updated_at from employee_skills s1_0 join skills s1_1 on s1_1.id=s1_0.skill_id where s1_0.employee_id=?
Hibernate: select s1_0.employee_id,s1_1.id,s1_1.code,s1_1.created_at,s1_1.description,s1_1.name,s1_1.priority,s1_1.updated_at from employee_skills s1_0 join skills s1_1 on s1_1.id=s1_0.skill_id where s1_0.employee_id=?
2025-10-26T19:01:17.739+09:00 DEBUG 11972 --- [Shift Scheduler Demo] [           main] org.hibernate.SQL                        : select s1_0.employee_id,s1_1.id,s1_1.code,s1_1.created_at,s1_1.description,s1_1.name,s1_1.priority,s1_1.updated_at from employee_skills s1_0 join skills s1_1 on s1_1.id=s1_0.skill_id where s1_0.employee_id=?
Hibernate: select s1_0.employee_id,s1_1.id,s1_1.code,s1_1.created_at,s1_1.description,s1_1.name,s1_1.priority,s1_1.updated_at from employee_skills s1_0 join skills s1_1 on s1_1.id=s1_0.skill_id where s1_0.employee_id=?
2025-10-26T19:01:17.739+09:00 DEBUG 11972 --- [Shift Scheduler Demo] [           main] org.hibernate.SQL                        : select s1_0.employee_id,s1_1.id,s1_1.code,s1_1.created_at,s1_1.description,s1_1.name,s1_1.priority,s1_1.updated_at from employee_skills s1_0 join skills s1_1 on s1_1.id=s1_0.skill_id where s1_0.employee_id=?
Hibernate: select s1_0.employee_id,s1_1.id,s1_1.code,s1_1.created_at,s1_1.description,s1_1.name,s1_1.priority,s1_1.updated_at from employee_skills s1_0 join skills s1_1 on s1_1.id=s1_0.skill_id where s1_0.employee_id=?
2025-10-26T19:01:17.739+09:00 DEBUG 11972 --- [Shift Scheduler Demo] [           main] org.hibernate.SQL                        : select s1_0.employee_id,s1_1.id,s1_1.code,s1_1.created_at,s1_1.description,s1_1.name,s1_1.priority,s1_1.updated_at from employee_skills s1_0 join skills s1_1 on s1_1.id=s1_0.skill_id where s1_0.employee_id=?
Hibernate: select s1_0.employee_id,s1_1.id,s1_1.code,s1_1.created_at,s1_1.description,s1_1.name,s1_1.priority,s1_1.updated_at from employee_skills s1_0 join skills s1_1 on s1_1.id=s1_0.skill_id where s1_0.employee_id=?
2025-10-26T19:01:17.739+09:00 DEBUG 11972 --- [Shift Scheduler Demo] [           main] org.hibernate.SQL                        : select s1_0.employee_id,s1_1.id,s1_1.code,s1_1.created_at,s1_1.description,s1_1.name,s1_1.priority,s1_1.updated_at from employee_skills s1_0 join skills s1_1 on s1_1.id=s1_0.skill_id where s1_0.employee_id=?
Hibernate: select s1_0.employee_id,s1_1.id,s1_1.code,s1_1.created_at,s1_1.description,s1_1.name,s1_1.priority,s1_1.updated_at from employee_skills s1_0 join skills s1_1 on s1_1.id=s1_0.skill_id where s1_0.employee_id=?
2025-10-26T19:01:17.743+09:00 DEBUG 11972 --- [Shift Scheduler Demo] [           main] org.hibernate.SQL                        : select s1_0.employee_id,s1_1.id,s1_1.code,s1_1.created_at,s1_1.description,s1_1.name,s1_1.priority,s1_1.updated_at from employee_skills s1_0 join skills s1_1 on s1_1.id=s1_0.skill_id where s1_0.employee_id=?
Hibernate: select s1_0.employee_id,s1_1.id,s1_1.code,s1_1.created_at,s1_1.description,s1_1.name,s1_1.priority,s1_1.updated_at from employee_skills s1_0 join skills s1_1 on s1_1.id=s1_0.skill_id where s1_0.employee_id=?
2025-10-26T19:01:17.743+09:00 DEBUG 11972 --- [Shift Scheduler Demo] [           main] org.hibernate.SQL                        : select s1_0.employee_id,s1_1.id,s1_1.code,s1_1.created_at,s1_1.description,s1_1.name,s1_1.priority,s1_1.updated_at from employee_skills s1_0 join skills s1_1 on s1_1.id=s1_0.skill_id where s1_0.employee_id=?
Hibernate: select s1_0.employee_id,s1_1.id,s1_1.code,s1_1.created_at,s1_1.description,s1_1.name,s1_1.priority,s1_1.updated_at from employee_skills s1_0 join skills s1_1 on s1_1.id=s1_0.skill_id where s1_0.employee_id=?
2025-10-26T19:01:17.744+09:00 DEBUG 11972 --- [Shift Scheduler Demo] [           main] org.hibernate.SQL                        : select s1_0.employee_id,s1_1.id,s1_1.code,s1_1.created_at,s1_1.description,s1_1.name,s1_1.priority,s1_1.updated_at from employee_skills s1_0 join skills s1_1 on s1_1.id=s1_0.skill_id where s1_0.employee_id=?
Hibernate: select s1_0.employee_id,s1_1.id,s1_1.code,s1_1.created_at,s1_1.description,s1_1.name,s1_1.priority,s1_1.updated_at from employee_skills s1_0 join skills s1_1 on s1_1.id=s1_0.skill_id where s1_0.employee_id=?
2025-10-26T19:01:17.744+09:00 DEBUG 11972 --- [Shift Scheduler Demo] [           main] org.hibernate.SQL                        : select s1_0.employee_id,s1_1.id,s1_1.code,s1_1.created_at,s1_1.description,s1_1.name,s1_1.priority,s1_1.updated_at from employee_skills s1_0 join skills s1_1 on s1_1.id=s1_0.skill_id where s1_0.employee_id=?
Hibernate: select s1_0.employee_id,s1_1.id,s1_1.code,s1_1.created_at,s1_1.description,s1_1.name,s1_1.priority,s1_1.updated_at from employee_skills s1_0 join skills s1_1 on s1_1.id=s1_0.skill_id where s1_0.employee_id=?
2025-10-26T19:01:17.745+09:00 DEBUG 11972 --- [Shift Scheduler Demo] [           main] org.hibernate.SQL                        : select s1_0.employee_id,s1_1.id,s1_1.code,s1_1.created_at,s1_1.description,s1_1.name,s1_1.priority,s1_1.updated_at from employee_skills s1_0 join skills s1_1 on s1_1.id=s1_0.skill_id where s1_0.employee_id=?
Hibernate: select s1_0.employee_id,s1_1.id,s1_1.code,s1_1.created_at,s1_1.description,s1_1.name,s1_1.priority,s1_1.updated_at from employee_skills s1_0 join skills s1_1 on s1_1.id=s1_0.skill_id where s1_0.employee_id=?
2025-10-26T19:01:17.745+09:00 DEBUG 11972 --- [Shift Scheduler Demo] [           main] org.hibernate.SQL                        : select s1_0.employee_id,s1_1.id,s1_1.code,s1_1.created_at,s1_1.description,s1_1.name,s1_1.priority,s1_1.updated_at from employee_skills s1_0 join skills s1_1 on s1_1.id=s1_0.skill_id where s1_0.employee_id=?
Hibernate: select s1_0.employee_id,s1_1.id,s1_1.code,s1_1.created_at,s1_1.description,s1_1.name,s1_1.priority,s1_1.updated_at from employee_skills s1_0 join skills s1_1 on s1_1.id=s1_0.skill_id where s1_0.employee_id=?
2025-10-26T19:01:17.745+09:00 DEBUG 11972 --- [Shift Scheduler Demo] [           main] org.hibernate.SQL                        : select s1_0.employee_id,s1_1.id,s1_1.code,s1_1.created_at,s1_1.description,s1_1.name,s1_1.priority,s1_1.updated_at from employee_skills s1_0 join skills s1_1 on s1_1.id=s1_0.skill_id where s1_0.employee_id=?
Hibernate: select s1_0.employee_id,s1_1.id,s1_1.code,s1_1.created_at,s1_1.description,s1_1.name,s1_1.priority,s1_1.updated_at from employee_skills s1_0 join skills s1_1 on s1_1.id=s1_0.skill_id where s1_0.employee_id=?
2025-10-26T19:01:17.745+09:00 DEBUG 11972 --- [Shift Scheduler Demo] [           main] org.hibernate.SQL                        : select s1_0.employee_id,s1_1.id,s1_1.code,s1_1.created_at,s1_1.description,s1_1.name,s1_1.priority,s1_1.updated_at from employee_skills s1_0 join skills s1_1 on s1_1.id=s1_0.skill_id where s1_0.employee_id=?
Hibernate: select s1_0.employee_id,s1_1.id,s1_1.code,s1_1.created_at,s1_1.description,s1_1.name,s1_1.priority,s1_1.updated_at from employee_skills s1_0 join skills s1_1 on s1_1.id=s1_0.skill_id where s1_0.employee_id=?
2025-10-26T19:01:17.745+09:00 DEBUG 11972 --- [Shift Scheduler Demo] [           main] org.hibernate.SQL                        : select s1_0.employee_id,s1_1.id,s1_1.code,s1_1.created_at,s1_1.description,s1_1.name,s1_1.priority,s1_1.updated_at from employee_skills s1_0 join skills s1_1 on s1_1.id=s1_0.skill_id where s1_0.employee_id=?
Hibernate: select s1_0.employee_id,s1_1.id,s1_1.code,s1_1.created_at,s1_1.description,s1_1.name,s1_1.priority,s1_1.updated_at from employee_skills s1_0 join skills s1_1 on s1_1.id=s1_0.skill_id where s1_0.employee_id=?
2025-10-26T19:01:17.745+09:00 DEBUG 11972 --- [Shift Scheduler Demo] [           main] org.hibernate.SQL                        : select s1_0.employee_id,s1_1.id,s1_1.code,s1_1.created_at,s1_1.description,s1_1.name,s1_1.priority,s1_1.updated_at from employee_skills s1_0 join skills s1_1 on s1_1.id=s1_0.skill_id where s1_0.employee_id=?
Hibernate: select s1_0.employee_id,s1_1.id,s1_1.code,s1_1.created_at,s1_1.description,s1_1.name,s1_1.priority,s1_1.updated_at from employee_skills s1_0 join skills s1_1 on s1_1.id=s1_0.skill_id where s1_0.employee_id=?
2025-10-26T19:01:17.745+09:00 DEBUG 11972 --- [Shift Scheduler Demo] [           main] org.hibernate.SQL                        : select s1_0.employee_id,s1_1.id,s1_1.code,s1_1.created_at,s1_1.description,s1_1.name,s1_1.priority,s1_1.updated_at from employee_skills s1_0 join skills s1_1 on s1_1.id=s1_0.skill_id where s1_0.employee_id=?
Hibernate: select s1_0.employee_id,s1_1.id,s1_1.code,s1_1.created_at,s1_1.description,s1_1.name,s1_1.priority,s1_1.updated_at from employee_skills s1_0 join skills s1_1 on s1_1.id=s1_0.skill_id where s1_0.employee_id=?
2025-10-26T19:01:17.745+09:00 DEBUG 11972 --- [Shift Scheduler Demo] [           main] org.hibernate.SQL                        : select s1_0.employee_id,s1_1.id,s1_1.code,s1_1.created_at,s1_1.description,s1_1.name,s1_1.priority,s1_1.updated_at from employee_skills s1_0 join skills s1_1 on s1_1.id=s1_0.skill_id where s1_0.employee_id=?
Hibernate: select s1_0.employee_id,s1_1.id,s1_1.code,s1_1.created_at,s1_1.description,s1_1.name,s1_1.priority,s1_1.updated_at from employee_skills s1_0 join skills s1_1 on s1_1.id=s1_0.skill_id where s1_0.employee_id=?
2025-10-26T19:01:17.750+09:00 DEBUG 11972 --- [Shift Scheduler Demo] [           main] org.hibernate.SQL                        : select s1_0.employee_id,s1_1.id,s1_1.code,s1_1.created_at,s1_1.description,s1_1.name,s1_1.priority,s1_1.updated_at from employee_skills s1_0 join skills s1_1 on s1_1.id=s1_0.skill_id where s1_0.employee_id=?
Hibernate: select s1_0.employee_id,s1_1.id,s1_1.code,s1_1.created_at,s1_1.description,s1_1.name,s1_1.priority,s1_1.updated_at from employee_skills s1_0 join skills s1_1 on s1_1.id=s1_0.skill_id where s1_0.employee_id=?
2025-10-26T19:01:17.750+09:00 DEBUG 11972 --- [Shift Scheduler Demo] [           main] org.hibernate.SQL                        : select s1_0.employee_id,s1_1.id,s1_1.code,s1_1.created_at,s1_1.description,s1_1.name,s1_1.priority,s1_1.updated_at from employee_skills s1_0 join skills s1_1 on s1_1.id=s1_0.skill_id where s1_0.employee_id=?
Hibernate: select s1_0.employee_id,s1_1.id,s1_1.code,s1_1.created_at,s1_1.description,s1_1.name,s1_1.priority,s1_1.updated_at from employee_skills s1_0 join skills s1_1 on s1_1.id=s1_0.skill_id where s1_0.employee_id=?
2025-10-26T19:01:17.750+09:00 DEBUG 11972 --- [Shift Scheduler Demo] [           main] org.hibernate.SQL                        : select s1_0.employee_id,s1_1.id,s1_1.code,s1_1.created_at,s1_1.description,s1_1.name,s1_1.priority,s1_1.updated_at from employee_skills s1_0 join skills s1_1 on s1_1.id=s1_0.skill_id where s1_0.employee_id=?
Hibernate: select s1_0.employee_id,s1_1.id,s1_1.code,s1_1.created_at,s1_1.description,s1_1.name,s1_1.priority,s1_1.updated_at from employee_skills s1_0 join skills s1_1 on s1_1.id=s1_0.skill_id where s1_0.employee_id=?
2025-10-26T19:01:17.750+09:00 DEBUG 11972 --- [Shift Scheduler Demo] [           main] org.hibernate.SQL                        : select s1_0.employee_id,s1_1.id,s1_1.code,s1_1.created_at,s1_1.description,s1_1.name,s1_1.priority,s1_1.updated_at from employee_skills s1_0 join skills s1_1 on s1_1.id=s1_0.skill_id where s1_0.employee_id=?
Hibernate: select s1_0.employee_id,s1_1.id,s1_1.code,s1_1.created_at,s1_1.description,s1_1.name,s1_1.priority,s1_1.updated_at from employee_skills s1_0 join skills s1_1 on s1_1.id=s1_0.skill_id where s1_0.employee_id=?
2025-10-26T19:01:17.750+09:00 DEBUG 11972 --- [Shift Scheduler Demo] [           main] org.hibernate.SQL                        : select s1_0.employee_id,s1_1.id,s1_1.code,s1_1.created_at,s1_1.description,s1_1.name,s1_1.priority,s1_1.updated_at from employee_skills s1_0 join skills s1_1 on s1_1.id=s1_0.skill_id where s1_0.employee_id=?
Hibernate: select s1_0.employee_id,s1_1.id,s1_1.code,s1_1.created_at,s1_1.description,s1_1.name,s1_1.priority,s1_1.updated_at from employee_skills s1_0 join skills s1_1 on s1_1.id=s1_0.skill_id where s1_0.employee_id=?
2025-10-26T19:01:17.750+09:00 DEBUG 11972 --- [Shift Scheduler Demo] [           main] org.hibernate.SQL                        : select s1_0.employee_id,s1_1.id,s1_1.code,s1_1.created_at,s1_1.description,s1_1.name,s1_1.priority,s1_1.updated_at from employee_skills s1_0 join skills s1_1 on s1_1.id=s1_0.skill_id where s1_0.employee_id=?
Hibernate: select s1_0.employee_id,s1_1.id,s1_1.code,s1_1.created_at,s1_1.description,s1_1.name,s1_1.priority,s1_1.updated_at from employee_skills s1_0 join skills s1_1 on s1_1.id=s1_0.skill_id where s1_0.employee_id=?
2025-10-26T19:01:17.752+09:00 DEBUG 11972 --- [Shift Scheduler Demo] [           main] org.hibernate.SQL                        : select s1_0.employee_id,s1_1.id,s1_1.code,s1_1.created_at,s1_1.description,s1_1.name,s1_1.priority,s1_1.updated_at from employee_skills s1_0 join skills s1_1 on s1_1.id=s1_0.skill_id where s1_0.employee_id=?
Hibernate: select s1_0.employee_id,s1_1.id,s1_1.code,s1_1.created_at,s1_1.description,s1_1.name,s1_1.priority,s1_1.updated_at from employee_skills s1_0 join skills s1_1 on s1_1.id=s1_0.skill_id where s1_0.employee_id=?
2025-10-26T19:01:17.752+09:00 DEBUG 11972 --- [Shift Scheduler Demo] [           main] org.hibernate.SQL                        : select s1_0.employee_id,s1_1.id,s1_1.code,s1_1.created_at,s1_1.description,s1_1.name,s1_1.priority,s1_1.updated_at from employee_skills s1_0 join skills s1_1 on s1_1.id=s1_0.skill_id where s1_0.employee_id=?
Hibernate: select s1_0.employee_id,s1_1.id,s1_1.code,s1_1.created_at,s1_1.description,s1_1.name,s1_1.priority,s1_1.updated_at from employee_skills s1_0 join skills s1_1 on s1_1.id=s1_0.skill_id where s1_0.employee_id=?
2025-10-26T19:01:17.752+09:00 DEBUG 11972 --- [Shift Scheduler Demo] [           main] org.hibernate.SQL                        : select s1_0.employee_id,s1_1.id,s1_1.code,s1_1.created_at,s1_1.description,s1_1.name,s1_1.priority,s1_1.updated_at from employee_skills s1_0 join skills s1_1 on s1_1.id=s1_0.skill_id where s1_0.employee_id=?
Hibernate: select s1_0.employee_id,s1_1.id,s1_1.code,s1_1.created_at,s1_1.description,s1_1.name,s1_1.priority,s1_1.updated_at from employee_skills s1_0 join skills s1_1 on s1_1.id=s1_0.skill_id where s1_0.employee_id=?
2025-10-26T19:01:17.752+09:00 DEBUG 11972 --- [Shift Scheduler Demo] [           main] org.hibernate.SQL                        : select s1_0.employee_id,s1_1.id,s1_1.code,s1_1.created_at,s1_1.description,s1_1.name,s1_1.priority,s1_1.updated_at from employee_skills s1_0 join skills s1_1 on s1_1.id=s1_0.skill_id where s1_0.employee_id=?
Hibernate: select s1_0.employee_id,s1_1.id,s1_1.code,s1_1.created_at,s1_1.description,s1_1.name,s1_1.priority,s1_1.updated_at from employee_skills s1_0 join skills s1_1 on s1_1.id=s1_0.skill_id where s1_0.employee_id=?
2025-10-26T19:01:17.752+09:00 DEBUG 11972 --- [Shift Scheduler Demo] [           main] org.hibernate.SQL                        : select s1_0.employee_id,s1_1.id,s1_1.code,s1_1.created_at,s1_1.description,s1_1.name,s1_1.priority,s1_1.updated_at from employee_skills s1_0 join skills s1_1 on s1_1.id=s1_0.skill_id where s1_0.employee_id=?
Hibernate: select s1_0.employee_id,s1_1.id,s1_1.code,s1_1.created_at,s1_1.description,s1_1.name,s1_1.priority,s1_1.updated_at from employee_skills s1_0 join skills s1_1 on s1_1.id=s1_0.skill_id where s1_0.employee_id=?
2025-10-26T19:01:17.811+09:00 DEBUG 11972 --- [Shift Scheduler Demo] [           main] org.hibernate.SQL                        : select er1_0.id,er1_0.allow_holiday_work,er1_0.allow_multiple_shifts_per_day,er1_0.daily_max_hours,er1_0.employee_id,er1_0.max_consecutive_days,er1_0.min_rest_hours,er1_0.weekly_max_hours from employee_rules er1_0 left join employees e1_0 on e1_0.id=er1_0.employee_id where e1_0.id=?
Hibernate: select er1_0.id,er1_0.allow_holiday_work,er1_0.allow_multiple_shifts_per_day,er1_0.daily_max_hours,er1_0.employee_id,er1_0.max_consecutive_days,er1_0.min_rest_hours,er1_0.weekly_max_hours from employee_rules er1_0 left join employees e1_0 on e1_0.id=er1_0.employee_id where e1_0.id=?
2025-10-26T19:01:17.824+09:00 DEBUG 11972 --- [Shift Scheduler Demo] [           main] org.hibernate.SQL                        : select er1_0.id,er1_0.allow_holiday_work,er1_0.allow_multiple_shifts_per_day,er1_0.daily_max_hours,er1_0.employee_id,er1_0.max_consecutive_days,er1_0.min_rest_hours,er1_0.weekly_max_hours from employee_rules er1_0 left join employees e1_0 on e1_0.id=er1_0.employee_id where e1_0.id=?
Hibernate: select er1_0.id,er1_0.allow_holiday_work,er1_0.allow_multiple_shifts_per_day,er1_0.daily_max_hours,er1_0.employee_id,er1_0.max_consecutive_days,er1_0.min_rest_hours,er1_0.weekly_max_hours from employee_rules er1_0 left join employees e1_0 on e1_0.id=er1_0.employee_id where e1_0.id=?
2025-10-26T19:01:17.826+09:00 DEBUG 11972 --- [Shift Scheduler Demo] [           main] org.hibernate.SQL                        : select er1_0.id,er1_0.allow_holiday_work,er1_0.allow_multiple_shifts_per_day,er1_0.daily_max_hours,er1_0.employee_id,er1_0.max_consecutive_days,er1_0.min_rest_hours,er1_0.weekly_max_hours from employee_rules er1_0 left join employees e1_0 on e1_0.id=er1_0.employee_id where e1_0.id=?
Hibernate: select er1_0.id,er1_0.allow_holiday_work,er1_0.allow_multiple_shifts_per_day,er1_0.daily_max_hours,er1_0.employee_id,er1_0.max_consecutive_days,er1_0.min_rest_hours,er1_0.weekly_max_hours from employee_rules er1_0 left join employees e1_0 on e1_0.id=er1_0.employee_id where e1_0.id=?
2025-10-26T19:01:17.829+09:00 DEBUG 11972 --- [Shift Scheduler Demo] [           main] org.hibernate.SQL                        : select er1_0.id,er1_0.allow_holiday_work,er1_0.allow_multiple_shifts_per_day,er1_0.daily_max_hours,er1_0.employee_id,er1_0.max_consecutive_days,er1_0.min_rest_hours,er1_0.weekly_max_hours from employee_rules er1_0 left join employees e1_0 on e1_0.id=er1_0.employee_id where e1_0.id=?
Hibernate: select er1_0.id,er1_0.allow_holiday_work,er1_0.allow_multiple_shifts_per_day,er1_0.daily_max_hours,er1_0.employee_id,er1_0.max_consecutive_days,er1_0.min_rest_hours,er1_0.weekly_max_hours from employee_rules er1_0 left join employees e1_0 on e1_0.id=er1_0.employee_id where e1_0.id=?
2025-10-26T19:01:17.831+09:00 DEBUG 11972 --- [Shift Scheduler Demo] [           main] org.hibernate.SQL                        : select er1_0.id,er1_0.allow_holiday_work,er1_0.allow_multiple_shifts_per_day,er1_0.daily_max_hours,er1_0.employee_id,er1_0.max_consecutive_days,er1_0.min_rest_hours,er1_0.weekly_max_hours from employee_rules er1_0 left join employees e1_0 on e1_0.id=er1_0.employee_id where e1_0.id=?
Hibernate: select er1_0.id,er1_0.allow_holiday_work,er1_0.allow_multiple_shifts_per_day,er1_0.daily_max_hours,er1_0.employee_id,er1_0.max_consecutive_days,er1_0.min_rest_hours,er1_0.weekly_max_hours from employee_rules er1_0 left join employees e1_0 on e1_0.id=er1_0.employee_id where e1_0.id=?
2025-10-26T19:01:17.837+09:00 DEBUG 11972 --- [Shift Scheduler Demo] [           main] org.hibernate.SQL                        : select er1_0.id,er1_0.allow_holiday_work,er1_0.allow_multiple_shifts_per_day,er1_0.daily_max_hours,er1_0.employee_id,er1_0.max_consecutive_days,er1_0.min_rest_hours,er1_0.weekly_max_hours from employee_rules er1_0 left join employees e1_0 on e1_0.id=er1_0.employee_id where e1_0.id=?
Hibernate: select er1_0.id,er1_0.allow_holiday_work,er1_0.allow_multiple_shifts_per_day,er1_0.daily_max_hours,er1_0.employee_id,er1_0.max_consecutive_days,er1_0.min_rest_hours,er1_0.weekly_max_hours from employee_rules er1_0 left join employees e1_0 on e1_0.id=er1_0.employee_id where e1_0.id=?
2025-10-26T19:01:17.841+09:00 DEBUG 11972 --- [Shift Scheduler Demo] [           main] org.hibernate.SQL                        : select er1_0.id,er1_0.allow_holiday_work,er1_0.allow_multiple_shifts_per_day,er1_0.daily_max_hours,er1_0.employee_id,er1_0.max_consecutive_days,er1_0.min_rest_hours,er1_0.weekly_max_hours from employee_rules er1_0 left join employees e1_0 on e1_0.id=er1_0.employee_id where e1_0.id=?
Hibernate: select er1_0.id,er1_0.allow_holiday_work,er1_0.allow_multiple_shifts_per_day,er1_0.daily_max_hours,er1_0.employee_id,er1_0.max_consecutive_days,er1_0.min_rest_hours,er1_0.weekly_max_hours from employee_rules er1_0 left join employees e1_0 on e1_0.id=er1_0.employee_id where e1_0.id=?
2025-10-26T19:01:17.845+09:00 DEBUG 11972 --- [Shift Scheduler Demo] [           main] org.hibernate.SQL                        : select er1_0.id,er1_0.allow_holiday_work,er1_0.allow_multiple_shifts_per_day,er1_0.daily_max_hours,er1_0.employee_id,er1_0.max_consecutive_days,er1_0.min_rest_hours,er1_0.weekly_max_hours from employee_rules er1_0 left join employees e1_0 on e1_0.id=er1_0.employee_id where e1_0.id=?
Hibernate: select er1_0.id,er1_0.allow_holiday_work,er1_0.allow_multiple_shifts_per_day,er1_0.daily_max_hours,er1_0.employee_id,er1_0.max_consecutive_days,er1_0.min_rest_hours,er1_0.weekly_max_hours from employee_rules er1_0 left join employees e1_0 on e1_0.id=er1_0.employee_id where e1_0.id=?
2025-10-26T19:01:17.845+09:00 DEBUG 11972 --- [Shift Scheduler Demo] [           main] org.hibernate.SQL                        : select er1_0.id,er1_0.allow_holiday_work,er1_0.allow_multiple_shifts_per_day,er1_0.daily_max_hours,er1_0.employee_id,er1_0.max_consecutive_days,er1_0.min_rest_hours,er1_0.weekly_max_hours from employee_rules er1_0 left join employees e1_0 on e1_0.id=er1_0.employee_id where e1_0.id=?
Hibernate: select er1_0.id,er1_0.allow_holiday_work,er1_0.allow_multiple_shifts_per_day,er1_0.daily_max_hours,er1_0.employee_id,er1_0.max_consecutive_days,er1_0.min_rest_hours,er1_0.weekly_max_hours from employee_rules er1_0 left join employees e1_0 on e1_0.id=er1_0.employee_id where e1_0.id=?
2025-10-26T19:01:17.845+09:00 DEBUG 11972 --- [Shift Scheduler Demo] [           main] org.hibernate.SQL                        : select er1_0.id,er1_0.allow_holiday_work,er1_0.allow_multiple_shifts_per_day,er1_0.daily_max_hours,er1_0.employee_id,er1_0.max_consecutive_days,er1_0.min_rest_hours,er1_0.weekly_max_hours from employee_rules er1_0 left join employees e1_0 on e1_0.id=er1_0.employee_id where e1_0.id=?
Hibernate: select er1_0.id,er1_0.allow_holiday_work,er1_0.allow_multiple_shifts_per_day,er1_0.daily_max_hours,er1_0.employee_id,er1_0.max_consecutive_days,er1_0.min_rest_hours,er1_0.weekly_max_hours from employee_rules er1_0 left join employees e1_0 on e1_0.id=er1_0.employee_id where e1_0.id=?
2025-10-26T19:01:17.845+09:00 DEBUG 11972 --- [Shift Scheduler Demo] [           main] org.hibernate.SQL                        : select er1_0.id,er1_0.allow_holiday_work,er1_0.allow_multiple_shifts_per_day,er1_0.daily_max_hours,er1_0.employee_id,er1_0.max_consecutive_days,er1_0.min_rest_hours,er1_0.weekly_max_hours from employee_rules er1_0 left join employees e1_0 on e1_0.id=er1_0.employee_id where e1_0.id=?
Hibernate: select er1_0.id,er1_0.allow_holiday_work,er1_0.allow_multiple_shifts_per_day,er1_0.daily_max_hours,er1_0.employee_id,er1_0.max_consecutive_days,er1_0.min_rest_hours,er1_0.weekly_max_hours from employee_rules er1_0 left join employees e1_0 on e1_0.id=er1_0.employee_id where e1_0.id=?
2025-10-26T19:01:17.845+09:00 DEBUG 11972 --- [Shift Scheduler Demo] [           main] org.hibernate.SQL                        : select er1_0.id,er1_0.allow_holiday_work,er1_0.allow_multiple_shifts_per_day,er1_0.daily_max_hours,er1_0.employee_id,er1_0.max_consecutive_days,er1_0.min_rest_hours,er1_0.weekly_max_hours from employee_rules er1_0 left join employees e1_0 on e1_0.id=er1_0.employee_id where e1_0.id=?
Hibernate: select er1_0.id,er1_0.allow_holiday_work,er1_0.allow_multiple_shifts_per_day,er1_0.daily_max_hours,er1_0.employee_id,er1_0.max_consecutive_days,er1_0.min_rest_hours,er1_0.weekly_max_hours from employee_rules er1_0 left join employees e1_0 on e1_0.id=er1_0.employee_id where e1_0.id=?
2025-10-26T19:01:17.845+09:00 DEBUG 11972 --- [Shift Scheduler Demo] [           main] org.hibernate.SQL                        : select er1_0.id,er1_0.allow_holiday_work,er1_0.allow_multiple_shifts_per_day,er1_0.daily_max_hours,er1_0.employee_id,er1_0.max_consecutive_days,er1_0.min_rest_hours,er1_0.weekly_max_hours from employee_rules er1_0 left join employees e1_0 on e1_0.id=er1_0.employee_id where e1_0.id=?
Hibernate: select er1_0.id,er1_0.allow_holiday_work,er1_0.allow_multiple_shifts_per_day,er1_0.daily_max_hours,er1_0.employee_id,er1_0.max_consecutive_days,er1_0.min_rest_hours,er1_0.weekly_max_hours from employee_rules er1_0 left join employees e1_0 on e1_0.id=er1_0.employee_id where e1_0.id=?
2025-10-26T19:01:17.860+09:00 DEBUG 11972 --- [Shift Scheduler Demo] [           main] org.hibernate.SQL                        : select er1_0.id,er1_0.allow_holiday_work,er1_0.allow_multiple_shifts_per_day,er1_0.daily_max_hours,er1_0.employee_id,er1_0.max_consecutive_days,er1_0.min_rest_hours,er1_0.weekly_max_hours from employee_rules er1_0 left join employees e1_0 on e1_0.id=er1_0.employee_id where e1_0.id=?
Hibernate: select er1_0.id,er1_0.allow_holiday_work,er1_0.allow_multiple_shifts_per_day,er1_0.daily_max_hours,er1_0.employee_id,er1_0.max_consecutive_days,er1_0.min_rest_hours,er1_0.weekly_max_hours from employee_rules er1_0 left join employees e1_0 on e1_0.id=er1_0.employee_id where e1_0.id=?
2025-10-26T19:01:17.865+09:00 DEBUG 11972 --- [Shift Scheduler Demo] [           main] org.hibernate.SQL                        : select er1_0.id,er1_0.allow_holiday_work,er1_0.allow_multiple_shifts_per_day,er1_0.daily_max_hours,er1_0.employee_id,er1_0.max_consecutive_days,er1_0.min_rest_hours,er1_0.weekly_max_hours from employee_rules er1_0 left join employees e1_0 on e1_0.id=er1_0.employee_id where e1_0.id=?
Hibernate: select er1_0.id,er1_0.allow_holiday_work,er1_0.allow_multiple_shifts_per_day,er1_0.daily_max_hours,er1_0.employee_id,er1_0.max_consecutive_days,er1_0.min_rest_hours,er1_0.weekly_max_hours from employee_rules er1_0 left join employees e1_0 on e1_0.id=er1_0.employee_id where e1_0.id=?
2025-10-26T19:01:17.867+09:00 DEBUG 11972 --- [Shift Scheduler Demo] [           main] org.hibernate.SQL                        : select er1_0.id,er1_0.allow_holiday_work,er1_0.allow_multiple_shifts_per_day,er1_0.daily_max_hours,er1_0.employee_id,er1_0.max_consecutive_days,er1_0.min_rest_hours,er1_0.weekly_max_hours from employee_rules er1_0 left join employees e1_0 on e1_0.id=er1_0.employee_id where e1_0.id=?
Hibernate: select er1_0.id,er1_0.allow_holiday_work,er1_0.allow_multiple_shifts_per_day,er1_0.daily_max_hours,er1_0.employee_id,er1_0.max_consecutive_days,er1_0.min_rest_hours,er1_0.weekly_max_hours from employee_rules er1_0 left join employees e1_0 on e1_0.id=er1_0.employee_id where e1_0.id=?
2025-10-26T19:01:17.871+09:00 DEBUG 11972 --- [Shift Scheduler Demo] [           main] org.hibernate.SQL                        : select er1_0.id,er1_0.allow_holiday_work,er1_0.allow_multiple_shifts_per_day,er1_0.daily_max_hours,er1_0.employee_id,er1_0.max_consecutive_days,er1_0.min_rest_hours,er1_0.weekly_max_hours from employee_rules er1_0 left join employees e1_0 on e1_0.id=er1_0.employee_id where e1_0.id=?
Hibernate: select er1_0.id,er1_0.allow_holiday_work,er1_0.allow_multiple_shifts_per_day,er1_0.daily_max_hours,er1_0.employee_id,er1_0.max_consecutive_days,er1_0.min_rest_hours,er1_0.weekly_max_hours from employee_rules er1_0 left join employees e1_0 on e1_0.id=er1_0.employee_id where e1_0.id=?
2025-10-26T19:01:17.873+09:00 DEBUG 11972 --- [Shift Scheduler Demo] [           main] org.hibernate.SQL                        : select er1_0.id,er1_0.allow_holiday_work,er1_0.allow_multiple_shifts_per_day,er1_0.daily_max_hours,er1_0.employee_id,er1_0.max_consecutive_days,er1_0.min_rest_hours,er1_0.weekly_max_hours from employee_rules er1_0 left join employees e1_0 on e1_0.id=er1_0.employee_id where e1_0.id=?
Hibernate: select er1_0.id,er1_0.allow_holiday_work,er1_0.allow_multiple_shifts_per_day,er1_0.daily_max_hours,er1_0.employee_id,er1_0.max_consecutive_days,er1_0.min_rest_hours,er1_0.weekly_max_hours from employee_rules er1_0 left join employees e1_0 on e1_0.id=er1_0.employee_id where e1_0.id=?
2025-10-26T19:01:17.875+09:00 DEBUG 11972 --- [Shift Scheduler Demo] [           main] org.hibernate.SQL                        : select er1_0.id,er1_0.allow_holiday_work,er1_0.allow_multiple_shifts_per_day,er1_0.daily_max_hours,er1_0.employee_id,er1_0.max_consecutive_days,er1_0.min_rest_hours,er1_0.weekly_max_hours from employee_rules er1_0 left join employees e1_0 on e1_0.id=er1_0.employee_id where e1_0.id=?
Hibernate: select er1_0.id,er1_0.allow_holiday_work,er1_0.allow_multiple_shifts_per_day,er1_0.daily_max_hours,er1_0.employee_id,er1_0.max_consecutive_days,er1_0.min_rest_hours,er1_0.weekly_max_hours from employee_rules er1_0 left join employees e1_0 on e1_0.id=er1_0.employee_id where e1_0.id=?
2025-10-26T19:01:17.906+09:00 DEBUG 11972 --- [Shift Scheduler Demo] [           main] org.hibernate.SQL                        : select er1_0.id,er1_0.allow_holiday_work,er1_0.allow_multiple_shifts_per_day,er1_0.daily_max_hours,er1_0.employee_id,er1_0.max_consecutive_days,er1_0.min_rest_hours,er1_0.weekly_max_hours from employee_rules er1_0 left join employees e1_0 on e1_0.id=er1_0.employee_id where e1_0.id=?
Hibernate: select er1_0.id,er1_0.allow_holiday_work,er1_0.allow_multiple_shifts_per_day,er1_0.daily_max_hours,er1_0.employee_id,er1_0.max_consecutive_days,er1_0.min_rest_hours,er1_0.weekly_max_hours from employee_rules er1_0 left join employees e1_0 on e1_0.id=er1_0.employee_id where e1_0.id=?
2025-10-26T19:01:17.909+09:00 DEBUG 11972 --- [Shift Scheduler Demo] [           main] org.hibernate.SQL                        : select er1_0.id,er1_0.allow_holiday_work,er1_0.allow_multiple_shifts_per_day,er1_0.daily_max_hours,er1_0.employee_id,er1_0.max_consecutive_days,er1_0.min_rest_hours,er1_0.weekly_max_hours from employee_rules er1_0 left join employees e1_0 on e1_0.id=er1_0.employee_id where e1_0.id=?
Hibernate: select er1_0.id,er1_0.allow_holiday_work,er1_0.allow_multiple_shifts_per_day,er1_0.daily_max_hours,er1_0.employee_id,er1_0.max_consecutive_days,er1_0.min_rest_hours,er1_0.weekly_max_hours from employee_rules er1_0 left join employees e1_0 on e1_0.id=er1_0.employee_id where e1_0.id=?
2025-10-26T19:01:17.917+09:00 DEBUG 11972 --- [Shift Scheduler Demo] [           main] org.hibernate.SQL                        : select er1_0.id,er1_0.allow_holiday_work,er1_0.allow_multiple_shifts_per_day,er1_0.daily_max_hours,er1_0.employee_id,er1_0.max_consecutive_days,er1_0.min_rest_hours,er1_0.weekly_max_hours from employee_rules er1_0 left join employees e1_0 on e1_0.id=er1_0.employee_id where e1_0.id=?
Hibernate: select er1_0.id,er1_0.allow_holiday_work,er1_0.allow_multiple_shifts_per_day,er1_0.daily_max_hours,er1_0.employee_id,er1_0.max_consecutive_days,er1_0.min_rest_hours,er1_0.weekly_max_hours from employee_rules er1_0 left join employees e1_0 on e1_0.id=er1_0.employee_id where e1_0.id=?
2025-10-26T19:01:17.919+09:00 DEBUG 11972 --- [Shift Scheduler Demo] [           main] org.hibernate.SQL                        : select er1_0.id,er1_0.allow_holiday_work,er1_0.allow_multiple_shifts_per_day,er1_0.daily_max_hours,er1_0.employee_id,er1_0.max_consecutive_days,er1_0.min_rest_hours,er1_0.weekly_max_hours from employee_rules er1_0 left join employees e1_0 on e1_0.id=er1_0.employee_id where e1_0.id=?
Hibernate: select er1_0.id,er1_0.allow_holiday_work,er1_0.allow_multiple_shifts_per_day,er1_0.daily_max_hours,er1_0.employee_id,er1_0.max_consecutive_days,er1_0.min_rest_hours,er1_0.weekly_max_hours from employee_rules er1_0 left join employees e1_0 on e1_0.id=er1_0.employee_id where e1_0.id=?
2025-10-26T19:01:17.921+09:00 DEBUG 11972 --- [Shift Scheduler Demo] [           main] org.hibernate.SQL                        : select er1_0.id,er1_0.allow_holiday_work,er1_0.allow_multiple_shifts_per_day,er1_0.daily_max_hours,er1_0.employee_id,er1_0.max_consecutive_days,er1_0.min_rest_hours,er1_0.weekly_max_hours from employee_rules er1_0 left join employees e1_0 on e1_0.id=er1_0.employee_id where e1_0.id=?
Hibernate: select er1_0.id,er1_0.allow_holiday_work,er1_0.allow_multiple_shifts_per_day,er1_0.daily_max_hours,er1_0.employee_id,er1_0.max_consecutive_days,er1_0.min_rest_hours,er1_0.weekly_max_hours from employee_rules er1_0 left join employees e1_0 on e1_0.id=er1_0.employee_id where e1_0.id=?
2025-10-26T19:01:17.922+09:00 DEBUG 11972 --- [Shift Scheduler Demo] [           main] org.hibernate.SQL                        : select er1_0.id,er1_0.allow_holiday_work,er1_0.allow_multiple_shifts_per_day,er1_0.daily_max_hours,er1_0.employee_id,er1_0.max_consecutive_days,er1_0.min_rest_hours,er1_0.weekly_max_hours from employee_rules er1_0 left join employees e1_0 on e1_0.id=er1_0.employee_id where e1_0.id=?
Hibernate: select er1_0.id,er1_0.allow_holiday_work,er1_0.allow_multiple_shifts_per_day,er1_0.daily_max_hours,er1_0.employee_id,er1_0.max_consecutive_days,er1_0.min_rest_hours,er1_0.weekly_max_hours from employee_rules er1_0 left join employees e1_0 on e1_0.id=er1_0.employee_id where e1_0.id=?
2025-10-26T19:01:17.925+09:00 DEBUG 11972 --- [Shift Scheduler Demo] [           main] org.hibernate.SQL                        : select er1_0.id,er1_0.allow_holiday_work,er1_0.allow_multiple_shifts_per_day,er1_0.daily_max_hours,er1_0.employee_id,er1_0.max_consecutive_days,er1_0.min_rest_hours,er1_0.weekly_max_hours from employee_rules er1_0 left join employees e1_0 on e1_0.id=er1_0.employee_id where e1_0.id=?
Hibernate: select er1_0.id,er1_0.allow_holiday_work,er1_0.allow_multiple_shifts_per_day,er1_0.daily_max_hours,er1_0.employee_id,er1_0.max_consecutive_days,er1_0.min_rest_hours,er1_0.weekly_max_hours from employee_rules er1_0 left join employees e1_0 on e1_0.id=er1_0.employee_id where e1_0.id=?
2025-10-26T19:01:17.927+09:00 DEBUG 11972 --- [Shift Scheduler Demo] [           main] org.hibernate.SQL                        : select er1_0.id,er1_0.allow_holiday_work,er1_0.allow_multiple_shifts_per_day,er1_0.daily_max_hours,er1_0.employee_id,er1_0.max_consecutive_days,er1_0.min_rest_hours,er1_0.weekly_max_hours from employee_rules er1_0 left join employees e1_0 on e1_0.id=er1_0.employee_id where e1_0.id=?
Hibernate: select er1_0.id,er1_0.allow_holiday_work,er1_0.allow_multiple_shifts_per_day,er1_0.daily_max_hours,er1_0.employee_id,er1_0.max_consecutive_days,er1_0.min_rest_hours,er1_0.weekly_max_hours from employee_rules er1_0 left join employees e1_0 on e1_0.id=er1_0.employee_id where e1_0.id=?
2025-10-26T19:01:17.930+09:00 DEBUG 11972 --- [Shift Scheduler Demo] [           main] org.hibernate.SQL                        : select er1_0.id,er1_0.allow_holiday_work,er1_0.allow_multiple_shifts_per_day,er1_0.daily_max_hours,er1_0.employee_id,er1_0.max_consecutive_days,er1_0.min_rest_hours,er1_0.weekly_max_hours from employee_rules er1_0 left join employees e1_0 on e1_0.id=er1_0.employee_id where e1_0.id=?
Hibernate: select er1_0.id,er1_0.allow_holiday_work,er1_0.allow_multiple_shifts_per_day,er1_0.daily_max_hours,er1_0.employee_id,er1_0.max_consecutive_days,er1_0.min_rest_hours,er1_0.weekly_max_hours from employee_rules er1_0 left join employees e1_0 on e1_0.id=er1_0.employee_id where e1_0.id=?
2025-10-26T19:01:17.934+09:00 DEBUG 11972 --- [Shift Scheduler Demo] [           main] org.hibernate.SQL                        : select er1_0.id,er1_0.allow_holiday_work,er1_0.allow_multiple_shifts_per_day,er1_0.daily_max_hours,er1_0.employee_id,er1_0.max_consecutive_days,er1_0.min_rest_hours,er1_0.weekly_max_hours from employee_rules er1_0 left join employees e1_0 on e1_0.id=er1_0.employee_id where e1_0.id=?
Hibernate: select er1_0.id,er1_0.allow_holiday_work,er1_0.allow_multiple_shifts_per_day,er1_0.daily_max_hours,er1_0.employee_id,er1_0.max_consecutive_days,er1_0.min_rest_hours,er1_0.weekly_max_hours from employee_rules er1_0 left join employees e1_0 on e1_0.id=er1_0.employee_id where e1_0.id=?
2025-10-26T19:01:17.936+09:00 DEBUG 11972 --- [Shift Scheduler Demo] [           main] org.hibernate.SQL                        : select er1_0.id,er1_0.allow_holiday_work,er1_0.allow_multiple_shifts_per_day,er1_0.daily_max_hours,er1_0.employee_id,er1_0.max_consecutive_days,er1_0.min_rest_hours,er1_0.weekly_max_hours from employee_rules er1_0 left join employees e1_0 on e1_0.id=er1_0.employee_id where e1_0.id=?
Hibernate: select er1_0.id,er1_0.allow_holiday_work,er1_0.allow_multiple_shifts_per_day,er1_0.daily_max_hours,er1_0.employee_id,er1_0.max_consecutive_days,er1_0.min_rest_hours,er1_0.weekly_max_hours from employee_rules er1_0 left join employees e1_0 on e1_0.id=er1_0.employee_id where e1_0.id=?
2025-10-26T19:01:17.936+09:00 DEBUG 11972 --- [Shift Scheduler Demo] [           main] org.hibernate.SQL                        : select count(*) from shift_change_requests scr1_0
Hibernate: select count(*) from shift_change_requests scr1_0
2025-10-26T19:01:17.936+09:00  INFO 11972 --- [Shift Scheduler Demo] [           main] c.e.s.s.ShiftChangeDataInitializer       : �V�t�g�ύX�\���f�[�^�͊��ɑ��݂��܂�
2025-10-26T19:01:17.945+09:00 DEBUG 11972 --- [Shift Scheduler Demo] [           main] org.hibernate.SQL                        : select u1_0.id from users u1_0 where u1_0.username=? limit ?
Hibernate: select u1_0.id from users u1_0 where u1_0.username=? limit ?
2025-10-26T19:01:17.948+09:00 DEBUG 11972 --- [Shift Scheduler Demo] [           main] org.hibernate.SQL                        : select u1_0.id from users u1_0 where u1_0.username=? limit ?
Hibernate: select u1_0.id from users u1_0 where u1_0.username=? limit ?
2025-10-26T19:01:17.948+09:00  INFO 11972 --- [Shift Scheduler Demo] [           main] c.e.shiftv1.auth.UserDataInitializer     : ���[�U�[�f�[�^�̏��������������܂���
2025-10-26T19:01:17.948+09:00  INFO 11972 --- [Shift Scheduler Demo] [           main] c.e.s.config.ShiftConfigDataInitializer  : ShiftConfig seeding is disabled (legacy morning/evening/weekend not created).
2025-10-26T19:01:17.948+09:00 DEBUG 11972 --- [Shift Scheduler Demo] [           main] org.hibernate.SQL                        : select er1_0.id,er1_0.allow_holiday_work,er1_0.allow_multiple_shifts_per_day,er1_0.daily_max_hours,er1_0.employee_id,er1_0.max_consecutive_days,er1_0.min_rest_hours,er1_0.weekly_max_hours from employee_rules er1_0
Hibernate: select er1_0.id,er1_0.allow_holiday_work,er1_0.allow_multiple_shifts_per_day,er1_0.daily_max_hours,er1_0.employee_id,er1_0.max_consecutive_days,er1_0.min_rest_hours,er1_0.weekly_max_hours from employee_rules er1_0
2025-10-26T19:01:17.948+09:00 DEBUG 11972 --- [Shift Scheduler Demo] [           main] org.hibernate.SQL                        : select e1_0.id,e1_0.created_at,e1_0.eligible_full,e1_0.eligible_short_afternoon,e1_0.eligible_short_morning,e1_0.name,e1_0.overtime_allowed,e1_0.overtime_daily_max_hours,e1_0.overtime_weekly_max_hours,e1_0.role from employees e1_0
Hibernate: select e1_0.id,e1_0.created_at,e1_0.eligible_full,e1_0.eligible_short_afternoon,e1_0.eligible_short_morning,e1_0.name,e1_0.overtime_allowed,e1_0.overtime_daily_max_hours,e1_0.overtime_weekly_max_hours,e1_0.role from employees e1_0
2025-10-26T19:01:17.948+09:00 DEBUG 11972 --- [Shift Scheduler Demo] [           main] org.hibernate.SQL                        : select s1_0.employee_id,s1_1.id,s1_1.code,s1_1.created_at,s1_1.description,s1_1.name,s1_1.priority,s1_1.updated_at from employee_skills s1_0 join skills s1_1 on s1_1.id=s1_0.skill_id where s1_0.employee_id=?
Hibernate: select s1_0.employee_id,s1_1.id,s1_1.code,s1_1.created_at,s1_1.description,s1_1.name,s1_1.priority,s1_1.updated_at from employee_skills s1_0 join skills s1_1 on s1_1.id=s1_0.skill_id where s1_0.employee_id=?
2025-10-26T19:01:17.948+09:00 DEBUG 11972 --- [Shift Scheduler Demo] [           main] org.hibernate.SQL                        : select s1_0.employee_id,s1_1.id,s1_1.code,s1_1.created_at,s1_1.description,s1_1.name,s1_1.priority,s1_1.updated_at from employee_skills s1_0 join skills s1_1 on s1_1.id=s1_0.skill_id where s1_0.employee_id=?
Hibernate: select s1_0.employee_id,s1_1.id,s1_1.code,s1_1.created_at,s1_1.description,s1_1.name,s1_1.priority,s1_1.updated_at from employee_skills s1_0 join skills s1_1 on s1_1.id=s1_0.skill_id where s1_0.employee_id=?
2025-10-26T19:01:17.960+09:00 DEBUG 11972 --- [Shift Scheduler Demo] [           main] org.hibernate.SQL                        : select s1_0.employee_id,s1_1.id,s1_1.code,s1_1.created_at,s1_1.description,s1_1.name,s1_1.priority,s1_1.updated_at from employee_skills s1_0 join skills s1_1 on s1_1.id=s1_0.skill_id where s1_0.employee_id=?
Hibernate: select s1_0.employee_id,s1_1.id,s1_1.code,s1_1.created_at,s1_1.description,s1_1.name,s1_1.priority,s1_1.updated_at from employee_skills s1_0 join skills s1_1 on s1_1.id=s1_0.skill_id where s1_0.employee_id=?
2025-10-26T19:01:17.960+09:00 DEBUG 11972 --- [Shift Scheduler Demo] [           main] org.hibernate.SQL                        : select s1_0.employee_id,s1_1.id,s1_1.code,s1_1.created_at,s1_1.description,s1_1.name,s1_1.priority,s1_1.updated_at from employee_skills s1_0 join skills s1_1 on s1_1.id=s1_0.skill_id where s1_0.employee_id=?
Hibernate: select s1_0.employee_id,s1_1.id,s1_1.code,s1_1.created_at,s1_1.description,s1_1.name,s1_1.priority,s1_1.updated_at from employee_skills s1_0 join skills s1_1 on s1_1.id=s1_0.skill_id where s1_0.employee_id=?
2025-10-26T19:01:17.960+09:00 DEBUG 11972 --- [Shift Scheduler Demo] [           main] org.hibernate.SQL                        : select s1_0.employee_id,s1_1.id,s1_1.code,s1_1.created_at,s1_1.description,s1_1.name,s1_1.priority,s1_1.updated_at from employee_skills s1_0 join skills s1_1 on s1_1.id=s1_0.skill_id where s1_0.employee_id=?
Hibernate: select s1_0.employee_id,s1_1.id,s1_1.code,s1_1.created_at,s1_1.description,s1_1.name,s1_1.priority,s1_1.updated_at from employee_skills s1_0 join skills s1_1 on s1_1.id=s1_0.skill_id where s1_0.employee_id=?
2025-10-26T19:01:17.962+09:00 DEBUG 11972 --- [Shift Scheduler Demo] [           main] org.hibernate.SQL                        : select s1_0.employee_id,s1_1.id,s1_1.code,s1_1.created_at,s1_1.description,s1_1.name,s1_1.priority,s1_1.updated_at from employee_skills s1_0 join skills s1_1 on s1_1.id=s1_0.skill_id where s1_0.employee_id=?
Hibernate: select s1_0.employee_id,s1_1.id,s1_1.code,s1_1.created_at,s1_1.description,s1_1.name,s1_1.priority,s1_1.updated_at from employee_skills s1_0 join skills s1_1 on s1_1.id=s1_0.skill_id where s1_0.employee_id=?
2025-10-26T19:01:17.962+09:00 DEBUG 11972 --- [Shift Scheduler Demo] [           main] org.hibernate.SQL                        : select s1_0.employee_id,s1_1.id,s1_1.code,s1_1.created_at,s1_1.description,s1_1.name,s1_1.priority,s1_1.updated_at from employee_skills s1_0 join skills s1_1 on s1_1.id=s1_0.skill_id where s1_0.employee_id=?
Hibernate: select s1_0.employee_id,s1_1.id,s1_1.code,s1_1.created_at,s1_1.description,s1_1.name,s1_1.priority,s1_1.updated_at from employee_skills s1_0 join skills s1_1 on s1_1.id=s1_0.skill_id where s1_0.employee_id=?
2025-10-26T19:01:17.962+09:00 DEBUG 11972 --- [Shift Scheduler Demo] [           main] org.hibernate.SQL                        : select s1_0.employee_id,s1_1.id,s1_1.code,s1_1.created_at,s1_1.description,s1_1.name,s1_1.priority,s1_1.updated_at from employee_skills s1_0 join skills s1_1 on s1_1.id=s1_0.skill_id where s1_0.employee_id=?
Hibernate: select s1_0.employee_id,s1_1.id,s1_1.code,s1_1.created_at,s1_1.description,s1_1.name,s1_1.priority,s1_1.updated_at from employee_skills s1_0 join skills s1_1 on s1_1.id=s1_0.skill_id where s1_0.employee_id=?
2025-10-26T19:01:17.962+09:00 DEBUG 11972 --- [Shift Scheduler Demo] [           main] org.hibernate.SQL                        : select s1_0.employee_id,s1_1.id,s1_1.code,s1_1.created_at,s1_1.description,s1_1.name,s1_1.priority,s1_1.updated_at from employee_skills s1_0 join skills s1_1 on s1_1.id=s1_0.skill_id where s1_0.employee_id=?
Hibernate: select s1_0.employee_id,s1_1.id,s1_1.code,s1_1.created_at,s1_1.description,s1_1.name,s1_1.priority,s1_1.updated_at from employee_skills s1_0 join skills s1_1 on s1_1.id=s1_0.skill_id where s1_0.employee_id=?
2025-10-26T19:01:17.962+09:00 DEBUG 11972 --- [Shift Scheduler Demo] [           main] org.hibernate.SQL                        : select s1_0.employee_id,s1_1.id,s1_1.code,s1_1.created_at,s1_1.description,s1_1.name,s1_1.priority,s1_1.updated_at from employee_skills s1_0 join skills s1_1 on s1_1.id=s1_0.skill_id where s1_0.employee_id=?
Hibernate: select s1_0.employee_id,s1_1.id,s1_1.code,s1_1.created_at,s1_1.description,s1_1.name,s1_1.priority,s1_1.updated_at from employee_skills s1_0 join skills s1_1 on s1_1.id=s1_0.skill_id where s1_0.employee_id=?
2025-10-26T19:01:17.962+09:00 DEBUG 11972 --- [Shift Scheduler Demo] [           main] org.hibernate.SQL                        : select s1_0.employee_id,s1_1.id,s1_1.code,s1_1.created_at,s1_1.description,s1_1.name,s1_1.priority,s1_1.updated_at from employee_skills s1_0 join skills s1_1 on s1_1.id=s1_0.skill_id where s1_0.employee_id=?
Hibernate: select s1_0.employee_id,s1_1.id,s1_1.code,s1_1.created_at,s1_1.description,s1_1.name,s1_1.priority,s1_1.updated_at from employee_skills s1_0 join skills s1_1 on s1_1.id=s1_0.skill_id where s1_0.employee_id=?
2025-10-26T19:01:17.962+09:00 DEBUG 11972 --- [Shift Scheduler Demo] [           main] org.hibernate.SQL                        : select s1_0.employee_id,s1_1.id,s1_1.code,s1_1.created_at,s1_1.description,s1_1.name,s1_1.priority,s1_1.updated_at from employee_skills s1_0 join skills s1_1 on s1_1.id=s1_0.skill_id where s1_0.employee_id=?
Hibernate: select s1_0.employee_id,s1_1.id,s1_1.code,s1_1.created_at,s1_1.description,s1_1.name,s1_1.priority,s1_1.updated_at from employee_skills s1_0 join skills s1_1 on s1_1.id=s1_0.skill_id where s1_0.employee_id=?
2025-10-26T19:01:17.962+09:00 DEBUG 11972 --- [Shift Scheduler Demo] [           main] org.hibernate.SQL                        : select s1_0.employee_id,s1_1.id,s1_1.code,s1_1.created_at,s1_1.description,s1_1.name,s1_1.priority,s1_1.updated_at from employee_skills s1_0 join skills s1_1 on s1_1.id=s1_0.skill_id where s1_0.employee_id=?
Hibernate: select s1_0.employee_id,s1_1.id,s1_1.code,s1_1.created_at,s1_1.description,s1_1.name,s1_1.priority,s1_1.updated_at from employee_skills s1_0 join skills s1_1 on s1_1.id=s1_0.skill_id where s1_0.employee_id=?
2025-10-26T19:01:17.962+09:00 DEBUG 11972 --- [Shift Scheduler Demo] [           main] org.hibernate.SQL                        : select s1_0.employee_id,s1_1.id,s1_1.code,s1_1.created_at,s1_1.description,s1_1.name,s1_1.priority,s1_1.updated_at from employee_skills s1_0 join skills s1_1 on s1_1.id=s1_0.skill_id where s1_0.employee_id=?
Hibernate: select s1_0.employee_id,s1_1.id,s1_1.code,s1_1.created_at,s1_1.description,s1_1.name,s1_1.priority,s1_1.updated_at from employee_skills s1_0 join skills s1_1 on s1_1.id=s1_0.skill_id where s1_0.employee_id=?
2025-10-26T19:01:17.967+09:00 DEBUG 11972 --- [Shift Scheduler Demo] [           main] org.hibernate.SQL                        : select s1_0.employee_id,s1_1.id,s1_1.code,s1_1.created_at,s1_1.description,s1_1.name,s1_1.priority,s1_1.updated_at from employee_skills s1_0 join skills s1_1 on s1_1.id=s1_0.skill_id where s1_0.employee_id=?
Hibernate: select s1_0.employee_id,s1_1.id,s1_1.code,s1_1.created_at,s1_1.description,s1_1.name,s1_1.priority,s1_1.updated_at from employee_skills s1_0 join skills s1_1 on s1_1.id=s1_0.skill_id where s1_0.employee_id=?
2025-10-26T19:01:17.967+09:00 DEBUG 11972 --- [Shift Scheduler Demo] [           main] org.hibernate.SQL                        : select s1_0.employee_id,s1_1.id,s1_1.code,s1_1.created_at,s1_1.description,s1_1.name,s1_1.priority,s1_1.updated_at from employee_skills s1_0 join skills s1_1 on s1_1.id=s1_0.skill_id where s1_0.employee_id=?
Hibernate: select s1_0.employee_id,s1_1.id,s1_1.code,s1_1.created_at,s1_1.description,s1_1.name,s1_1.priority,s1_1.updated_at from employee_skills s1_0 join skills s1_1 on s1_1.id=s1_0.skill_id where s1_0.employee_id=?
2025-10-26T19:01:17.967+09:00 DEBUG 11972 --- [Shift Scheduler Demo] [           main] org.hibernate.SQL                        : select s1_0.employee_id,s1_1.id,s1_1.code,s1_1.created_at,s1_1.description,s1_1.name,s1_1.priority,s1_1.updated_at from employee_skills s1_0 join skills s1_1 on s1_1.id=s1_0.skill_id where s1_0.employee_id=?
Hibernate: select s1_0.employee_id,s1_1.id,s1_1.code,s1_1.created_at,s1_1.description,s1_1.name,s1_1.priority,s1_1.updated_at from employee_skills s1_0 join skills s1_1 on s1_1.id=s1_0.skill_id where s1_0.employee_id=?
2025-10-26T19:01:17.967+09:00 DEBUG 11972 --- [Shift Scheduler Demo] [           main] org.hibernate.SQL                        : select s1_0.employee_id,s1_1.id,s1_1.code,s1_1.created_at,s1_1.description,s1_1.name,s1_1.priority,s1_1.updated_at from employee_skills s1_0 join skills s1_1 on s1_1.id=s1_0.skill_id where s1_0.employee_id=?
Hibernate: select s1_0.employee_id,s1_1.id,s1_1.code,s1_1.created_at,s1_1.description,s1_1.name,s1_1.priority,s1_1.updated_at from employee_skills s1_0 join skills s1_1 on s1_1.id=s1_0.skill_id where s1_0.employee_id=?
2025-10-26T19:01:17.967+09:00 DEBUG 11972 --- [Shift Scheduler Demo] [           main] org.hibernate.SQL                        : select s1_0.employee_id,s1_1.id,s1_1.code,s1_1.created_at,s1_1.description,s1_1.name,s1_1.priority,s1_1.updated_at from employee_skills s1_0 join skills s1_1 on s1_1.id=s1_0.skill_id where s1_0.employee_id=?
Hibernate: select s1_0.employee_id,s1_1.id,s1_1.code,s1_1.created_at,s1_1.description,s1_1.name,s1_1.priority,s1_1.updated_at from employee_skills s1_0 join skills s1_1 on s1_1.id=s1_0.skill_id where s1_0.employee_id=?
2025-10-26T19:01:17.967+09:00 DEBUG 11972 --- [Shift Scheduler Demo] [           main] org.hibernate.SQL                        : select s1_0.employee_id,s1_1.id,s1_1.code,s1_1.created_at,s1_1.description,s1_1.name,s1_1.priority,s1_1.updated_at from employee_skills s1_0 join skills s1_1 on s1_1.id=s1_0.skill_id where s1_0.employee_id=?
Hibernate: select s1_0.employee_id,s1_1.id,s1_1.code,s1_1.created_at,s1_1.description,s1_1.name,s1_1.priority,s1_1.updated_at from employee_skills s1_0 join skills s1_1 on s1_1.id=s1_0.skill_id where s1_0.employee_id=?
2025-10-26T19:01:17.967+09:00 DEBUG 11972 --- [Shift Scheduler Demo] [           main] org.hibernate.SQL                        : select s1_0.employee_id,s1_1.id,s1_1.code,s1_1.created_at,s1_1.description,s1_1.name,s1_1.priority,s1_1.updated_at from employee_skills s1_0 join skills s1_1 on s1_1.id=s1_0.skill_id where s1_0.employee_id=?
Hibernate: select s1_0.employee_id,s1_1.id,s1_1.code,s1_1.created_at,s1_1.description,s1_1.name,s1_1.priority,s1_1.updated_at from employee_skills s1_0 join skills s1_1 on s1_1.id=s1_0.skill_id where s1_0.employee_id=?
2025-10-26T19:01:17.969+09:00 DEBUG 11972 --- [Shift Scheduler Demo] [           main] org.hibernate.SQL                        : select s1_0.employee_id,s1_1.id,s1_1.code,s1_1.created_at,s1_1.description,s1_1.name,s1_1.priority,s1_1.updated_at from employee_skills s1_0 join skills s1_1 on s1_1.id=s1_0.skill_id where s1_0.employee_id=?
Hibernate: select s1_0.employee_id,s1_1.id,s1_1.code,s1_1.created_at,s1_1.description,s1_1.name,s1_1.priority,s1_1.updated_at from employee_skills s1_0 join skills s1_1 on s1_1.id=s1_0.skill_id where s1_0.employee_id=?
2025-10-26T19:01:17.969+09:00 DEBUG 11972 --- [Shift Scheduler Demo] [           main] org.hibernate.SQL                        : select s1_0.employee_id,s1_1.id,s1_1.code,s1_1.created_at,s1_1.description,s1_1.name,s1_1.priority,s1_1.updated_at from employee_skills s1_0 join skills s1_1 on s1_1.id=s1_0.skill_id where s1_0.employee_id=?
Hibernate: select s1_0.employee_id,s1_1.id,s1_1.code,s1_1.created_at,s1_1.description,s1_1.name,s1_1.priority,s1_1.updated_at from employee_skills s1_0 join skills s1_1 on s1_1.id=s1_0.skill_id where s1_0.employee_id=?
2025-10-26T19:01:17.969+09:00 DEBUG 11972 --- [Shift Scheduler Demo] [           main] org.hibernate.SQL                        : select s1_0.employee_id,s1_1.id,s1_1.code,s1_1.created_at,s1_1.description,s1_1.name,s1_1.priority,s1_1.updated_at from employee_skills s1_0 join skills s1_1 on s1_1.id=s1_0.skill_id where s1_0.employee_id=?
Hibernate: select s1_0.employee_id,s1_1.id,s1_1.code,s1_1.created_at,s1_1.description,s1_1.name,s1_1.priority,s1_1.updated_at from employee_skills s1_0 join skills s1_1 on s1_1.id=s1_0.skill_id where s1_0.employee_id=?
2025-10-26T19:01:17.969+09:00 DEBUG 11972 --- [Shift Scheduler Demo] [           main] org.hibernate.SQL                        : select s1_0.employee_id,s1_1.id,s1_1.code,s1_1.created_at,s1_1.description,s1_1.name,s1_1.priority,s1_1.updated_at from employee_skills s1_0 join skills s1_1 on s1_1.id=s1_0.skill_id where s1_0.employee_id=?
Hibernate: select s1_0.employee_id,s1_1.id,s1_1.code,s1_1.created_at,s1_1.description,s1_1.name,s1_1.priority,s1_1.updated_at from employee_skills s1_0 join skills s1_1 on s1_1.id=s1_0.skill_id where s1_0.employee_id=?
2025-10-26T19:01:17.969+09:00 DEBUG 11972 --- [Shift Scheduler Demo] [           main] org.hibernate.SQL                        : select s1_0.employee_id,s1_1.id,s1_1.code,s1_1.created_at,s1_1.description,s1_1.name,s1_1.priority,s1_1.updated_at from employee_skills s1_0 join skills s1_1 on s1_1.id=s1_0.skill_id where s1_0.employee_id=?
Hibernate: select s1_0.employee_id,s1_1.id,s1_1.code,s1_1.created_at,s1_1.description,s1_1.name,s1_1.priority,s1_1.updated_at from employee_skills s1_0 join skills s1_1 on s1_1.id=s1_0.skill_id where s1_0.employee_id=?
2025-10-26T19:01:17.969+09:00 DEBUG 11972 --- [Shift Scheduler Demo] [           main] org.hibernate.SQL                        : select s1_0.employee_id,s1_1.id,s1_1.code,s1_1.created_at,s1_1.description,s1_1.name,s1_1.priority,s1_1.updated_at from employee_skills s1_0 join skills s1_1 on s1_1.id=s1_0.skill_id where s1_0.employee_id=?
Hibernate: select s1_0.employee_id,s1_1.id,s1_1.code,s1_1.created_at,s1_1.description,s1_1.name,s1_1.priority,s1_1.updated_at from employee_skills s1_0 join skills s1_1 on s1_1.id=s1_0.skill_id where s1_0.employee_id=?
2025-10-26T19:01:17.969+09:00 DEBUG 11972 --- [Shift Scheduler Demo] [           main] org.hibernate.SQL                        : select s1_0.employee_id,s1_1.id,s1_1.code,s1_1.created_at,s1_1.description,s1_1.name,s1_1.priority,s1_1.updated_at from employee_skills s1_0 join skills s1_1 on s1_1.id=s1_0.skill_id where s1_0.employee_id=?
Hibernate: select s1_0.employee_id,s1_1.id,s1_1.code,s1_1.created_at,s1_1.description,s1_1.name,s1_1.priority,s1_1.updated_at from employee_skills s1_0 join skills s1_1 on s1_1.id=s1_0.skill_id where s1_0.employee_id=?
2025-10-26T19:01:17.969+09:00 DEBUG 11972 --- [Shift Scheduler Demo] [           main] org.hibernate.SQL                        : select s1_0.employee_id,s1_1.id,s1_1.code,s1_1.created_at,s1_1.description,s1_1.name,s1_1.priority,s1_1.updated_at from employee_skills s1_0 join skills s1_1 on s1_1.id=s1_0.skill_id where s1_0.employee_id=?
Hibernate: select s1_0.employee_id,s1_1.id,s1_1.code,s1_1.created_at,s1_1.description,s1_1.name,s1_1.priority,s1_1.updated_at from employee_skills s1_0 join skills s1_1 on s1_1.id=s1_0.skill_id where s1_0.employee_id=?
2025-10-26T19:01:17.969+09:00 DEBUG 11972 --- [Shift Scheduler Demo] [           main] org.hibernate.SQL                        : select s1_0.employee_id,s1_1.id,s1_1.code,s1_1.created_at,s1_1.description,s1_1.name,s1_1.priority,s1_1.updated_at from employee_skills s1_0 join skills s1_1 on s1_1.id=s1_0.skill_id where s1_0.employee_id=?
Hibernate: select s1_0.employee_id,s1_1.id,s1_1.code,s1_1.created_at,s1_1.description,s1_1.name,s1_1.priority,s1_1.updated_at from employee_skills s1_0 join skills s1_1 on s1_1.id=s1_0.skill_id where s1_0.employee_id=?
2025-10-26T19:01:17.972+09:00 DEBUG 11972 --- [Shift Scheduler Demo] [           main] org.hibernate.SQL                        : select ea1_0.id,ea1_0.day_of_week,ea1_0.employee_id,ea1_0.end_time,ea1_0.start_time from employee_availability ea1_0
Hibernate: select ea1_0.id,ea1_0.day_of_week,ea1_0.employee_id,ea1_0.end_time,ea1_0.start_time from employee_availability ea1_0
2025-10-26T19:01:17.998+09:00 DEBUG 11972 --- [Shift Scheduler Demo] [           main] org.hibernate.SQL                        : select ea1_0.id,ea1_0.day_of_week,ea1_0.employee_id,ea1_0.end_time,ea1_0.start_time from employee_availability ea1_0
Hibernate: select ea1_0.id,ea1_0.day_of_week,ea1_0.employee_id,ea1_0.end_time,ea1_0.start_time from employee_availability ea1_0
2025-10-26T19:01:18.014+09:00 DEBUG 11972 --- [Shift Scheduler Demo] [           main] org.hibernate.SQL                        : select ea1_0.id,ea1_0.day_of_week,ea1_0.employee_id,ea1_0.end_time,ea1_0.start_time from employee_availability ea1_0
Hibernate: select ea1_0.id,ea1_0.day_of_week,ea1_0.employee_id,ea1_0.end_time,ea1_0.start_time from employee_availability ea1_0
2025-10-26T19:01:18.025+09:00 DEBUG 11972 --- [Shift Scheduler Demo] [           main] org.hibernate.SQL                        : select ea1_0.id,ea1_0.day_of_week,ea1_0.employee_id,ea1_0.end_time,ea1_0.start_time from employee_availability ea1_0
Hibernate: select ea1_0.id,ea1_0.day_of_week,ea1_0.employee_id,ea1_0.end_time,ea1_0.start_time from employee_availability ea1_0
2025-10-26T19:01:18.044+09:00 DEBUG 11972 --- [Shift Scheduler Demo] [           main] org.hibernate.SQL                        : select ea1_0.id,ea1_0.day_of_week,ea1_0.employee_id,ea1_0.end_time,ea1_0.start_time from employee_availability ea1_0
Hibernate: select ea1_0.id,ea1_0.day_of_week,ea1_0.employee_id,ea1_0.end_time,ea1_0.start_time from employee_availability ea1_0
2025-10-26T19:01:18.058+09:00 DEBUG 11972 --- [Shift Scheduler Demo] [           main] org.hibernate.SQL                        : select ea1_0.id,ea1_0.day_of_week,ea1_0.employee_id,ea1_0.end_time,ea1_0.start_time from employee_availability ea1_0
Hibernate: select ea1_0.id,ea1_0.day_of_week,ea1_0.employee_id,ea1_0.end_time,ea1_0.start_time from employee_availability ea1_0
2025-10-26T19:01:18.067+09:00 DEBUG 11972 --- [Shift Scheduler Demo] [           main] org.hibernate.SQL                        : select ea1_0.id,ea1_0.day_of_week,ea1_0.employee_id,ea1_0.end_time,ea1_0.start_time from employee_availability ea1_0
Hibernate: select ea1_0.id,ea1_0.day_of_week,ea1_0.employee_id,ea1_0.end_time,ea1_0.start_time from employee_availability ea1_0
2025-10-26T19:01:18.075+09:00 DEBUG 11972 --- [Shift Scheduler Demo] [           main] org.hibernate.SQL                        : select ea1_0.id,ea1_0.day_of_week,ea1_0.employee_id,ea1_0.end_time,ea1_0.start_time from employee_availability ea1_0
Hibernate: select ea1_0.id,ea1_0.day_of_week,ea1_0.employee_id,ea1_0.end_time,ea1_0.start_time from employee_availability ea1_0
2025-10-26T19:01:18.083+09:00 DEBUG 11972 --- [Shift Scheduler Demo] [           main] org.hibernate.SQL                        : select ea1_0.id,ea1_0.day_of_week,ea1_0.employee_id,ea1_0.end_time,ea1_0.start_time from employee_availability ea1_0
Hibernate: select ea1_0.id,ea1_0.day_of_week,ea1_0.employee_id,ea1_0.end_time,ea1_0.start_time from employee_availability ea1_0
2025-10-26T19:01:18.089+09:00 DEBUG 11972 --- [Shift Scheduler Demo] [           main] org.hibernate.SQL                        : select ea1_0.id,ea1_0.day_of_week,ea1_0.employee_id,ea1_0.end_time,ea1_0.start_time from employee_availability ea1_0
Hibernate: select ea1_0.id,ea1_0.day_of_week,ea1_0.employee_id,ea1_0.end_time,ea1_0.start_time from employee_availability ea1_0
2025-10-26T19:01:18.095+09:00 DEBUG 11972 --- [Shift Scheduler Demo] [           main] org.hibernate.SQL                        : select ea1_0.id,ea1_0.day_of_week,ea1_0.employee_id,ea1_0.end_time,ea1_0.start_time from employee_availability ea1_0
Hibernate: select ea1_0.id,ea1_0.day_of_week,ea1_0.employee_id,ea1_0.end_time,ea1_0.start_time from employee_availability ea1_0
2025-10-26T19:01:18.101+09:00 DEBUG 11972 --- [Shift Scheduler Demo] [           main] org.hibernate.SQL                        : select ea1_0.id,ea1_0.day_of_week,ea1_0.employee_id,ea1_0.end_time,ea1_0.start_time from employee_availability ea1_0
Hibernate: select ea1_0.id,ea1_0.day_of_week,ea1_0.employee_id,ea1_0.end_time,ea1_0.start_time from employee_availability ea1_0
2025-10-26T19:01:18.106+09:00 DEBUG 11972 --- [Shift Scheduler Demo] [           main] org.hibernate.SQL                        : select ea1_0.id,ea1_0.day_of_week,ea1_0.employee_id,ea1_0.end_time,ea1_0.start_time from employee_availability ea1_0
Hibernate: select ea1_0.id,ea1_0.day_of_week,ea1_0.employee_id,ea1_0.end_time,ea1_0.start_time from employee_availability ea1_0
2025-10-26T19:01:18.111+09:00 DEBUG 11972 --- [Shift Scheduler Demo] [           main] org.hibernate.SQL                        : select ea1_0.id,ea1_0.day_of_week,ea1_0.employee_id,ea1_0.end_time,ea1_0.start_time from employee_availability ea1_0
Hibernate: select ea1_0.id,ea1_0.day_of_week,ea1_0.employee_id,ea1_0.end_time,ea1_0.start_time from employee_availability ea1_0
2025-10-26T19:01:18.118+09:00 DEBUG 11972 --- [Shift Scheduler Demo] [           main] org.hibernate.SQL                        : select ea1_0.id,ea1_0.day_of_week,ea1_0.employee_id,ea1_0.end_time,ea1_0.start_time from employee_availability ea1_0
Hibernate: select ea1_0.id,ea1_0.day_of_week,ea1_0.employee_id,ea1_0.end_time,ea1_0.start_time from employee_availability ea1_0
2025-10-26T19:01:18.122+09:00 DEBUG 11972 --- [Shift Scheduler Demo] [           main] org.hibernate.SQL                        : select ea1_0.id,ea1_0.day_of_week,ea1_0.employee_id,ea1_0.end_time,ea1_0.start_time from employee_availability ea1_0
Hibernate: select ea1_0.id,ea1_0.day_of_week,ea1_0.employee_id,ea1_0.end_time,ea1_0.start_time from employee_availability ea1_0
2025-10-26T19:01:18.126+09:00 DEBUG 11972 --- [Shift Scheduler Demo] [           main] org.hibernate.SQL                        : select ea1_0.id,ea1_0.day_of_week,ea1_0.employee_id,ea1_0.end_time,ea1_0.start_time from employee_availability ea1_0
Hibernate: select ea1_0.id,ea1_0.day_of_week,ea1_0.employee_id,ea1_0.end_time,ea1_0.start_time from employee_availability ea1_0
2025-10-26T19:01:18.133+09:00 DEBUG 11972 --- [Shift Scheduler Demo] [           main] org.hibernate.SQL                        : select ea1_0.id,ea1_0.day_of_week,ea1_0.employee_id,ea1_0.end_time,ea1_0.start_time from employee_availability ea1_0
Hibernate: select ea1_0.id,ea1_0.day_of_week,ea1_0.employee_id,ea1_0.end_time,ea1_0.start_time from employee_availability ea1_0
2025-10-26T19:01:18.138+09:00 DEBUG 11972 --- [Shift Scheduler Demo] [           main] org.hibernate.SQL                        : select ea1_0.id,ea1_0.day_of_week,ea1_0.employee_id,ea1_0.end_time,ea1_0.start_time from employee_availability ea1_0
Hibernate: select ea1_0.id,ea1_0.day_of_week,ea1_0.employee_id,ea1_0.end_time,ea1_0.start_time from employee_availability ea1_0
2025-10-26T19:01:18.145+09:00 DEBUG 11972 --- [Shift Scheduler Demo] [           main] org.hibernate.SQL                        : select ea1_0.id,ea1_0.day_of_week,ea1_0.employee_id,ea1_0.end_time,ea1_0.start_time from employee_availability ea1_0
Hibernate: select ea1_0.id,ea1_0.day_of_week,ea1_0.employee_id,ea1_0.end_time,ea1_0.start_time from employee_availability ea1_0
2025-10-26T19:01:18.145+09:00 DEBUG 11972 --- [Shift Scheduler Demo] [           main] org.hibernate.SQL                        : select ea1_0.id,ea1_0.day_of_week,ea1_0.employee_id,ea1_0.end_time,ea1_0.start_time from employee_availability ea1_0
Hibernate: select ea1_0.id,ea1_0.day_of_week,ea1_0.employee_id,ea1_0.end_time,ea1_0.start_time from employee_availability ea1_0
2025-10-26T19:01:18.157+09:00 DEBUG 11972 --- [Shift Scheduler Demo] [           main] org.hibernate.SQL                        : select ea1_0.id,ea1_0.day_of_week,ea1_0.employee_id,ea1_0.end_time,ea1_0.start_time from employee_availability ea1_0
Hibernate: select ea1_0.id,ea1_0.day_of_week,ea1_0.employee_id,ea1_0.end_time,ea1_0.start_time from employee_availability ea1_0
2025-10-26T19:01:18.161+09:00 DEBUG 11972 --- [Shift Scheduler Demo] [           main] org.hibernate.SQL                        : select ea1_0.id,ea1_0.day_of_week,ea1_0.employee_id,ea1_0.end_time,ea1_0.start_time from employee_availability ea1_0
Hibernate: select ea1_0.id,ea1_0.day_of_week,ea1_0.employee_id,ea1_0.end_time,ea1_0.start_time from employee_availability ea1_0
2025-10-26T19:01:18.162+09:00 DEBUG 11972 --- [Shift Scheduler Demo] [           main] org.hibernate.SQL                        : select ea1_0.id,ea1_0.day_of_week,ea1_0.employee_id,ea1_0.end_time,ea1_0.start_time from employee_availability ea1_0
Hibernate: select ea1_0.id,ea1_0.day_of_week,ea1_0.employee_id,ea1_0.end_time,ea1_0.start_time from employee_availability ea1_0
2025-10-26T19:01:18.168+09:00 DEBUG 11972 --- [Shift Scheduler Demo] [           main] org.hibernate.SQL                        : select ea1_0.id,ea1_0.day_of_week,ea1_0.employee_id,ea1_0.end_time,ea1_0.start_time from employee_availability ea1_0
Hibernate: select ea1_0.id,ea1_0.day_of_week,ea1_0.employee_id,ea1_0.end_time,ea1_0.start_time from employee_availability ea1_0
2025-10-26T19:01:18.168+09:00 DEBUG 11972 --- [Shift Scheduler Demo] [           main] org.hibernate.SQL                        : select ea1_0.id,ea1_0.day_of_week,ea1_0.employee_id,ea1_0.end_time,ea1_0.start_time from employee_availability ea1_0
Hibernate: select ea1_0.id,ea1_0.day_of_week,ea1_0.employee_id,ea1_0.end_time,ea1_0.start_time from employee_availability ea1_0
2025-10-26T19:01:18.179+09:00 DEBUG 11972 --- [Shift Scheduler Demo] [           main] org.hibernate.SQL                        : select ea1_0.id,ea1_0.day_of_week,ea1_0.employee_id,ea1_0.end_time,ea1_0.start_time from employee_availability ea1_0
Hibernate: select ea1_0.id,ea1_0.day_of_week,ea1_0.employee_id,ea1_0.end_time,ea1_0.start_time from employee_availability ea1_0
2025-10-26T19:01:18.184+09:00 DEBUG 11972 --- [Shift Scheduler Demo] [           main] org.hibernate.SQL                        : select ea1_0.id,ea1_0.day_of_week,ea1_0.employee_id,ea1_0.end_time,ea1_0.start_time from employee_availability ea1_0
Hibernate: select ea1_0.id,ea1_0.day_of_week,ea1_0.employee_id,ea1_0.end_time,ea1_0.start_time from employee_availability ea1_0
2025-10-26T19:01:18.188+09:00 DEBUG 11972 --- [Shift Scheduler Demo] [           main] org.hibernate.SQL                        : select ea1_0.id,ea1_0.day_of_week,ea1_0.employee_id,ea1_0.end_time,ea1_0.start_time from employee_availability ea1_0
Hibernate: select ea1_0.id,ea1_0.day_of_week,ea1_0.employee_id,ea1_0.end_time,ea1_0.start_time from employee_availability ea1_0
2025-10-26T19:01:18.192+09:00 DEBUG 11972 --- [Shift Scheduler Demo] [           main] org.hibernate.SQL                        : select ea1_0.id,ea1_0.day_of_week,ea1_0.employee_id,ea1_0.end_time,ea1_0.start_time from employee_availability ea1_0
Hibernate: select ea1_0.id,ea1_0.day_of_week,ea1_0.employee_id,ea1_0.end_time,ea1_0.start_time from employee_availability ea1_0
2025-10-26T19:01:18.198+09:00 DEBUG 11972 --- [Shift Scheduler Demo] [           main] org.hibernate.SQL                        : select ea1_0.id,ea1_0.day_of_week,ea1_0.employee_id,ea1_0.end_time,ea1_0.start_time from employee_availability ea1_0
Hibernate: select ea1_0.id,ea1_0.day_of_week,ea1_0.employee_id,ea1_0.end_time,ea1_0.start_time from employee_availability ea1_0
2025-10-26T19:01:18.203+09:00 DEBUG 11972 --- [Shift Scheduler Demo] [           main] org.hibernate.SQL                        : select ea1_0.id,ea1_0.day_of_week,ea1_0.employee_id,ea1_0.end_time,ea1_0.start_time from employee_availability ea1_0
Hibernate: select ea1_0.id,ea1_0.day_of_week,ea1_0.employee_id,ea1_0.end_time,ea1_0.start_time from employee_availability ea1_0
2025-10-26T19:01:18.207+09:00 DEBUG 11972 --- [Shift Scheduler Demo] [           main] org.hibernate.SQL                        : select ea1_0.id,ea1_0.day_of_week,ea1_0.employee_id,ea1_0.end_time,ea1_0.start_time from employee_availability ea1_0
Hibernate: select ea1_0.id,ea1_0.day_of_week,ea1_0.employee_id,ea1_0.end_time,ea1_0.start_time from employee_availability ea1_0
2025-10-26T19:01:18.210+09:00 DEBUG 11972 --- [Shift Scheduler Demo] [           main] org.hibernate.SQL                        : select ea1_0.id,ea1_0.day_of_week,ea1_0.employee_id,ea1_0.end_time,ea1_0.start_time from employee_availability ea1_0
Hibernate: select ea1_0.id,ea1_0.day_of_week,ea1_0.employee_id,ea1_0.end_time,ea1_0.start_time from employee_availability ea1_0
2025-10-26T19:01:18.215+09:00 DEBUG 11972 --- [Shift Scheduler Demo] [           main] org.hibernate.SQL                        : select ea1_0.id,ea1_0.day_of_week,ea1_0.employee_id,ea1_0.end_time,ea1_0.start_time from employee_availability ea1_0
Hibernate: select ea1_0.id,ea1_0.day_of_week,ea1_0.employee_id,ea1_0.end_time,ea1_0.start_time from employee_availability ea1_0
2025-10-26T19:01:18.218+09:00 DEBUG 11972 --- [Shift Scheduler Demo] [           main] org.hibernate.SQL                        : select ea1_0.id,ea1_0.day_of_week,ea1_0.employee_id,ea1_0.end_time,ea1_0.start_time from employee_availability ea1_0
Hibernate: select ea1_0.id,ea1_0.day_of_week,ea1_0.employee_id,ea1_0.end_time,ea1_0.start_time from employee_availability ea1_0
2025-10-26T19:01:18.222+09:00 DEBUG 11972 --- [Shift Scheduler Demo] [           main] org.hibernate.SQL                        : select ea1_0.id,ea1_0.day_of_week,ea1_0.employee_id,ea1_0.end_time,ea1_0.start_time from employee_availability ea1_0
Hibernate: select ea1_0.id,ea1_0.day_of_week,ea1_0.employee_id,ea1_0.end_time,ea1_0.start_time from employee_availability ea1_0
2025-10-26T19:01:18.224+09:00 DEBUG 11972 --- [Shift Scheduler Demo] [           main] org.hibernate.SQL                        : select ea1_0.id,ea1_0.day_of_week,ea1_0.employee_id,ea1_0.end_time,ea1_0.start_time from employee_availability ea1_0
Hibernate: select ea1_0.id,ea1_0.day_of_week,ea1_0.employee_id,ea1_0.end_time,ea1_0.start_time from employee_availability ea1_0
2025-10-26T19:01:18.227+09:00 DEBUG 11972 --- [Shift Scheduler Demo] [           main] org.hibernate.SQL                        : select ea1_0.id,ea1_0.day_of_week,ea1_0.employee_id,ea1_0.end_time,ea1_0.start_time from employee_availability ea1_0
Hibernate: select ea1_0.id,ea1_0.day_of_week,ea1_0.employee_id,ea1_0.end_time,ea1_0.start_time from employee_availability ea1_0
2025-10-26T19:01:18.231+09:00 DEBUG 11972 --- [Shift Scheduler Demo] [           main] org.hibernate.SQL                        : select ea1_0.id,ea1_0.day_of_week,ea1_0.employee_id,ea1_0.end_time,ea1_0.start_time from employee_availability ea1_0
Hibernate: select ea1_0.id,ea1_0.day_of_week,ea1_0.employee_id,ea1_0.end_time,ea1_0.start_time from employee_availability ea1_0
2025-10-26T19:01:18.235+09:00 DEBUG 11972 --- [Shift Scheduler Demo] [           main] org.hibernate.SQL                        : select ea1_0.id,ea1_0.day_of_week,ea1_0.employee_id,ea1_0.end_time,ea1_0.start_time from employee_availability ea1_0
Hibernate: select ea1_0.id,ea1_0.day_of_week,ea1_0.employee_id,ea1_0.end_time,ea1_0.start_time from employee_availability ea1_0
2025-10-26T19:01:18.237+09:00 DEBUG 11972 --- [Shift Scheduler Demo] [           main] org.hibernate.SQL                        : select ea1_0.id,ea1_0.day_of_week,ea1_0.employee_id,ea1_0.end_time,ea1_0.start_time from employee_availability ea1_0
Hibernate: select ea1_0.id,ea1_0.day_of_week,ea1_0.employee_id,ea1_0.end_time,ea1_0.start_time from employee_availability ea1_0
2025-10-26T19:01:18.241+09:00 DEBUG 11972 --- [Shift Scheduler Demo] [           main] org.hibernate.SQL                        : select ea1_0.id,ea1_0.day_of_week,ea1_0.employee_id,ea1_0.end_time,ea1_0.start_time from employee_availability ea1_0
[...]
Hibernate: delete from shift_assignments where id=?
2025-10-26T19:01:19.738+09:00 DEBUG 11972 --- [Shift Scheduler Demo] [           main] org.hibernate.SQL                        : delete from shift_assignments where id=?
Hibernate: delete from shift_assignments where id=?
2025-10-26T19:01:19.738+09:00 DEBUG 11972 --- [Shift Scheduler Demo] [           main] org.hibernate.SQL                        : delete from shift_assignments where id=?
Hibernate: delete from shift_assignments where id=?
2025-10-26T19:01:19.738+09:00 DEBUG 11972 --- [Shift Scheduler Demo] [           main] org.hibernate.SQL                        : delete from shift_assignments where id=?
Hibernate: delete from shift_assignments where id=?
2025-10-26T19:01:19.738+09:00 DEBUG 11972 --- [Shift Scheduler Demo] [           main] org.hibernate.SQL                        : delete from shift_assignments where id=?
Hibernate: delete from shift_assignments where id=?
2025-10-26T19:01:19.738+09:00 DEBUG 11972 --- [Shift Scheduler Demo] [           main] org.hibernate.SQL                        : delete from shift_assignments where id=?
Hibernate: delete from shift_assignments where id=?
2025-10-26T19:01:19.738+09:00 DEBUG 11972 --- [Shift Scheduler Demo] [           main] org.hibernate.SQL                        : delete from shift_assignments where id=?
Hibernate: delete from shift_assignments where id=?
2025-10-26T19:01:19.739+09:00 DEBUG 11972 --- [Shift Scheduler Demo] [           main] org.hibernate.SQL                        : delete from shift_assignments where id=?
Hibernate: delete from shift_assignments where id=?
2025-10-26T19:01:19.739+09:00 DEBUG 11972 --- [Shift Scheduler Demo] [           main] org.hibernate.SQL                        : delete from shift_assignments where id=?
Hibernate: delete from shift_assignments where id=?
2025-10-26T19:01:19.739+09:00 DEBUG 11972 --- [Shift Scheduler Demo] [           main] org.hibernate.SQL                        : delete from shift_assignments where id=?
Hibernate: delete from shift_assignments where id=?
2025-10-26T19:01:19.739+09:00 DEBUG 11972 --- [Shift Scheduler Demo] [           main] org.hibernate.SQL                        : delete from shift_assignments where id=?
Hibernate: delete from shift_assignments where id=?
2025-10-26T19:01:19.739+09:00 DEBUG 11972 --- [Shift Scheduler Demo] [           main] org.hibernate.SQL                        : delete from shift_assignments where id=?
Hibernate: delete from shift_assignments where id=?
2025-10-26T19:01:19.739+09:00 DEBUG 11972 --- [Shift Scheduler Demo] [           main] org.hibernate.SQL                        : delete from shift_assignments where id=?
Hibernate: delete from shift_assignments where id=?
2025-10-26T19:01:19.739+09:00 DEBUG 11972 --- [Shift Scheduler Demo] [           main] org.hibernate.SQL                        : delete from shift_assignments where id=?
Hibernate: delete from shift_assignments where id=?
2025-10-26T19:01:19.739+09:00 DEBUG 11972 --- [Shift Scheduler Demo] [           main] org.hibernate.SQL                        : delete from shift_assignments where id=?
Hibernate: delete from shift_assignments where id=?
2025-10-26T19:01:19.739+09:00 DEBUG 11972 --- [Shift Scheduler Demo] [           main] org.hibernate.SQL                        : delete from shift_assignments where id=?
Hibernate: delete from shift_assignments where id=?
2025-10-26T19:01:19.740+09:00 DEBUG 11972 --- [Shift Scheduler Demo] [           main] org.hibernate.SQL                        : delete from shift_assignments where id=?
Hibernate: delete from shift_assignments where id=?
2025-10-26T19:01:19.740+09:00 DEBUG 11972 --- [Shift Scheduler Demo] [           main] org.hibernate.SQL                        : delete from shift_assignments where id=?
Hibernate: delete from shift_assignments where id=?
2025-10-26T19:01:19.740+09:00 DEBUG 11972 --- [Shift Scheduler Demo] [           main] org.hibernate.SQL                        : delete from shift_assignments where id=?
Hibernate: delete from shift_assignments where id=?
2025-10-26T19:01:19.740+09:00 DEBUG 11972 --- [Shift Scheduler Demo] [           main] org.hibernate.SQL                        : delete from shift_assignments where id=?
Hibernate: delete from shift_assignments where id=?
2025-10-26T19:01:19.740+09:00 DEBUG 11972 --- [Shift Scheduler Demo] [           main] org.hibernate.SQL                        : delete from shift_assignments where id=?
Hibernate: delete from shift_assignments where id=?
2025-10-26T19:01:19.740+09:00 DEBUG 11972 --- [Shift Scheduler Demo] [           main] org.hibernate.SQL                        : delete from shift_assignments where id=?
Hibernate: delete from shift_assignments where id=?
2025-10-26T19:01:19.740+09:00 DEBUG 11972 --- [Shift Scheduler Demo] [           main] org.hibernate.SQL                        : delete from shift_assignments where id=?
Hibernate: delete from shift_assignments where id=?
2025-10-26T19:01:19.740+09:00 DEBUG 11972 --- [Shift Scheduler Demo] [           main] org.hibernate.SQL                        : delete from shift_assignments where id=?
Hibernate: delete from shift_assignments where id=?
2025-10-26T19:01:19.740+09:00 DEBUG 11972 --- [Shift Scheduler Demo] [           main] org.hibernate.SQL                        : delete from shift_assignments where id=?
Hibernate: delete from shift_assignments where id=?
2025-10-26T19:01:19.741+09:00 DEBUG 11972 --- [Shift Scheduler Demo] [           main] org.hibernate.SQL                        : delete from shift_assignments where id=?
Hibernate: delete from shift_assignments where id=?
2025-10-26T19:01:19.741+09:00 DEBUG 11972 --- [Shift Scheduler Demo] [           main] org.hibernate.SQL                        : delete from shift_assignments where id=?
Hibernate: delete from shift_assignments where id=?
2025-10-26T19:01:19.741+09:00 DEBUG 11972 --- [Shift Scheduler Demo] [           main] org.hibernate.SQL                        : delete from shift_assignments where id=?
Hibernate: delete from shift_assignments where id=?
2025-10-26T19:01:19.741+09:00 DEBUG 11972 --- [Shift Scheduler Demo] [           main] org.hibernate.SQL                        : delete from shift_assignments where id=?
Hibernate: delete from shift_assignments where id=?
2025-10-26T19:01:19.741+09:00 DEBUG 11972 --- [Shift Scheduler Demo] [           main] org.hibernate.SQL                        : delete from shift_assignments where id=?
Hibernate: delete from shift_assignments where id=?
2025-10-26T19:01:19.741+09:00 DEBUG 11972 --- [Shift Scheduler Demo] [           main] org.hibernate.SQL                        : delete from shift_assignments where id=?
Hibernate: delete from shift_assignments where id=?
2025-10-26T19:01:19.741+09:00 DEBUG 11972 --- [Shift Scheduler Demo] [           main] org.hibernate.SQL                        : delete from shift_assignments where id=?
Hibernate: delete from shift_assignments where id=?
2025-10-26T19:01:19.741+09:00 DEBUG 11972 --- [Shift Scheduler Demo] [           main] org.hibernate.SQL                        : delete from shift_assignments where id=?
Hibernate: delete from shift_assignments where id=?
2025-10-26T19:01:19.742+09:00 DEBUG 11972 --- [Shift Scheduler Demo] [           main] org.hibernate.SQL                        : delete from shift_assignments where id=?
Hibernate: delete from shift_assignments where id=?
2025-10-26T19:01:19.742+09:00 DEBUG 11972 --- [Shift Scheduler Demo] [           main] org.hibernate.SQL                        : delete from shift_assignments where id=?
Hibernate: delete from shift_assignments where id=?
2025-10-26T19:01:19.742+09:00 DEBUG 11972 --- [Shift Scheduler Demo] [           main] org.hibernate.SQL                        : delete from shift_assignments where id=?
Hibernate: delete from shift_assignments where id=?
2025-10-26T19:01:19.742+09:00 DEBUG 11972 --- [Shift Scheduler Demo] [           main] org.hibernate.SQL                        : delete from shift_assignments where id=?
Hibernate: delete from shift_assignments where id=?
2025-10-26T19:01:19.742+09:00 DEBUG 11972 --- [Shift Scheduler Demo] [           main] org.hibernate.SQL                        : delete from shift_assignments where id=?
Hibernate: delete from shift_assignments where id=?
2025-10-26T19:01:19.742+09:00 DEBUG 11972 --- [Shift Scheduler Demo] [           main] org.hibernate.SQL                        : delete from shift_assignments where id=?
Hibernate: delete from shift_assignments where id=?
2025-10-26T19:01:19.742+09:00 DEBUG 11972 --- [Shift Scheduler Demo] [           main] org.hibernate.SQL                        : delete from shift_assignments where id=?
Hibernate: delete from shift_assignments where id=?
2025-10-26T19:01:19.742+09:00 DEBUG 11972 --- [Shift Scheduler Demo] [           main] org.hibernate.SQL                        : delete from shift_assignments where id=?
Hibernate: delete from shift_assignments where id=?
2025-10-26T19:01:19.742+09:00 DEBUG 11972 --- [Shift Scheduler Demo] [           main] org.hibernate.SQL                        : delete from shift_assignments where id=?
Hibernate: delete from shift_assignments where id=?
2025-10-26T19:01:19.748+09:00 DEBUG 11972 --- [Shift Scheduler Demo] [           main] org.hibernate.SQL                        : delete from shift_assignments where id=?
Hibernate: delete from shift_assignments where id=?
2025-10-26T19:01:19.748+09:00 DEBUG 11972 --- [Shift Scheduler Demo] [           main] org.hibernate.SQL                        : delete from shift_assignments where id=?
Hibernate: delete from shift_assignments where id=?
2025-10-26T19:01:19.748+09:00 DEBUG 11972 --- [Shift Scheduler Demo] [           main] org.hibernate.SQL                        : delete from shift_assignments where id=?
Hibernate: delete from shift_assignments where id=?
2025-10-26T19:01:19.748+09:00 DEBUG 11972 --- [Shift Scheduler Demo] [           main] org.hibernate.SQL                        : delete from shift_assignments where id=?
Hibernate: delete from shift_assignments where id=?
2025-10-26T19:01:19.748+09:00 DEBUG 11972 --- [Shift Scheduler Demo] [           main] org.hibernate.SQL                        : delete from shift_assignments where id=?
Hibernate: delete from shift_assignments where id=?
2025-10-26T19:01:19.748+09:00 DEBUG 11972 --- [Shift Scheduler Demo] [           main] org.hibernate.SQL                        : delete from shift_assignments where id=?
Hibernate: delete from shift_assignments where id=?
2025-10-26T19:01:19.748+09:00 DEBUG 11972 --- [Shift Scheduler Demo] [           main] org.hibernate.SQL                        : delete from shift_assignments where id=?
Hibernate: delete from shift_assignments where id=?
2025-10-26T19:01:19.748+09:00 DEBUG 11972 --- [Shift Scheduler Demo] [           main] org.hibernate.SQL                        : delete from shift_assignments where id=?
Hibernate: delete from shift_assignments where id=?
2025-10-26T19:01:19.748+09:00 DEBUG 11972 --- [Shift Scheduler Demo] [           main] org.hibernate.SQL                        : delete from shift_assignments where id=?
Hibernate: delete from shift_assignments where id=?
2025-10-26T19:01:19.748+09:00 DEBUG 11972 --- [Shift Scheduler Demo] [           main] org.hibernate.SQL                        : delete from shift_assignments where id=?
Hibernate: delete from shift_assignments where id=?
2025-10-26T19:01:19.748+09:00 DEBUG 11972 --- [Shift Scheduler Demo] [           main] org.hibernate.SQL                        : delete from shift_assignments where id=?
Hibernate: delete from shift_assignments where id=?
2025-10-26T19:01:19.749+09:00 DEBUG 11972 --- [Shift Scheduler Demo] [           main] org.hibernate.SQL                        : delete from shift_assignments where id=?
Hibernate: delete from shift_assignments where id=?
2025-10-26T19:01:19.749+09:00 DEBUG 11972 --- [Shift Scheduler Demo] [           main] org.hibernate.SQL                        : delete from shift_assignments where id=?
Hibernate: delete from shift_assignments where id=?
2025-10-26T19:01:19.749+09:00 DEBUG 11972 --- [Shift Scheduler Demo] [           main] org.hibernate.SQL                        : delete from shift_assignments where id=?
Hibernate: delete from shift_assignments where id=?
2025-10-26T19:01:19.749+09:00 DEBUG 11972 --- [Shift Scheduler Demo] [           main] org.hibernate.SQL                        : delete from shift_assignments where id=?
Hibernate: delete from shift_assignments where id=?
2025-10-26T19:01:19.749+09:00 DEBUG 11972 --- [Shift Scheduler Demo] [           main] org.hibernate.SQL                        : delete from shift_assignments where id=?
Hibernate: delete from shift_assignments where id=?
2025-10-26T19:01:19.749+09:00 DEBUG 11972 --- [Shift Scheduler Demo] [           main] org.hibernate.SQL                        : delete from shift_assignments where id=?
Hibernate: delete from shift_assignments where id=?
2025-10-26T19:01:19.749+09:00 DEBUG 11972 --- [Shift Scheduler Demo] [           main] org.hibernate.SQL                        : delete from shift_assignments where id=?
Hibernate: delete from shift_assignments where id=?
2025-10-26T19:01:19.749+09:00 DEBUG 11972 --- [Shift Scheduler Demo] [           main] org.hibernate.SQL                        : delete from shift_assignments where id=?
Hibernate: delete from shift_assignments where id=?
2025-10-26T19:01:19.749+09:00 DEBUG 11972 --- [Shift Scheduler Demo] [           main] org.hibernate.SQL                        : delete from shift_assignments where id=?
Hibernate: delete from shift_assignments where id=?
2025-10-26T19:01:19.749+09:00 DEBUG 11972 --- [Shift Scheduler Demo] [           main] org.hibernate.SQL                        : delete from shift_assignments where id=?
Hibernate: delete from shift_assignments where id=?
2025-10-26T19:01:19.749+09:00 DEBUG 11972 --- [Shift Scheduler Demo] [           main] org.hibernate.SQL                        : delete from shift_assignments where id=?
Hibernate: delete from shift_assignments where id=?
2025-10-26T19:01:19.750+09:00 DEBUG 11972 --- [Shift Scheduler Demo] [           main] org.hibernate.SQL                        : delete from shift_assignments where id=?
Hibernate: delete from shift_assignments where id=?
2025-10-26T19:01:19.750+09:00 DEBUG 11972 --- [Shift Scheduler Demo] [           main] org.hibernate.SQL                        : delete from shift_assignments where id=?
Hibernate: delete from shift_assignments where id=?
2025-10-26T19:01:19.750+09:00 DEBUG 11972 --- [Shift Scheduler Demo] [           main] org.hibernate.SQL                        : delete from shift_assignments where id=?
Hibernate: delete from shift_assignments where id=?
2025-10-26T19:01:19.750+09:00 DEBUG 11972 --- [Shift Scheduler Demo] [           main] org.hibernate.SQL                        : delete from shift_assignments where id=?
Hibernate: delete from shift_assignments where id=?
2025-10-26T19:01:19.750+09:00 DEBUG 11972 --- [Shift Scheduler Demo] [           main] org.hibernate.SQL                        : delete from shift_assignments where id=?
Hibernate: delete from shift_assignments where id=?
2025-10-26T19:01:19.750+09:00 DEBUG 11972 --- [Shift Scheduler Demo] [           main] org.hibernate.SQL                        : delete from shift_assignments where id=?
Hibernate: delete from shift_assignments where id=?
2025-10-26T19:01:19.750+09:00 DEBUG 11972 --- [Shift Scheduler Demo] [           main] org.hibernate.SQL                        : delete from shift_assignments where id=?
Hibernate: delete from shift_assignments where id=?
2025-10-26T19:01:19.750+09:00 DEBUG 11972 --- [Shift Scheduler Demo] [           main] org.hibernate.SQL                        : delete from shift_assignments where id=?
Hibernate: delete from shift_assignments where id=?
2025-10-26T19:01:19.750+09:00 DEBUG 11972 --- [Shift Scheduler Demo] [           main] org.hibernate.SQL                        : delete from shift_assignments where id=?
Hibernate: delete from shift_assignments where id=?
2025-10-26T19:01:19.750+09:00 DEBUG 11972 --- [Shift Scheduler Demo] [           main] org.hibernate.SQL                        : delete from shift_assignments where id=?
Hibernate: delete from shift_assignments where id=?
2025-10-26T19:01:19.750+09:00 DEBUG 11972 --- [Shift Scheduler Demo] [           main] org.hibernate.SQL                        : delete from shift_assignments where id=?
Hibernate: delete from shift_assignments where id=?
2025-10-26T19:01:19.751+09:00 DEBUG 11972 --- [Shift Scheduler Demo] [           main] org.hibernate.SQL                        : delete from shift_assignments where id=?
Hibernate: delete from shift_assignments where id=?
2025-10-26T19:01:19.751+09:00 DEBUG 11972 --- [Shift Scheduler Demo] [           main] org.hibernate.SQL                        : delete from shift_assignments where id=?
Hibernate: delete from shift_assignments where id=?
2025-10-26T19:01:19.751+09:00 DEBUG 11972 --- [Shift Scheduler Demo] [           main] org.hibernate.SQL                        : delete from shift_assignments where id=?
Hibernate: delete from shift_assignments where id=?
2025-10-26T19:01:19.751+09:00 DEBUG 11972 --- [Shift Scheduler Demo] [           main] org.hibernate.SQL                        : delete from shift_assignments where id=?
Hibernate: delete from shift_assignments where id=?
2025-10-26T19:01:19.751+09:00 DEBUG 11972 --- [Shift Scheduler Demo] [           main] org.hibernate.SQL                        : delete from shift_assignments where id=?
Hibernate: delete from shift_assignments where id=?
2025-10-26T19:01:19.751+09:00 DEBUG 11972 --- [Shift Scheduler Demo] [           main] org.hibernate.SQL                        : delete from shift_assignments where id=?
Hibernate: delete from shift_assignments where id=?
2025-10-26T19:01:19.751+09:00 DEBUG 11972 --- [Shift Scheduler Demo] [           main] org.hibernate.SQL                        : delete from shift_assignments where id=?
Hibernate: delete from shift_assignments where id=?
2025-10-26T19:01:19.751+09:00 DEBUG 11972 --- [Shift Scheduler Demo] [           main] org.hibernate.SQL                        : delete from shift_assignments where id=?
Hibernate: delete from shift_assignments where id=?
2025-10-26T19:01:19.751+09:00 DEBUG 11972 --- [Shift Scheduler Demo] [           main] org.hibernate.SQL                        : delete from shift_assignments where id=?
Hibernate: delete from shift_assignments where id=?
2025-10-26T19:01:19.752+09:00 DEBUG 11972 --- [Shift Scheduler Demo] [           main] org.hibernate.SQL                        : select sa1_0.id,sa1_0.employee_id,sa1_0.end_time,sa1_0.shift_name,sa1_0.start_time,sa1_0.work_date from shift_assignments sa1_0 where sa1_0.work_date between ? and ?
Hibernate: select sa1_0.id,sa1_0.employee_id,sa1_0.end_time,sa1_0.shift_name,sa1_0.start_time,sa1_0.work_date from shift_assignments sa1_0 where sa1_0.work_date between ? and ?
]]></system-out>
    <system-err><![CDATA[Mockito is currently self-attaching to enable the inline-mock-maker. This will no longer work in future releases of the JDK. Please add Mockito as an agent to your build as described in Mockito's documentation: https://javadoc.io/doc/org.mockito/mockito-core/latest/org.mockito/org/mockito/Mockito.html#0.3
WARNING: A Java agent has been loaded dynamically (C:\Users\takow\.m2\repository\net\bytebuddy\byte-buddy-agent\1.17.6\byte-buddy-agent-1.17.6.jar)
WARNING: If a serviceability tool is in use, please run with -XX:+EnableDynamicAgentLoading to hide this warning
WARNING: If a serviceability tool is not in use, please run with -Djdk.instrument.traceUsage for more information
WARNING: Dynamic loading of agents will be disallowed by default in a future release
]]></system-err>
  </testcase>
</testsuite>