<?xml version="1.0" encoding="UTF-8"?>
<testsuite xmlns:xsi="http://www.w3.org/2001/XMLSchema-instance" xsi:noNamespaceSchemaLocation="https://maven.apache.org/surefire/maven-surefire-plugin/xsd/surefire-test-report-3.0.xsd" version="3.0" name="com.example.shiftv1.schedule.October2025GenerationTest" time="17.246" tests="1" errors="0" skipped="0" failures="0">
  <properties>
[...]
</properties>
  <testcase name="generateMonthlySchedule_2025_10_persistsAndReturnsAssignments" classname="com.example.shiftv1.schedule.October2025GenerationTest" time="1.593">
    <system-out><![CDATA[21:40:20.740 [main] INFO org.springframework.test.context.support.AnnotationConfigContextLoaderUtils -- Could not detect default configuration classes for test class [com.example.shiftv1.schedule.October2025GenerationTest]: October2025GenerationTest does not declare any static, non-private, non-final, nested classes annotated with @Configuration.
21:40:21.009 [main] INFO org.springframework.boot.test.context.SpringBootTestContextBootstrapper -- Found @SpringBootConfiguration com.example.shiftv1.Shiftv1Application for test class com.example.shiftv1.schedule.October2025GenerationTest

  .   ____          _            __ _ _
 /\\ / ___'_ __ _ _(_)_ __  __ _ \ \ \ \
( ( )\___ | '_ | '_| | '_ \/ _` | \ \ \ \
 \\/  ___)| |_)| | | | | || (_| |  ) ) ) )
  '  |____| .__|_| |_|_| |_\__, | / / / /
 =========|_|==============|___/=/_/_/_/

 :: Spring Boot ::                (v3.5.2)

2025-10-26T21:40:21.677+09:00  INFO 16604 --- [Shift Scheduler Demo] [           main] c.e.s.s.October2025GenerationTest        : Starting October2025GenerationTest using Java 23.0.2 with PID 16604 (started by takow in C:\Users\takow\Documents\02_programming\java\shiftv1)
2025-10-26T21:40:21.677+09:00 DEBUG 16604 --- [Shift Scheduler Demo] [           main] c.e.s.s.October2025GenerationTest        : Running with Spring Boot v3.5.2, Spring v6.2.8
2025-10-26T21:40:21.681+09:00  INFO 16604 --- [Shift Scheduler Demo] [           main] c.e.s.s.October2025GenerationTest        : No active profile set, falling back to 1 default profile: "default"
2025-10-26T21:40:23.827+09:00  INFO 16604 --- [Shift Scheduler Demo] [           main] .s.d.r.c.RepositoryConfigurationDelegate : Bootstrapping Spring Data JPA repositories in DEFAULT mode.
2025-10-26T21:40:24.034+09:00  INFO 16604 --- [Shift Scheduler Demo] [           main] .s.d.r.c.RepositoryConfigurationDelegate : Finished Spring Data repository scanning in 177 ms. Found 16 JPA repository interfaces.
2025-10-26T21:40:25.332+09:00  INFO 16604 --- [Shift Scheduler Demo] [           main] o.hibernate.jpa.internal.util.LogHelper  : HHH000204: Processing PersistenceUnitInfo [name: default]
2025-10-26T21:40:25.506+09:00  INFO 16604 --- [Shift Scheduler Demo] [           main] org.hibernate.Version                    : HHH000412: Hibernate ORM core version 6.6.18.Final
2025-10-26T21:40:25.609+09:00  INFO 16604 --- [Shift Scheduler Demo] [           main] o.h.c.internal.RegionFactoryInitiator    : HHH000026: Second-level cache disabled
2025-10-26T21:40:26.240+09:00  INFO 16604 --- [Shift Scheduler Demo] [           main] o.s.o.j.p.SpringPersistenceUnitInfo      : No LoadTimeWeaver setup: ignoring JPA class transformer
2025-10-26T21:40:26.291+09:00  INFO 16604 --- [Shift Scheduler Demo] [           main] com.zaxxer.hikari.HikariDataSource       : HikariPool-1 - Starting...
2025-10-26T21:40:26.508+09:00  INFO 16604 --- [Shift Scheduler Demo] [           main] com.zaxxer.hikari.pool.HikariPool        : HikariPool-1 - Added connection org.sqlite.jdbc4.JDBC4Connection@160546b1
2025-10-26T21:40:26.510+09:00  INFO 16604 --- [Shift Scheduler Demo] [           main] com.zaxxer.hikari.HikariDataSource       : HikariPool-1 - Start completed.
2025-10-26T21:40:26.578+09:00  INFO 16604 --- [Shift Scheduler Demo] [           main] org.hibernate.orm.connections.pooling    : HHH10001005: Database info:
	Database JDBC URL [Connecting through datasource 'HikariDataSource (HikariPool-1)']
	Database driver: undefined/unknown
	Database version: 3.46
	Autocommit mode: undefined/unknown
	Isolation level: undefined/unknown
	Minimum pool size: undefined/unknown
	Maximum pool size: undefined/unknown
2025-10-26T21:40:28.363+09:00  INFO 16604 --- [Shift Scheduler Demo] [           main] o.h.e.t.j.p.i.JtaPlatformInitiator       : HHH000489: No JTA platform available (set 'hibernate.transaction.jta.platform' to enable JTA platform integration)
2025-10-26T21:40:28.432+09:00  INFO 16604 --- [Shift Scheduler Demo] [           main] j.LocalContainerEntityManagerFactoryBean : Initialized JPA EntityManagerFactory for persistence unit 'default'
2025-10-26T21:40:29.154+09:00  INFO 16604 --- [Shift Scheduler Demo] [           main] r$InitializeUserDetailsManagerConfigurer : Global AuthenticationManager configured with UserDetailsService bean with name userDetailsService
2025-10-26T21:40:29.266+09:00  INFO 16604 --- [Shift Scheduler Demo] [           main] o.s.d.j.r.query.QueryEnhancerFactory     : Hibernate is in classpath; If applicable, HQL parser will be used.
2025-10-26T21:40:32.639+09:00  WARN 16604 --- [Shift Scheduler Demo] [           main] JpaBaseConfiguration$JpaWebConfiguration : spring.jpa.open-in-view is enabled by default. Therefore, database queries may be performed during view rendering. Explicitly configure spring.jpa.open-in-view to disable this warning
2025-10-26T21:40:33.346+09:00  INFO 16604 --- [Shift Scheduler Demo] [           main] o.s.b.a.e.web.EndpointLinksResolver      : Exposing 1 endpoint beneath base path '/actuator'
2025-10-26T21:40:34.374+09:00  INFO 16604 --- [Shift Scheduler Demo] [           main] c.e.s.s.October2025GenerationTest        : Started October2025GenerationTest in 13.136 seconds (process running for 14.909)
2025-10-26T21:40:34.609+09:00 DEBUG 16604 --- [Shift Scheduler Demo] [           main] org.hibernate.SQL                        : select count(*) from shift_change_requests scr1_0
Hibernate: select count(*) from shift_change_requests scr1_0
2025-10-26T21:40:34.637+09:00  INFO 16604 --- [Shift Scheduler Demo] [           main] c.e.s.s.ShiftChangeDataInitializer       : �V�t�g�ύX�\���f�[�^�͊��ɑ��݂��܂�
2025-10-26T21:40:34.657+09:00 DEBUG 16604 --- [Shift Scheduler Demo] [           main] org.hibernate.SQL                        : select e1_0.id,e1_0.created_at,e1_0.eligible_full,e1_0.eligible_short_afternoon,e1_0.eligible_short_morning,e1_0.name,e1_0.overtime_allowed,e1_0.overtime_daily_max_hours,e1_0.overtime_weekly_max_hours,e1_0.role from employees e1_0
Hibernate: select e1_0.id,e1_0.created_at,e1_0.eligible_full,e1_0.eligible_short_afternoon,e1_0.eligible_short_morning,e1_0.name,e1_0.overtime_allowed,e1_0.overtime_daily_max_hours,e1_0.overtime_weekly_max_hours,e1_0.role from employees e1_0
2025-10-26T21:40:34.692+09:00 DEBUG 16604 --- [Shift Scheduler Demo] [           main] org.hibernate.SQL                        : select s1_0.employee_id,s1_1.id,s1_1.code,s1_1.created_at,s1_1.description,s1_1.name,s1_1.priority,s1_1.updated_at from employee_skills s1_0 join skills s1_1 on s1_1.id=s1_0.skill_id where s1_0.employee_id=?
Hibernate: select s1_0.employee_id,s1_1.id,s1_1.code,s1_1.created_at,s1_1.description,s1_1.name,s1_1.priority,s1_1.updated_at from employee_skills s1_0 join skills s1_1 on s1_1.id=s1_0.skill_id where s1_0.employee_id=?
2025-10-26T21:40:34.696+09:00 DEBUG 16604 --- [Shift Scheduler Demo] [           main] org.hibernate.SQL                        : select s1_0.employee_id,s1_1.id,s1_1.code,s1_1.created_at,s1_1.description,s1_1.name,s1_1.priority,s1_1.updated_at from employee_skills s1_0 join skills s1_1 on s1_1.id=s1_0.skill_id where s1_0.employee_id=?
Hibernate: select s1_0.employee_id,s1_1.id,s1_1.code,s1_1.created_at,s1_1.description,s1_1.name,s1_1.priority,s1_1.updated_at from employee_skills s1_0 join skills s1_1 on s1_1.id=s1_0.skill_id where s1_0.employee_id=?
2025-10-26T21:40:34.699+09:00 DEBUG 16604 --- [Shift Scheduler Demo] [           main] org.hibernate.SQL                        : select s1_0.employee_id,s1_1.id,s1_1.code,s1_1.created_at,s1_1.description,s1_1.name,s1_1.priority,s1_1.updated_at from employee_skills s1_0 join skills s1_1 on s1_1.id=s1_0.skill_id where s1_0.employee_id=?
Hibernate: select s1_0.employee_id,s1_1.id,s1_1.code,s1_1.created_at,s1_1.description,s1_1.name,s1_1.priority,s1_1.updated_at from employee_skills s1_0 join skills s1_1 on s1_1.id=s1_0.skill_id where s1_0.employee_id=?
2025-10-26T21:40:34.700+09:00 DEBUG 16604 --- [Shift Scheduler Demo] [           main] org.hibernate.SQL                        : select s1_0.employee_id,s1_1.id,s1_1.code,s1_1.created_at,s1_1.description,s1_1.name,s1_1.priority,s1_1.updated_at from employee_skills s1_0 join skills s1_1 on s1_1.id=s1_0.skill_id where s1_0.employee_id=?
Hibernate: select s1_0.employee_id,s1_1.id,s1_1.code,s1_1.created_at,s1_1.description,s1_1.name,s1_1.priority,s1_1.updated_at from employee_skills s1_0 join skills s1_1 on s1_1.id=s1_0.skill_id where s1_0.employee_id=?
2025-10-26T21:40:34.701+09:00 DEBUG 16604 --- [Shift Scheduler Demo] [           main] org.hibernate.SQL                        : select s1_0.employee_id,s1_1.id,s1_1.code,s1_1.created_at,s1_1.description,s1_1.name,s1_1.priority,s1_1.updated_at from employee_skills s1_0 join skills s1_1 on s1_1.id=s1_0.skill_id where s1_0.employee_id=?
Hibernate: select s1_0.employee_id,s1_1.id,s1_1.code,s1_1.created_at,s1_1.description,s1_1.name,s1_1.priority,s1_1.updated_at from employee_skills s1_0 join skills s1_1 on s1_1.id=s1_0.skill_id where s1_0.employee_id=?
2025-10-26T21:40:34.701+09:00 DEBUG 16604 --- [Shift Scheduler Demo] [           main] org.hibernate.SQL                        : select s1_0.employee_id,s1_1.id,s1_1.code,s1_1.created_at,s1_1.description,s1_1.name,s1_1.priority,s1_1.updated_at from employee_skills s1_0 join skills s1_1 on s1_1.id=s1_0.skill_id where s1_0.employee_id=?
Hibernate: select s1_0.employee_id,s1_1.id,s1_1.code,s1_1.created_at,s1_1.description,s1_1.name,s1_1.priority,s1_1.updated_at from employee_skills s1_0 join skills s1_1 on s1_1.id=s1_0.skill_id where s1_0.employee_id=?
2025-10-26T21:40:34.702+09:00 DEBUG 16604 --- [Shift Scheduler Demo] [           main] org.hibernate.SQL                        : select s1_0.employee_id,s1_1.id,s1_1.code,s1_1.created_at,s1_1.description,s1_1.name,s1_1.priority,s1_1.updated_at from employee_skills s1_0 join skills s1_1 on s1_1.id=s1_0.skill_id where s1_0.employee_id=?
Hibernate: select s1_0.employee_id,s1_1.id,s1_1.code,s1_1.created_at,s1_1.description,s1_1.name,s1_1.priority,s1_1.updated_at from employee_skills s1_0 join skills s1_1 on s1_1.id=s1_0.skill_id where s1_0.employee_id=?
2025-10-26T21:40:34.702+09:00 DEBUG 16604 --- [Shift Scheduler Demo] [           main] org.hibernate.SQL                        : select s1_0.employee_id,s1_1.id,s1_1.code,s1_1.created_at,s1_1.description,s1_1.name,s1_1.priority,s1_1.updated_at from employee_skills s1_0 join skills s1_1 on s1_1.id=s1_0.skill_id where s1_0.employee_id=?
Hibernate: select s1_0.employee_id,s1_1.id,s1_1.code,s1_1.created_at,s1_1.description,s1_1.name,s1_1.priority,s1_1.updated_at from employee_skills s1_0 join skills s1_1 on s1_1.id=s1_0.skill_id where s1_0.employee_id=?
2025-10-26T21:40:34.704+09:00 DEBUG 16604 --- [Shift Scheduler Demo] [           main] org.hibernate.SQL                        : select s1_0.employee_id,s1_1.id,s1_1.code,s1_1.created_at,s1_1.description,s1_1.name,s1_1.priority,s1_1.updated_at from employee_skills s1_0 join skills s1_1 on s1_1.id=s1_0.skill_id where s1_0.employee_id=?
Hibernate: select s1_0.employee_id,s1_1.id,s1_1.code,s1_1.created_at,s1_1.description,s1_1.name,s1_1.priority,s1_1.updated_at from employee_skills s1_0 join skills s1_1 on s1_1.id=s1_0.skill_id where s1_0.employee_id=?
2025-10-26T21:40:34.704+09:00 DEBUG 16604 --- [Shift Scheduler Demo] [           main] org.hibernate.SQL                        : select s1_0.employee_id,s1_1.id,s1_1.code,s1_1.created_at,s1_1.description,s1_1.name,s1_1.priority,s1_1.updated_at from employee_skills s1_0 join skills s1_1 on s1_1.id=s1_0.skill_id where s1_0.employee_id=?
Hibernate: select s1_0.employee_id,s1_1.id,s1_1.code,s1_1.created_at,s1_1.description,s1_1.name,s1_1.priority,s1_1.updated_at from employee_skills s1_0 join skills s1_1 on s1_1.id=s1_0.skill_id where s1_0.employee_id=?
2025-10-26T21:40:34.705+09:00 DEBUG 16604 --- [Shift Scheduler Demo] [           main] org.hibernate.SQL                        : select s1_0.employee_id,s1_1.id,s1_1.code,s1_1.created_at,s1_1.description,s1_1.name,s1_1.priority,s1_1.updated_at from employee_skills s1_0 join skills s1_1 on s1_1.id=s1_0.skill_id where s1_0.employee_id=?
Hibernate: select s1_0.employee_id,s1_1.id,s1_1.code,s1_1.created_at,s1_1.description,s1_1.name,s1_1.priority,s1_1.updated_at from employee_skills s1_0 join skills s1_1 on s1_1.id=s1_0.skill_id where s1_0.employee_id=?
2025-10-26T21:40:34.706+09:00 DEBUG 16604 --- [Shift Scheduler Demo] [           main] org.hibernate.SQL                        : select s1_0.employee_id,s1_1.id,s1_1.code,s1_1.created_at,s1_1.description,s1_1.name,s1_1.priority,s1_1.updated_at from employee_skills s1_0 join skills s1_1 on s1_1.id=s1_0.skill_id where s1_0.employee_id=?
Hibernate: select s1_0.employee_id,s1_1.id,s1_1.code,s1_1.created_at,s1_1.description,s1_1.name,s1_1.priority,s1_1.updated_at from employee_skills s1_0 join skills s1_1 on s1_1.id=s1_0.skill_id where s1_0.employee_id=?
2025-10-26T21:40:34.706+09:00 DEBUG 16604 --- [Shift Scheduler Demo] [           main] org.hibernate.SQL                        : select s1_0.employee_id,s1_1.id,s1_1.code,s1_1.created_at,s1_1.description,s1_1.name,s1_1.priority,s1_1.updated_at from employee_skills s1_0 join skills s1_1 on s1_1.id=s1_0.skill_id where s1_0.employee_id=?
Hibernate: select s1_0.employee_id,s1_1.id,s1_1.code,s1_1.created_at,s1_1.description,s1_1.name,s1_1.priority,s1_1.updated_at from employee_skills s1_0 join skills s1_1 on s1_1.id=s1_0.skill_id where s1_0.employee_id=?
2025-10-26T21:40:34.707+09:00 DEBUG 16604 --- [Shift Scheduler Demo] [           main] org.hibernate.SQL                        : select s1_0.employee_id,s1_1.id,s1_1.code,s1_1.created_at,s1_1.description,s1_1.name,s1_1.priority,s1_1.updated_at from employee_skills s1_0 join skills s1_1 on s1_1.id=s1_0.skill_id where s1_0.employee_id=?
Hibernate: select s1_0.employee_id,s1_1.id,s1_1.code,s1_1.created_at,s1_1.description,s1_1.name,s1_1.priority,s1_1.updated_at from employee_skills s1_0 join skills s1_1 on s1_1.id=s1_0.skill_id where s1_0.employee_id=?
2025-10-26T21:40:34.707+09:00 DEBUG 16604 --- [Shift Scheduler Demo] [           main] org.hibernate.SQL                        : select s1_0.employee_id,s1_1.id,s1_1.code,s1_1.created_at,s1_1.description,s1_1.name,s1_1.priority,s1_1.updated_at from employee_skills s1_0 join skills s1_1 on s1_1.id=s1_0.skill_id where s1_0.employee_id=?
Hibernate: select s1_0.employee_id,s1_1.id,s1_1.code,s1_1.created_at,s1_1.description,s1_1.name,s1_1.priority,s1_1.updated_at from employee_skills s1_0 join skills s1_1 on s1_1.id=s1_0.skill_id where s1_0.employee_id=?
2025-10-26T21:40:34.708+09:00 DEBUG 16604 --- [Shift Scheduler Demo] [           main] org.hibernate.SQL                        : select s1_0.employee_id,s1_1.id,s1_1.code,s1_1.created_at,s1_1.description,s1_1.name,s1_1.priority,s1_1.updated_at from employee_skills s1_0 join skills s1_1 on s1_1.id=s1_0.skill_id where s1_0.employee_id=?
Hibernate: select s1_0.employee_id,s1_1.id,s1_1.code,s1_1.created_at,s1_1.description,s1_1.name,s1_1.priority,s1_1.updated_at from employee_skills s1_0 join skills s1_1 on s1_1.id=s1_0.skill_id where s1_0.employee_id=?
2025-10-26T21:40:34.709+09:00 DEBUG 16604 --- [Shift Scheduler Demo] [           main] org.hibernate.SQL                        : select s1_0.employee_id,s1_1.id,s1_1.code,s1_1.created_at,s1_1.description,s1_1.name,s1_1.priority,s1_1.updated_at from employee_skills s1_0 join skills s1_1 on s1_1.id=s1_0.skill_id where s1_0.employee_id=?
Hibernate: select s1_0.employee_id,s1_1.id,s1_1.code,s1_1.created_at,s1_1.description,s1_1.name,s1_1.priority,s1_1.updated_at from employee_skills s1_0 join skills s1_1 on s1_1.id=s1_0.skill_id where s1_0.employee_id=?
2025-10-26T21:40:34.711+09:00 DEBUG 16604 --- [Shift Scheduler Demo] [           main] org.hibernate.SQL                        : select s1_0.employee_id,s1_1.id,s1_1.code,s1_1.created_at,s1_1.description,s1_1.name,s1_1.priority,s1_1.updated_at from employee_skills s1_0 join skills s1_1 on s1_1.id=s1_0.skill_id where s1_0.employee_id=?
Hibernate: select s1_0.employee_id,s1_1.id,s1_1.code,s1_1.created_at,s1_1.description,s1_1.name,s1_1.priority,s1_1.updated_at from employee_skills s1_0 join skills s1_1 on s1_1.id=s1_0.skill_id where s1_0.employee_id=?
2025-10-26T21:40:34.712+09:00 DEBUG 16604 --- [Shift Scheduler Demo] [           main] org.hibernate.SQL                        : select s1_0.employee_id,s1_1.id,s1_1.code,s1_1.created_at,s1_1.description,s1_1.name,s1_1.priority,s1_1.updated_at from employee_skills s1_0 join skills s1_1 on s1_1.id=s1_0.skill_id where s1_0.employee_id=?
Hibernate: select s1_0.employee_id,s1_1.id,s1_1.code,s1_1.created_at,s1_1.description,s1_1.name,s1_1.priority,s1_1.updated_at from employee_skills s1_0 join skills s1_1 on s1_1.id=s1_0.skill_id where s1_0.employee_id=?
2025-10-26T21:40:34.714+09:00 DEBUG 16604 --- [Shift Scheduler Demo] [           main] org.hibernate.SQL                        : select s1_0.employee_id,s1_1.id,s1_1.code,s1_1.created_at,s1_1.description,s1_1.name,s1_1.priority,s1_1.updated_at from employee_skills s1_0 join skills s1_1 on s1_1.id=s1_0.skill_id where s1_0.employee_id=?
Hibernate: select s1_0.employee_id,s1_1.id,s1_1.code,s1_1.created_at,s1_1.description,s1_1.name,s1_1.priority,s1_1.updated_at from employee_skills s1_0 join skills s1_1 on s1_1.id=s1_0.skill_id where s1_0.employee_id=?
2025-10-26T21:40:34.715+09:00 DEBUG 16604 --- [Shift Scheduler Demo] [           main] org.hibernate.SQL                        : select s1_0.employee_id,s1_1.id,s1_1.code,s1_1.created_at,s1_1.description,s1_1.name,s1_1.priority,s1_1.updated_at from employee_skills s1_0 join skills s1_1 on s1_1.id=s1_0.skill_id where s1_0.employee_id=?
Hibernate: select s1_0.employee_id,s1_1.id,s1_1.code,s1_1.created_at,s1_1.description,s1_1.name,s1_1.priority,s1_1.updated_at from employee_skills s1_0 join skills s1_1 on s1_1.id=s1_0.skill_id where s1_0.employee_id=?
2025-10-26T21:40:34.716+09:00 DEBUG 16604 --- [Shift Scheduler Demo] [           main] org.hibernate.SQL                        : select s1_0.employee_id,s1_1.id,s1_1.code,s1_1.created_at,s1_1.description,s1_1.name,s1_1.priority,s1_1.updated_at from employee_skills s1_0 join skills s1_1 on s1_1.id=s1_0.skill_id where s1_0.employee_id=?
Hibernate: select s1_0.employee_id,s1_1.id,s1_1.code,s1_1.created_at,s1_1.description,s1_1.name,s1_1.priority,s1_1.updated_at from employee_skills s1_0 join skills s1_1 on s1_1.id=s1_0.skill_id where s1_0.employee_id=?
2025-10-26T21:40:34.716+09:00 DEBUG 16604 --- [Shift Scheduler Demo] [           main] org.hibernate.SQL                        : select s1_0.employee_id,s1_1.id,s1_1.code,s1_1.created_at,s1_1.description,s1_1.name,s1_1.priority,s1_1.updated_at from employee_skills s1_0 join skills s1_1 on s1_1.id=s1_0.skill_id where s1_0.employee_id=?
Hibernate: select s1_0.employee_id,s1_1.id,s1_1.code,s1_1.created_at,s1_1.description,s1_1.name,s1_1.priority,s1_1.updated_at from employee_skills s1_0 join skills s1_1 on s1_1.id=s1_0.skill_id where s1_0.employee_id=?
2025-10-26T21:40:34.717+09:00 DEBUG 16604 --- [Shift Scheduler Demo] [           main] org.hibernate.SQL                        : select s1_0.employee_id,s1_1.id,s1_1.code,s1_1.created_at,s1_1.description,s1_1.name,s1_1.priority,s1_1.updated_at from employee_skills s1_0 join skills s1_1 on s1_1.id=s1_0.skill_id where s1_0.employee_id=?
Hibernate: select s1_0.employee_id,s1_1.id,s1_1.code,s1_1.created_at,s1_1.description,s1_1.name,s1_1.priority,s1_1.updated_at from employee_skills s1_0 join skills s1_1 on s1_1.id=s1_0.skill_id where s1_0.employee_id=?
2025-10-26T21:40:34.718+09:00 DEBUG 16604 --- [Shift Scheduler Demo] [           main] org.hibernate.SQL                        : select s1_0.employee_id,s1_1.id,s1_1.code,s1_1.created_at,s1_1.description,s1_1.name,s1_1.priority,s1_1.updated_at from employee_skills s1_0 join skills s1_1 on s1_1.id=s1_0.skill_id where s1_0.employee_id=?
Hibernate: select s1_0.employee_id,s1_1.id,s1_1.code,s1_1.created_at,s1_1.description,s1_1.name,s1_1.priority,s1_1.updated_at from employee_skills s1_0 join skills s1_1 on s1_1.id=s1_0.skill_id where s1_0.employee_id=?
2025-10-26T21:40:34.719+09:00 DEBUG 16604 --- [Shift Scheduler Demo] [           main] org.hibernate.SQL                        : select s1_0.employee_id,s1_1.id,s1_1.code,s1_1.created_at,s1_1.description,s1_1.name,s1_1.priority,s1_1.updated_at from employee_skills s1_0 join skills s1_1 on s1_1.id=s1_0.skill_id where s1_0.employee_id=?
Hibernate: select s1_0.employee_id,s1_1.id,s1_1.code,s1_1.created_at,s1_1.description,s1_1.name,s1_1.priority,s1_1.updated_at from employee_skills s1_0 join skills s1_1 on s1_1.id=s1_0.skill_id where s1_0.employee_id=?
2025-10-26T21:40:34.720+09:00 DEBUG 16604 --- [Shift Scheduler Demo] [           main] org.hibernate.SQL                        : select s1_0.employee_id,s1_1.id,s1_1.code,s1_1.created_at,s1_1.description,s1_1.name,s1_1.priority,s1_1.updated_at from employee_skills s1_0 join skills s1_1 on s1_1.id=s1_0.skill_id where s1_0.employee_id=?
Hibernate: select s1_0.employee_id,s1_1.id,s1_1.code,s1_1.created_at,s1_1.description,s1_1.name,s1_1.priority,s1_1.updated_at from employee_skills s1_0 join skills s1_1 on s1_1.id=s1_0.skill_id where s1_0.employee_id=?
2025-10-26T21:40:34.720+09:00 DEBUG 16604 --- [Shift Scheduler Demo] [           main] org.hibernate.SQL                        : select s1_0.employee_id,s1_1.id,s1_1.code,s1_1.created_at,s1_1.description,s1_1.name,s1_1.priority,s1_1.updated_at from employee_skills s1_0 join skills s1_1 on s1_1.id=s1_0.skill_id where s1_0.employee_id=?
Hibernate: select s1_0.employee_id,s1_1.id,s1_1.code,s1_1.created_at,s1_1.description,s1_1.name,s1_1.priority,s1_1.updated_at from employee_skills s1_0 join skills s1_1 on s1_1.id=s1_0.skill_id where s1_0.employee_id=?
2025-10-26T21:40:34.721+09:00 DEBUG 16604 --- [Shift Scheduler Demo] [           main] org.hibernate.SQL                        : select s1_0.employee_id,s1_1.id,s1_1.code,s1_1.created_at,s1_1.description,s1_1.name,s1_1.priority,s1_1.updated_at from employee_skills s1_0 join skills s1_1 on s1_1.id=s1_0.skill_id where s1_0.employee_id=?
Hibernate: select s1_0.employee_id,s1_1.id,s1_1.code,s1_1.created_at,s1_1.description,s1_1.name,s1_1.priority,s1_1.updated_at from employee_skills s1_0 join skills s1_1 on s1_1.id=s1_0.skill_id where s1_0.employee_id=?
2025-10-26T21:40:34.721+09:00 DEBUG 16604 --- [Shift Scheduler Demo] [           main] org.hibernate.SQL                        : select s1_0.employee_id,s1_1.id,s1_1.code,s1_1.created_at,s1_1.description,s1_1.name,s1_1.priority,s1_1.updated_at from employee_skills s1_0 join skills s1_1 on s1_1.id=s1_0.skill_id where s1_0.employee_id=?
Hibernate: select s1_0.employee_id,s1_1.id,s1_1.code,s1_1.created_at,s1_1.description,s1_1.name,s1_1.priority,s1_1.updated_at from employee_skills s1_0 join skills s1_1 on s1_1.id=s1_0.skill_id where s1_0.employee_id=?
2025-10-26T21:40:34.818+09:00 DEBUG 16604 --- [Shift Scheduler Demo] [           main] org.hibernate.SQL                        : select er1_0.id,er1_0.allow_holiday_work,er1_0.allow_multiple_shifts_per_day,er1_0.daily_max_hours,er1_0.employee_id,er1_0.max_consecutive_days,er1_0.min_rest_hours,er1_0.weekly_max_hours from employee_rules er1_0 left join employees e1_0 on e1_0.id=er1_0.employee_id where e1_0.id=?
Hibernate: select er1_0.id,er1_0.allow_holiday_work,er1_0.allow_multiple_shifts_per_day,er1_0.daily_max_hours,er1_0.employee_id,er1_0.max_consecutive_days,er1_0.min_rest_hours,er1_0.weekly_max_hours from employee_rules er1_0 left join employees e1_0 on e1_0.id=er1_0.employee_id where e1_0.id=?
2025-10-26T21:40:34.847+09:00 DEBUG 16604 --- [Shift Scheduler Demo] [           main] org.hibernate.SQL                        : select er1_0.id,er1_0.allow_holiday_work,er1_0.allow_multiple_shifts_per_day,er1_0.daily_max_hours,er1_0.employee_id,er1_0.max_consecutive_days,er1_0.min_rest_hours,er1_0.weekly_max_hours from employee_rules er1_0 left join employees e1_0 on e1_0.id=er1_0.employee_id where e1_0.id=?
Hibernate: select er1_0.id,er1_0.allow_holiday_work,er1_0.allow_multiple_shifts_per_day,er1_0.daily_max_hours,er1_0.employee_id,er1_0.max_consecutive_days,er1_0.min_rest_hours,er1_0.weekly_max_hours from employee_rules er1_0 left join employees e1_0 on e1_0.id=er1_0.employee_id where e1_0.id=?
2025-10-26T21:40:34.850+09:00 DEBUG 16604 --- [Shift Scheduler Demo] [           main] org.hibernate.SQL                        : select er1_0.id,er1_0.allow_holiday_work,er1_0.allow_multiple_shifts_per_day,er1_0.daily_max_hours,er1_0.employee_id,er1_0.max_consecutive_days,er1_0.min_rest_hours,er1_0.weekly_max_hours from employee_rules er1_0 left join employees e1_0 on e1_0.id=er1_0.employee_id where e1_0.id=?
Hibernate: select er1_0.id,er1_0.allow_holiday_work,er1_0.allow_multiple_shifts_per_day,er1_0.daily_max_hours,er1_0.employee_id,er1_0.max_consecutive_days,er1_0.min_rest_hours,er1_0.weekly_max_hours from employee_rules er1_0 left join employees e1_0 on e1_0.id=er1_0.employee_id where e1_0.id=?
2025-10-26T21:40:34.854+09:00 DEBUG 16604 --- [Shift Scheduler Demo] [           main] org.hibernate.SQL                        : select er1_0.id,er1_0.allow_holiday_work,er1_0.allow_multiple_shifts_per_day,er1_0.daily_max_hours,er1_0.employee_id,er1_0.max_consecutive_days,er1_0.min_rest_hours,er1_0.weekly_max_hours from employee_rules er1_0 left join employees e1_0 on e1_0.id=er1_0.employee_id where e1_0.id=?
Hibernate: select er1_0.id,er1_0.allow_holiday_work,er1_0.allow_multiple_shifts_per_day,er1_0.daily_max_hours,er1_0.employee_id,er1_0.max_consecutive_days,er1_0.min_rest_hours,er1_0.weekly_max_hours from employee_rules er1_0 left join employees e1_0 on e1_0.id=er1_0.employee_id where e1_0.id=?
2025-10-26T21:40:34.858+09:00 DEBUG 16604 --- [Shift Scheduler Demo] [           main] org.hibernate.SQL                        : select er1_0.id,er1_0.allow_holiday_work,er1_0.allow_multiple_shifts_per_day,er1_0.daily_max_hours,er1_0.employee_id,er1_0.max_consecutive_days,er1_0.min_rest_hours,er1_0.weekly_max_hours from employee_rules er1_0 left join employees e1_0 on e1_0.id=er1_0.employee_id where e1_0.id=?
Hibernate: select er1_0.id,er1_0.allow_holiday_work,er1_0.allow_multiple_shifts_per_day,er1_0.daily_max_hours,er1_0.employee_id,er1_0.max_consecutive_days,er1_0.min_rest_hours,er1_0.weekly_max_hours from employee_rules er1_0 left join employees e1_0 on e1_0.id=er1_0.employee_id where e1_0.id=?
2025-10-26T21:40:34.862+09:00 DEBUG 16604 --- [Shift Scheduler Demo] [           main] org.hibernate.SQL                        : select er1_0.id,er1_0.allow_holiday_work,er1_0.allow_multiple_shifts_per_day,er1_0.daily_max_hours,er1_0.employee_id,er1_0.max_consecutive_days,er1_0.min_rest_hours,er1_0.weekly_max_hours from employee_rules er1_0 left join employees e1_0 on e1_0.id=er1_0.employee_id where e1_0.id=?
Hibernate: select er1_0.id,er1_0.allow_holiday_work,er1_0.allow_multiple_shifts_per_day,er1_0.daily_max_hours,er1_0.employee_id,er1_0.max_consecutive_days,er1_0.min_rest_hours,er1_0.weekly_max_hours from employee_rules er1_0 left join employees e1_0 on e1_0.id=er1_0.employee_id where e1_0.id=?
2025-10-26T21:40:34.866+09:00 DEBUG 16604 --- [Shift Scheduler Demo] [           main] org.hibernate.SQL                        : select er1_0.id,er1_0.allow_holiday_work,er1_0.allow_multiple_shifts_per_day,er1_0.daily_max_hours,er1_0.employee_id,er1_0.max_consecutive_days,er1_0.min_rest_hours,er1_0.weekly_max_hours from employee_rules er1_0 left join employees e1_0 on e1_0.id=er1_0.employee_id where e1_0.id=?
Hibernate: select er1_0.id,er1_0.allow_holiday_work,er1_0.allow_multiple_shifts_per_day,er1_0.daily_max_hours,er1_0.employee_id,er1_0.max_consecutive_days,er1_0.min_rest_hours,er1_0.weekly_max_hours from employee_rules er1_0 left join employees e1_0 on e1_0.id=er1_0.employee_id where e1_0.id=?
2025-10-26T21:40:34.871+09:00 DEBUG 16604 --- [Shift Scheduler Demo] [           main] org.hibernate.SQL                        : select er1_0.id,er1_0.allow_holiday_work,er1_0.allow_multiple_shifts_per_day,er1_0.daily_max_hours,er1_0.employee_id,er1_0.max_consecutive_days,er1_0.min_rest_hours,er1_0.weekly_max_hours from employee_rules er1_0 left join employees e1_0 on e1_0.id=er1_0.employee_id where e1_0.id=?
Hibernate: select er1_0.id,er1_0.allow_holiday_work,er1_0.allow_multiple_shifts_per_day,er1_0.daily_max_hours,er1_0.employee_id,er1_0.max_consecutive_days,er1_0.min_rest_hours,er1_0.weekly_max_hours from employee_rules er1_0 left join employees e1_0 on e1_0.id=er1_0.employee_id where e1_0.id=?
2025-10-26T21:40:34.875+09:00 DEBUG 16604 --- [Shift Scheduler Demo] [           main] org.hibernate.SQL                        : select er1_0.id,er1_0.allow_holiday_work,er1_0.allow_multiple_shifts_per_day,er1_0.daily_max_hours,er1_0.employee_id,er1_0.max_consecutive_days,er1_0.min_rest_hours,er1_0.weekly_max_hours from employee_rules er1_0 left join employees e1_0 on e1_0.id=er1_0.employee_id where e1_0.id=?
Hibernate: select er1_0.id,er1_0.allow_holiday_work,er1_0.allow_multiple_shifts_per_day,er1_0.daily_max_hours,er1_0.employee_id,er1_0.max_consecutive_days,er1_0.min_rest_hours,er1_0.weekly_max_hours from employee_rules er1_0 left join employees e1_0 on e1_0.id=er1_0.employee_id where e1_0.id=?
2025-10-26T21:40:34.879+09:00 DEBUG 16604 --- [Shift Scheduler Demo] [           main] org.hibernate.SQL                        : select er1_0.id,er1_0.allow_holiday_work,er1_0.allow_multiple_shifts_per_day,er1_0.daily_max_hours,er1_0.employee_id,er1_0.max_consecutive_days,er1_0.min_rest_hours,er1_0.weekly_max_hours from employee_rules er1_0 left join employees e1_0 on e1_0.id=er1_0.employee_id where e1_0.id=?
Hibernate: select er1_0.id,er1_0.allow_holiday_work,er1_0.allow_multiple_shifts_per_day,er1_0.daily_max_hours,er1_0.employee_id,er1_0.max_consecutive_days,er1_0.min_rest_hours,er1_0.weekly_max_hours from employee_rules er1_0 left join employees e1_0 on e1_0.id=er1_0.employee_id where e1_0.id=?
2025-10-26T21:40:34.887+09:00 DEBUG 16604 --- [Shift Scheduler Demo] [           main] org.hibernate.SQL                        : select er1_0.id,er1_0.allow_holiday_work,er1_0.allow_multiple_shifts_per_day,er1_0.daily_max_hours,er1_0.employee_id,er1_0.max_consecutive_days,er1_0.min_rest_hours,er1_0.weekly_max_hours from employee_rules er1_0 left join employees e1_0 on e1_0.id=er1_0.employee_id where e1_0.id=?
Hibernate: select er1_0.id,er1_0.allow_holiday_work,er1_0.allow_multiple_shifts_per_day,er1_0.daily_max_hours,er1_0.employee_id,er1_0.max_consecutive_days,er1_0.min_rest_hours,er1_0.weekly_max_hours from employee_rules er1_0 left join employees e1_0 on e1_0.id=er1_0.employee_id where e1_0.id=?
2025-10-26T21:40:34.893+09:00 DEBUG 16604 --- [Shift Scheduler Demo] [           main] org.hibernate.SQL                        : select er1_0.id,er1_0.allow_holiday_work,er1_0.allow_multiple_shifts_per_day,er1_0.daily_max_hours,er1_0.employee_id,er1_0.max_consecutive_days,er1_0.min_rest_hours,er1_0.weekly_max_hours from employee_rules er1_0 left join employees e1_0 on e1_0.id=er1_0.employee_id where e1_0.id=?
Hibernate: select er1_0.id,er1_0.allow_holiday_work,er1_0.allow_multiple_shifts_per_day,er1_0.daily_max_hours,er1_0.employee_id,er1_0.max_consecutive_days,er1_0.min_rest_hours,er1_0.weekly_max_hours from employee_rules er1_0 left join employees e1_0 on e1_0.id=er1_0.employee_id where e1_0.id=?
2025-10-26T21:40:34.896+09:00 DEBUG 16604 --- [Shift Scheduler Demo] [           main] org.hibernate.SQL                        : select er1_0.id,er1_0.allow_holiday_work,er1_0.allow_multiple_shifts_per_day,er1_0.daily_max_hours,er1_0.employee_id,er1_0.max_consecutive_days,er1_0.min_rest_hours,er1_0.weekly_max_hours from employee_rules er1_0 left join employees e1_0 on e1_0.id=er1_0.employee_id where e1_0.id=?
Hibernate: select er1_0.id,er1_0.allow_holiday_work,er1_0.allow_multiple_shifts_per_day,er1_0.daily_max_hours,er1_0.employee_id,er1_0.max_consecutive_days,er1_0.min_rest_hours,er1_0.weekly_max_hours from employee_rules er1_0 left join employees e1_0 on e1_0.id=er1_0.employee_id where e1_0.id=?
2025-10-26T21:40:34.902+09:00 DEBUG 16604 --- [Shift Scheduler Demo] [           main] org.hibernate.SQL                        : select er1_0.id,er1_0.allow_holiday_work,er1_0.allow_multiple_shifts_per_day,er1_0.daily_max_hours,er1_0.employee_id,er1_0.max_consecutive_days,er1_0.min_rest_hours,er1_0.weekly_max_hours from employee_rules er1_0 left join employees e1_0 on e1_0.id=er1_0.employee_id where e1_0.id=?
Hibernate: select er1_0.id,er1_0.allow_holiday_work,er1_0.allow_multiple_shifts_per_day,er1_0.daily_max_hours,er1_0.employee_id,er1_0.max_consecutive_days,er1_0.min_rest_hours,er1_0.weekly_max_hours from employee_rules er1_0 left join employees e1_0 on e1_0.id=er1_0.employee_id where e1_0.id=?
2025-10-26T21:40:34.905+09:00 DEBUG 16604 --- [Shift Scheduler Demo] [           main] org.hibernate.SQL                        : select er1_0.id,er1_0.allow_holiday_work,er1_0.allow_multiple_shifts_per_day,er1_0.daily_max_hours,er1_0.employee_id,er1_0.max_consecutive_days,er1_0.min_rest_hours,er1_0.weekly_max_hours from employee_rules er1_0 left join employees e1_0 on e1_0.id=er1_0.employee_id where e1_0.id=?
Hibernate: select er1_0.id,er1_0.allow_holiday_work,er1_0.allow_multiple_shifts_per_day,er1_0.daily_max_hours,er1_0.employee_id,er1_0.max_consecutive_days,er1_0.min_rest_hours,er1_0.weekly_max_hours from employee_rules er1_0 left join employees e1_0 on e1_0.id=er1_0.employee_id where e1_0.id=?
2025-10-26T21:40:34.910+09:00 DEBUG 16604 --- [Shift Scheduler Demo] [           main] org.hibernate.SQL                        : select er1_0.id,er1_0.allow_holiday_work,er1_0.allow_multiple_shifts_per_day,er1_0.daily_max_hours,er1_0.employee_id,er1_0.max_consecutive_days,er1_0.min_rest_hours,er1_0.weekly_max_hours from employee_rules er1_0 left join employees e1_0 on e1_0.id=er1_0.employee_id where e1_0.id=?
Hibernate: select er1_0.id,er1_0.allow_holiday_work,er1_0.allow_multiple_shifts_per_day,er1_0.daily_max_hours,er1_0.employee_id,er1_0.max_consecutive_days,er1_0.min_rest_hours,er1_0.weekly_max_hours from employee_rules er1_0 left join employees e1_0 on e1_0.id=er1_0.employee_id where e1_0.id=?
2025-10-26T21:40:34.914+09:00 DEBUG 16604 --- [Shift Scheduler Demo] [           main] org.hibernate.SQL                        : select er1_0.id,er1_0.allow_holiday_work,er1_0.allow_multiple_shifts_per_day,er1_0.daily_max_hours,er1_0.employee_id,er1_0.max_consecutive_days,er1_0.min_rest_hours,er1_0.weekly_max_hours from employee_rules er1_0 left join employees e1_0 on e1_0.id=er1_0.employee_id where e1_0.id=?
Hibernate: select er1_0.id,er1_0.allow_holiday_work,er1_0.allow_multiple_shifts_per_day,er1_0.daily_max_hours,er1_0.employee_id,er1_0.max_consecutive_days,er1_0.min_rest_hours,er1_0.weekly_max_hours from employee_rules er1_0 left join employees e1_0 on e1_0.id=er1_0.employee_id where e1_0.id=?
2025-10-26T21:40:34.918+09:00 DEBUG 16604 --- [Shift Scheduler Demo] [           main] org.hibernate.SQL                        : select er1_0.id,er1_0.allow_holiday_work,er1_0.allow_multiple_shifts_per_day,er1_0.daily_max_hours,er1_0.employee_id,er1_0.max_consecutive_days,er1_0.min_rest_hours,er1_0.weekly_max_hours from employee_rules er1_0 left join employees e1_0 on e1_0.id=er1_0.employee_id where e1_0.id=?
Hibernate: select er1_0.id,er1_0.allow_holiday_work,er1_0.allow_multiple_shifts_per_day,er1_0.daily_max_hours,er1_0.employee_id,er1_0.max_consecutive_days,er1_0.min_rest_hours,er1_0.weekly_max_hours from employee_rules er1_0 left join employees e1_0 on e1_0.id=er1_0.employee_id where e1_0.id=?
2025-10-26T21:40:34.922+09:00 DEBUG 16604 --- [Shift Scheduler Demo] [           main] org.hibernate.SQL                        : select er1_0.id,er1_0.allow_holiday_work,er1_0.allow_multiple_shifts_per_day,er1_0.daily_max_hours,er1_0.employee_id,er1_0.max_consecutive_days,er1_0.min_rest_hours,er1_0.weekly_max_hours from employee_rules er1_0 left join employees e1_0 on e1_0.id=er1_0.employee_id where e1_0.id=?
Hibernate: select er1_0.id,er1_0.allow_holiday_work,er1_0.allow_multiple_shifts_per_day,er1_0.daily_max_hours,er1_0.employee_id,er1_0.max_consecutive_days,er1_0.min_rest_hours,er1_0.weekly_max_hours from employee_rules er1_0 left join employees e1_0 on e1_0.id=er1_0.employee_id where e1_0.id=?
2025-10-26T21:40:34.931+09:00 DEBUG 16604 --- [Shift Scheduler Demo] [           main] org.hibernate.SQL                        : select er1_0.id,er1_0.allow_holiday_work,er1_0.allow_multiple_shifts_per_day,er1_0.daily_max_hours,er1_0.employee_id,er1_0.max_consecutive_days,er1_0.min_rest_hours,er1_0.weekly_max_hours from employee_rules er1_0 left join employees e1_0 on e1_0.id=er1_0.employee_id where e1_0.id=?
Hibernate: select er1_0.id,er1_0.allow_holiday_work,er1_0.allow_multiple_shifts_per_day,er1_0.daily_max_hours,er1_0.employee_id,er1_0.max_consecutive_days,er1_0.min_rest_hours,er1_0.weekly_max_hours from employee_rules er1_0 left join employees e1_0 on e1_0.id=er1_0.employee_id where e1_0.id=?
2025-10-26T21:40:34.937+09:00 DEBUG 16604 --- [Shift Scheduler Demo] [           main] org.hibernate.SQL                        : select er1_0.id,er1_0.allow_holiday_work,er1_0.allow_multiple_shifts_per_day,er1_0.daily_max_hours,er1_0.employee_id,er1_0.max_consecutive_days,er1_0.min_rest_hours,er1_0.weekly_max_hours from employee_rules er1_0 left join employees e1_0 on e1_0.id=er1_0.employee_id where e1_0.id=?
Hibernate: select er1_0.id,er1_0.allow_holiday_work,er1_0.allow_multiple_shifts_per_day,er1_0.daily_max_hours,er1_0.employee_id,er1_0.max_consecutive_days,er1_0.min_rest_hours,er1_0.weekly_max_hours from employee_rules er1_0 left join employees e1_0 on e1_0.id=er1_0.employee_id where e1_0.id=?
2025-10-26T21:40:34.941+09:00 DEBUG 16604 --- [Shift Scheduler Demo] [           main] org.hibernate.SQL                        : select er1_0.id,er1_0.allow_holiday_work,er1_0.allow_multiple_shifts_per_day,er1_0.daily_max_hours,er1_0.employee_id,er1_0.max_consecutive_days,er1_0.min_rest_hours,er1_0.weekly_max_hours from employee_rules er1_0 left join employees e1_0 on e1_0.id=er1_0.employee_id where e1_0.id=?
Hibernate: select er1_0.id,er1_0.allow_holiday_work,er1_0.allow_multiple_shifts_per_day,er1_0.daily_max_hours,er1_0.employee_id,er1_0.max_consecutive_days,er1_0.min_rest_hours,er1_0.weekly_max_hours from employee_rules er1_0 left join employees e1_0 on e1_0.id=er1_0.employee_id where e1_0.id=?
2025-10-26T21:40:34.944+09:00 DEBUG 16604 --- [Shift Scheduler Demo] [           main] org.hibernate.SQL                        : select er1_0.id,er1_0.allow_holiday_work,er1_0.allow_multiple_shifts_per_day,er1_0.daily_max_hours,er1_0.employee_id,er1_0.max_consecutive_days,er1_0.min_rest_hours,er1_0.weekly_max_hours from employee_rules er1_0 left join employees e1_0 on e1_0.id=er1_0.employee_id where e1_0.id=?
Hibernate: select er1_0.id,er1_0.allow_holiday_work,er1_0.allow_multiple_shifts_per_day,er1_0.daily_max_hours,er1_0.employee_id,er1_0.max_consecutive_days,er1_0.min_rest_hours,er1_0.weekly_max_hours from employee_rules er1_0 left join employees e1_0 on e1_0.id=er1_0.employee_id where e1_0.id=?
2025-10-26T21:40:34.944+09:00 DEBUG 16604 --- [Shift Scheduler Demo] [           main] org.hibernate.SQL                        : select er1_0.id,er1_0.allow_holiday_work,er1_0.allow_multiple_shifts_per_day,er1_0.daily_max_hours,er1_0.employee_id,er1_0.max_consecutive_days,er1_0.min_rest_hours,er1_0.weekly_max_hours from employee_rules er1_0 left join employees e1_0 on e1_0.id=er1_0.employee_id where e1_0.id=?
Hibernate: select er1_0.id,er1_0.allow_holiday_work,er1_0.allow_multiple_shifts_per_day,er1_0.daily_max_hours,er1_0.employee_id,er1_0.max_consecutive_days,er1_0.min_rest_hours,er1_0.weekly_max_hours from employee_rules er1_0 left join employees e1_0 on e1_0.id=er1_0.employee_id where e1_0.id=?
2025-10-26T21:40:34.944+09:00 DEBUG 16604 --- [Shift Scheduler Demo] [           main] org.hibernate.SQL                        : select er1_0.id,er1_0.allow_holiday_work,er1_0.allow_multiple_shifts_per_day,er1_0.daily_max_hours,er1_0.employee_id,er1_0.max_consecutive_days,er1_0.min_rest_hours,er1_0.weekly_max_hours from employee_rules er1_0 left join employees e1_0 on e1_0.id=er1_0.employee_id where e1_0.id=?
Hibernate: select er1_0.id,er1_0.allow_holiday_work,er1_0.allow_multiple_shifts_per_day,er1_0.daily_max_hours,er1_0.employee_id,er1_0.max_consecutive_days,er1_0.min_rest_hours,er1_0.weekly_max_hours from employee_rules er1_0 left join employees e1_0 on e1_0.id=er1_0.employee_id where e1_0.id=?
2025-10-26T21:40:34.952+09:00 DEBUG 16604 --- [Shift Scheduler Demo] [           main] org.hibernate.SQL                        : select er1_0.id,er1_0.allow_holiday_work,er1_0.allow_multiple_shifts_per_day,er1_0.daily_max_hours,er1_0.employee_id,er1_0.max_consecutive_days,er1_0.min_rest_hours,er1_0.weekly_max_hours from employee_rules er1_0 left join employees e1_0 on e1_0.id=er1_0.employee_id where e1_0.id=?
Hibernate: select er1_0.id,er1_0.allow_holiday_work,er1_0.allow_multiple_shifts_per_day,er1_0.daily_max_hours,er1_0.employee_id,er1_0.max_consecutive_days,er1_0.min_rest_hours,er1_0.weekly_max_hours from employee_rules er1_0 left join employees e1_0 on e1_0.id=er1_0.employee_id where e1_0.id=?
2025-10-26T21:40:34.958+09:00 DEBUG 16604 --- [Shift Scheduler Demo] [           main] org.hibernate.SQL                        : select er1_0.id,er1_0.allow_holiday_work,er1_0.allow_multiple_shifts_per_day,er1_0.daily_max_hours,er1_0.employee_id,er1_0.max_consecutive_days,er1_0.min_rest_hours,er1_0.weekly_max_hours from employee_rules er1_0 left join employees e1_0 on e1_0.id=er1_0.employee_id where e1_0.id=?
Hibernate: select er1_0.id,er1_0.allow_holiday_work,er1_0.allow_multiple_shifts_per_day,er1_0.daily_max_hours,er1_0.employee_id,er1_0.max_consecutive_days,er1_0.min_rest_hours,er1_0.weekly_max_hours from employee_rules er1_0 left join employees e1_0 on e1_0.id=er1_0.employee_id where e1_0.id=?
2025-10-26T21:40:34.962+09:00 DEBUG 16604 --- [Shift Scheduler Demo] [           main] org.hibernate.SQL                        : select er1_0.id,er1_0.allow_holiday_work,er1_0.allow_multiple_shifts_per_day,er1_0.daily_max_hours,er1_0.employee_id,er1_0.max_consecutive_days,er1_0.min_rest_hours,er1_0.weekly_max_hours from employee_rules er1_0 left join employees e1_0 on e1_0.id=er1_0.employee_id where e1_0.id=?
Hibernate: select er1_0.id,er1_0.allow_holiday_work,er1_0.allow_multiple_shifts_per_day,er1_0.daily_max_hours,er1_0.employee_id,er1_0.max_consecutive_days,er1_0.min_rest_hours,er1_0.weekly_max_hours from employee_rules er1_0 left join employees e1_0 on e1_0.id=er1_0.employee_id where e1_0.id=?
2025-10-26T21:40:34.966+09:00 DEBUG 16604 --- [Shift Scheduler Demo] [           main] org.hibernate.SQL                        : select er1_0.id,er1_0.allow_holiday_work,er1_0.allow_multiple_shifts_per_day,er1_0.daily_max_hours,er1_0.employee_id,er1_0.max_consecutive_days,er1_0.min_rest_hours,er1_0.weekly_max_hours from employee_rules er1_0 left join employees e1_0 on e1_0.id=er1_0.employee_id where e1_0.id=?
Hibernate: select er1_0.id,er1_0.allow_holiday_work,er1_0.allow_multiple_shifts_per_day,er1_0.daily_max_hours,er1_0.employee_id,er1_0.max_consecutive_days,er1_0.min_rest_hours,er1_0.weekly_max_hours from employee_rules er1_0 left join employees e1_0 on e1_0.id=er1_0.employee_id where e1_0.id=?
2025-10-26T21:40:34.970+09:00 DEBUG 16604 --- [Shift Scheduler Demo] [           main] org.hibernate.SQL                        : select er1_0.id,er1_0.allow_holiday_work,er1_0.allow_multiple_shifts_per_day,er1_0.daily_max_hours,er1_0.employee_id,er1_0.max_consecutive_days,er1_0.min_rest_hours,er1_0.weekly_max_hours from employee_rules er1_0 left join employees e1_0 on e1_0.id=er1_0.employee_id where e1_0.id=?
Hibernate: select er1_0.id,er1_0.allow_holiday_work,er1_0.allow_multiple_shifts_per_day,er1_0.daily_max_hours,er1_0.employee_id,er1_0.max_consecutive_days,er1_0.min_rest_hours,er1_0.weekly_max_hours from employee_rules er1_0 left join employees e1_0 on e1_0.id=er1_0.employee_id where e1_0.id=?
2025-10-26T21:40:34.973+09:00 DEBUG 16604 --- [Shift Scheduler Demo] [           main] org.hibernate.SQL                        : select count(*) from employees e1_0
Hibernate: select count(*) from employees e1_0
2025-10-26T21:40:34.983+09:00 DEBUG 16604 --- [Shift Scheduler Demo] [           main] org.hibernate.SQL                        : select u1_0.id from users u1_0 where u1_0.username=? limit ?
Hibernate: select u1_0.id from users u1_0 where u1_0.username=? limit ?
2025-10-26T21:40:34.987+09:00 DEBUG 16604 --- [Shift Scheduler Demo] [           main] org.hibernate.SQL                        : select u1_0.id from users u1_0 where u1_0.username=? limit ?
Hibernate: select u1_0.id from users u1_0 where u1_0.username=? limit ?
2025-10-26T21:40:34.988+09:00  INFO 16604 --- [Shift Scheduler Demo] [           main] c.e.shiftv1.auth.UserDataInitializer     : ���[�U�[�f�[�^�̏��������������܂���
2025-10-26T21:40:34.990+09:00 DEBUG 16604 --- [Shift Scheduler Demo] [           main] org.hibernate.SQL                        : select e1_0.id,e1_0.created_at,e1_0.eligible_full,e1_0.eligible_short_afternoon,e1_0.eligible_short_morning,e1_0.name,e1_0.overtime_allowed,e1_0.overtime_daily_max_hours,e1_0.overtime_weekly_max_hours,e1_0.role from employees e1_0
Hibernate: select e1_0.id,e1_0.created_at,e1_0.eligible_full,e1_0.eligible_short_afternoon,e1_0.eligible_short_morning,e1_0.name,e1_0.overtime_allowed,e1_0.overtime_daily_max_hours,e1_0.overtime_weekly_max_hours,e1_0.role from employees e1_0
2025-10-26T21:40:34.994+09:00 DEBUG 16604 --- [Shift Scheduler Demo] [           main] org.hibernate.SQL                        : select s1_0.employee_id,s1_1.id,s1_1.code,s1_1.created_at,s1_1.description,s1_1.name,s1_1.priority,s1_1.updated_at from employee_skills s1_0 join skills s1_1 on s1_1.id=s1_0.skill_id where s1_0.employee_id=?
Hibernate: select s1_0.employee_id,s1_1.id,s1_1.code,s1_1.created_at,s1_1.description,s1_1.name,s1_1.priority,s1_1.updated_at from employee_skills s1_0 join skills s1_1 on s1_1.id=s1_0.skill_id where s1_0.employee_id=?
2025-10-26T21:40:34.997+09:00 DEBUG 16604 --- [Shift Scheduler Demo] [           main] org.hibernate.SQL                        : select s1_0.employee_id,s1_1.id,s1_1.code,s1_1.created_at,s1_1.description,s1_1.name,s1_1.priority,s1_1.updated_at from employee_skills s1_0 join skills s1_1 on s1_1.id=s1_0.skill_id where s1_0.employee_id=?
Hibernate: select s1_0.employee_id,s1_1.id,s1_1.code,s1_1.created_at,s1_1.description,s1_1.name,s1_1.priority,s1_1.updated_at from employee_skills s1_0 join skills s1_1 on s1_1.id=s1_0.skill_id where s1_0.employee_id=?
2025-10-26T21:40:34.998+09:00 DEBUG 16604 --- [Shift Scheduler Demo] [           main] org.hibernate.SQL                        : select s1_0.employee_id,s1_1.id,s1_1.code,s1_1.created_at,s1_1.description,s1_1.name,s1_1.priority,s1_1.updated_at from employee_skills s1_0 join skills s1_1 on s1_1.id=s1_0.skill_id where s1_0.employee_id=?
Hibernate: select s1_0.employee_id,s1_1.id,s1_1.code,s1_1.created_at,s1_1.description,s1_1.name,s1_1.priority,s1_1.updated_at from employee_skills s1_0 join skills s1_1 on s1_1.id=s1_0.skill_id where s1_0.employee_id=?
2025-10-26T21:40:34.999+09:00 DEBUG 16604 --- [Shift Scheduler Demo] [           main] org.hibernate.SQL                        : select s1_0.employee_id,s1_1.id,s1_1.code,s1_1.created_at,s1_1.description,s1_1.name,s1_1.priority,s1_1.updated_at from employee_skills s1_0 join skills s1_1 on s1_1.id=s1_0.skill_id where s1_0.employee_id=?
Hibernate: select s1_0.employee_id,s1_1.id,s1_1.code,s1_1.created_at,s1_1.description,s1_1.name,s1_1.priority,s1_1.updated_at from employee_skills s1_0 join skills s1_1 on s1_1.id=s1_0.skill_id where s1_0.employee_id=?
2025-10-26T21:40:35.000+09:00 DEBUG 16604 --- [Shift Scheduler Demo] [           main] org.hibernate.SQL                        : select s1_0.employee_id,s1_1.id,s1_1.code,s1_1.created_at,s1_1.description,s1_1.name,s1_1.priority,s1_1.updated_at from employee_skills s1_0 join skills s1_1 on s1_1.id=s1_0.skill_id where s1_0.employee_id=?
Hibernate: select s1_0.employee_id,s1_1.id,s1_1.code,s1_1.created_at,s1_1.description,s1_1.name,s1_1.priority,s1_1.updated_at from employee_skills s1_0 join skills s1_1 on s1_1.id=s1_0.skill_id where s1_0.employee_id=?
2025-10-26T21:40:35.001+09:00 DEBUG 16604 --- [Shift Scheduler Demo] [           main] org.hibernate.SQL                        : select s1_0.employee_id,s1_1.id,s1_1.code,s1_1.created_at,s1_1.description,s1_1.name,s1_1.priority,s1_1.updated_at from employee_skills s1_0 join skills s1_1 on s1_1.id=s1_0.skill_id where s1_0.employee_id=?
Hibernate: select s1_0.employee_id,s1_1.id,s1_1.code,s1_1.created_at,s1_1.description,s1_1.name,s1_1.priority,s1_1.updated_at from employee_skills s1_0 join skills s1_1 on s1_1.id=s1_0.skill_id where s1_0.employee_id=?
2025-10-26T21:40:35.001+09:00 DEBUG 16604 --- [Shift Scheduler Demo] [           main] org.hibernate.SQL                        : select s1_0.employee_id,s1_1.id,s1_1.code,s1_1.created_at,s1_1.description,s1_1.name,s1_1.priority,s1_1.updated_at from employee_skills s1_0 join skills s1_1 on s1_1.id=s1_0.skill_id where s1_0.employee_id=?
Hibernate: select s1_0.employee_id,s1_1.id,s1_1.code,s1_1.created_at,s1_1.description,s1_1.name,s1_1.priority,s1_1.updated_at from employee_skills s1_0 join skills s1_1 on s1_1.id=s1_0.skill_id where s1_0.employee_id=?
2025-10-26T21:40:35.002+09:00 DEBUG 16604 --- [Shift Scheduler Demo] [           main] org.hibernate.SQL                        : select s1_0.employee_id,s1_1.id,s1_1.code,s1_1.created_at,s1_1.description,s1_1.name,s1_1.priority,s1_1.updated_at from employee_skills s1_0 join skills s1_1 on s1_1.id=s1_0.skill_id where s1_0.employee_id=?
Hibernate: select s1_0.employee_id,s1_1.id,s1_1.code,s1_1.created_at,s1_1.description,s1_1.name,s1_1.priority,s1_1.updated_at from employee_skills s1_0 join skills s1_1 on s1_1.id=s1_0.skill_id where s1_0.employee_id=?
2025-10-26T21:40:35.002+09:00 DEBUG 16604 --- [Shift Scheduler Demo] [           main] org.hibernate.SQL                        : select s1_0.employee_id,s1_1.id,s1_1.code,s1_1.created_at,s1_1.description,s1_1.name,s1_1.priority,s1_1.updated_at from employee_skills s1_0 join skills s1_1 on s1_1.id=s1_0.skill_id where s1_0.employee_id=?
Hibernate: select s1_0.employee_id,s1_1.id,s1_1.code,s1_1.created_at,s1_1.description,s1_1.name,s1_1.priority,s1_1.updated_at from employee_skills s1_0 join skills s1_1 on s1_1.id=s1_0.skill_id where s1_0.employee_id=?
2025-10-26T21:40:35.003+09:00 DEBUG 16604 --- [Shift Scheduler Demo] [           main] org.hibernate.SQL                        : select s1_0.employee_id,s1_1.id,s1_1.code,s1_1.created_at,s1_1.description,s1_1.name,s1_1.priority,s1_1.updated_at from employee_skills s1_0 join skills s1_1 on s1_1.id=s1_0.skill_id where s1_0.employee_id=?
Hibernate: select s1_0.employee_id,s1_1.id,s1_1.code,s1_1.created_at,s1_1.description,s1_1.name,s1_1.priority,s1_1.updated_at from employee_skills s1_0 join skills s1_1 on s1_1.id=s1_0.skill_id where s1_0.employee_id=?
2025-10-26T21:40:35.003+09:00 DEBUG 16604 --- [Shift Scheduler Demo] [           main] org.hibernate.SQL                        : select s1_0.employee_id,s1_1.id,s1_1.code,s1_1.created_at,s1_1.description,s1_1.name,s1_1.priority,s1_1.updated_at from employee_skills s1_0 join skills s1_1 on s1_1.id=s1_0.skill_id where s1_0.employee_id=?
Hibernate: select s1_0.employee_id,s1_1.id,s1_1.code,s1_1.created_at,s1_1.description,s1_1.name,s1_1.priority,s1_1.updated_at from employee_skills s1_0 join skills s1_1 on s1_1.id=s1_0.skill_id where s1_0.employee_id=?
2025-10-26T21:40:35.004+09:00 DEBUG 16604 --- [Shift Scheduler Demo] [           main] org.hibernate.SQL                        : select s1_0.employee_id,s1_1.id,s1_1.code,s1_1.created_at,s1_1.description,s1_1.name,s1_1.priority,s1_1.updated_at from employee_skills s1_0 join skills s1_1 on s1_1.id=s1_0.skill_id where s1_0.employee_id=?
Hibernate: select s1_0.employee_id,s1_1.id,s1_1.code,s1_1.created_at,s1_1.description,s1_1.name,s1_1.priority,s1_1.updated_at from employee_skills s1_0 join skills s1_1 on s1_1.id=s1_0.skill_id where s1_0.employee_id=?
2025-10-26T21:40:35.004+09:00 DEBUG 16604 --- [Shift Scheduler Demo] [           main] org.hibernate.SQL                        : select s1_0.employee_id,s1_1.id,s1_1.code,s1_1.created_at,s1_1.description,s1_1.name,s1_1.priority,s1_1.updated_at from employee_skills s1_0 join skills s1_1 on s1_1.id=s1_0.skill_id where s1_0.employee_id=?
Hibernate: select s1_0.employee_id,s1_1.id,s1_1.code,s1_1.created_at,s1_1.description,s1_1.name,s1_1.priority,s1_1.updated_at from employee_skills s1_0 join skills s1_1 on s1_1.id=s1_0.skill_id where s1_0.employee_id=?
2025-10-26T21:40:35.005+09:00 DEBUG 16604 --- [Shift Scheduler Demo] [           main] org.hibernate.SQL                        : select s1_0.employee_id,s1_1.id,s1_1.code,s1_1.created_at,s1_1.description,s1_1.name,s1_1.priority,s1_1.updated_at from employee_skills s1_0 join skills s1_1 on s1_1.id=s1_0.skill_id where s1_0.employee_id=?
Hibernate: select s1_0.employee_id,s1_1.id,s1_1.code,s1_1.created_at,s1_1.description,s1_1.name,s1_1.priority,s1_1.updated_at from employee_skills s1_0 join skills s1_1 on s1_1.id=s1_0.skill_id where s1_0.employee_id=?
2025-10-26T21:40:35.005+09:00 DEBUG 16604 --- [Shift Scheduler Demo] [           main] org.hibernate.SQL                        : select s1_0.employee_id,s1_1.id,s1_1.code,s1_1.created_at,s1_1.description,s1_1.name,s1_1.priority,s1_1.updated_at from employee_skills s1_0 join skills s1_1 on s1_1.id=s1_0.skill_id where s1_0.employee_id=?
Hibernate: select s1_0.employee_id,s1_1.id,s1_1.code,s1_1.created_at,s1_1.description,s1_1.name,s1_1.priority,s1_1.updated_at from employee_skills s1_0 join skills s1_1 on s1_1.id=s1_0.skill_id where s1_0.employee_id=?
2025-10-26T21:40:35.006+09:00 DEBUG 16604 --- [Shift Scheduler Demo] [           main] org.hibernate.SQL                        : select s1_0.employee_id,s1_1.id,s1_1.code,s1_1.created_at,s1_1.description,s1_1.name,s1_1.priority,s1_1.updated_at from employee_skills s1_0 join skills s1_1 on s1_1.id=s1_0.skill_id where s1_0.employee_id=?
Hibernate: select s1_0.employee_id,s1_1.id,s1_1.code,s1_1.created_at,s1_1.description,s1_1.name,s1_1.priority,s1_1.updated_at from employee_skills s1_0 join skills s1_1 on s1_1.id=s1_0.skill_id where s1_0.employee_id=?
2025-10-26T21:40:35.006+09:00 DEBUG 16604 --- [Shift Scheduler Demo] [           main] org.hibernate.SQL                        : select s1_0.employee_id,s1_1.id,s1_1.code,s1_1.created_at,s1_1.description,s1_1.name,s1_1.priority,s1_1.updated_at from employee_skills s1_0 join skills s1_1 on s1_1.id=s1_0.skill_id where s1_0.employee_id=?
Hibernate: select s1_0.employee_id,s1_1.id,s1_1.code,s1_1.created_at,s1_1.description,s1_1.name,s1_1.priority,s1_1.updated_at from employee_skills s1_0 join skills s1_1 on s1_1.id=s1_0.skill_id where s1_0.employee_id=?
2025-10-26T21:40:35.007+09:00 DEBUG 16604 --- [Shift Scheduler Demo] [           main] org.hibernate.SQL                        : select s1_0.employee_id,s1_1.id,s1_1.code,s1_1.created_at,s1_1.description,s1_1.name,s1_1.priority,s1_1.updated_at from employee_skills s1_0 join skills s1_1 on s1_1.id=s1_0.skill_id where s1_0.employee_id=?
Hibernate: select s1_0.employee_id,s1_1.id,s1_1.code,s1_1.created_at,s1_1.description,s1_1.name,s1_1.priority,s1_1.updated_at from employee_skills s1_0 join skills s1_1 on s1_1.id=s1_0.skill_id where s1_0.employee_id=?
2025-10-26T21:40:35.007+09:00 DEBUG 16604 --- [Shift Scheduler Demo] [           main] org.hibernate.SQL                        : select s1_0.employee_id,s1_1.id,s1_1.code,s1_1.created_at,s1_1.description,s1_1.name,s1_1.priority,s1_1.updated_at from employee_skills s1_0 join skills s1_1 on s1_1.id=s1_0.skill_id where s1_0.employee_id=?
Hibernate: select s1_0.employee_id,s1_1.id,s1_1.code,s1_1.created_at,s1_1.description,s1_1.name,s1_1.priority,s1_1.updated_at from employee_skills s1_0 join skills s1_1 on s1_1.id=s1_0.skill_id where s1_0.employee_id=?
2025-10-26T21:40:35.008+09:00 DEBUG 16604 --- [Shift Scheduler Demo] [           main] org.hibernate.SQL                        : select s1_0.employee_id,s1_1.id,s1_1.code,s1_1.created_at,s1_1.description,s1_1.name,s1_1.priority,s1_1.updated_at from employee_skills s1_0 join skills s1_1 on s1_1.id=s1_0.skill_id where s1_0.employee_id=?
Hibernate: select s1_0.employee_id,s1_1.id,s1_1.code,s1_1.created_at,s1_1.description,s1_1.name,s1_1.priority,s1_1.updated_at from employee_skills s1_0 join skills s1_1 on s1_1.id=s1_0.skill_id where s1_0.employee_id=?
2025-10-26T21:40:35.008+09:00 DEBUG 16604 --- [Shift Scheduler Demo] [           main] org.hibernate.SQL                        : select s1_0.employee_id,s1_1.id,s1_1.code,s1_1.created_at,s1_1.description,s1_1.name,s1_1.priority,s1_1.updated_at from employee_skills s1_0 join skills s1_1 on s1_1.id=s1_0.skill_id where s1_0.employee_id=?
Hibernate: select s1_0.employee_id,s1_1.id,s1_1.code,s1_1.created_at,s1_1.description,s1_1.name,s1_1.priority,s1_1.updated_at from employee_skills s1_0 join skills s1_1 on s1_1.id=s1_0.skill_id where s1_0.employee_id=?
2025-10-26T21:40:35.008+09:00 DEBUG 16604 --- [Shift Scheduler Demo] [           main] org.hibernate.SQL                        : select s1_0.employee_id,s1_1.id,s1_1.code,s1_1.created_at,s1_1.description,s1_1.name,s1_1.priority,s1_1.updated_at from employee_skills s1_0 join skills s1_1 on s1_1.id=s1_0.skill_id where s1_0.employee_id=?
Hibernate: select s1_0.employee_id,s1_1.id,s1_1.code,s1_1.created_at,s1_1.description,s1_1.name,s1_1.priority,s1_1.updated_at from employee_skills s1_0 join skills s1_1 on s1_1.id=s1_0.skill_id where s1_0.employee_id=?
2025-10-26T21:40:35.012+09:00 DEBUG 16604 --- [Shift Scheduler Demo] [           main] org.hibernate.SQL                        : select s1_0.employee_id,s1_1.id,s1_1.code,s1_1.created_at,s1_1.description,s1_1.name,s1_1.priority,s1_1.updated_at from employee_skills s1_0 join skills s1_1 on s1_1.id=s1_0.skill_id where s1_0.employee_id=?
Hibernate: select s1_0.employee_id,s1_1.id,s1_1.code,s1_1.created_at,s1_1.description,s1_1.name,s1_1.priority,s1_1.updated_at from employee_skills s1_0 join skills s1_1 on s1_1.id=s1_0.skill_id where s1_0.employee_id=?
2025-10-26T21:40:35.012+09:00 DEBUG 16604 --- [Shift Scheduler Demo] [           main] org.hibernate.SQL                        : select s1_0.employee_id,s1_1.id,s1_1.code,s1_1.created_at,s1_1.description,s1_1.name,s1_1.priority,s1_1.updated_at from employee_skills s1_0 join skills s1_1 on s1_1.id=s1_0.skill_id where s1_0.employee_id=?
Hibernate: select s1_0.employee_id,s1_1.id,s1_1.code,s1_1.created_at,s1_1.description,s1_1.name,s1_1.priority,s1_1.updated_at from employee_skills s1_0 join skills s1_1 on s1_1.id=s1_0.skill_id where s1_0.employee_id=?
2025-10-26T21:40:35.013+09:00 DEBUG 16604 --- [Shift Scheduler Demo] [           main] org.hibernate.SQL                        : select s1_0.employee_id,s1_1.id,s1_1.code,s1_1.created_at,s1_1.description,s1_1.name,s1_1.priority,s1_1.updated_at from employee_skills s1_0 join skills s1_1 on s1_1.id=s1_0.skill_id where s1_0.employee_id=?
Hibernate: select s1_0.employee_id,s1_1.id,s1_1.code,s1_1.created_at,s1_1.description,s1_1.name,s1_1.priority,s1_1.updated_at from employee_skills s1_0 join skills s1_1 on s1_1.id=s1_0.skill_id where s1_0.employee_id=?
2025-10-26T21:40:35.013+09:00 DEBUG 16604 --- [Shift Scheduler Demo] [           main] org.hibernate.SQL                        : select s1_0.employee_id,s1_1.id,s1_1.code,s1_1.created_at,s1_1.description,s1_1.name,s1_1.priority,s1_1.updated_at from employee_skills s1_0 join skills s1_1 on s1_1.id=s1_0.skill_id where s1_0.employee_id=?
Hibernate: select s1_0.employee_id,s1_1.id,s1_1.code,s1_1.created_at,s1_1.description,s1_1.name,s1_1.priority,s1_1.updated_at from employee_skills s1_0 join skills s1_1 on s1_1.id=s1_0.skill_id where s1_0.employee_id=?
2025-10-26T21:40:35.014+09:00 DEBUG 16604 --- [Shift Scheduler Demo] [           main] org.hibernate.SQL                        : select s1_0.employee_id,s1_1.id,s1_1.code,s1_1.created_at,s1_1.description,s1_1.name,s1_1.priority,s1_1.updated_at from employee_skills s1_0 join skills s1_1 on s1_1.id=s1_0.skill_id where s1_0.employee_id=?
Hibernate: select s1_0.employee_id,s1_1.id,s1_1.code,s1_1.created_at,s1_1.description,s1_1.name,s1_1.priority,s1_1.updated_at from employee_skills s1_0 join skills s1_1 on s1_1.id=s1_0.skill_id where s1_0.employee_id=?
2025-10-26T21:40:35.014+09:00 DEBUG 16604 --- [Shift Scheduler Demo] [           main] org.hibernate.SQL                        : select s1_0.employee_id,s1_1.id,s1_1.code,s1_1.created_at,s1_1.description,s1_1.name,s1_1.priority,s1_1.updated_at from employee_skills s1_0 join skills s1_1 on s1_1.id=s1_0.skill_id where s1_0.employee_id=?
Hibernate: select s1_0.employee_id,s1_1.id,s1_1.code,s1_1.created_at,s1_1.description,s1_1.name,s1_1.priority,s1_1.updated_at from employee_skills s1_0 join skills s1_1 on s1_1.id=s1_0.skill_id where s1_0.employee_id=?
2025-10-26T21:40:35.014+09:00 DEBUG 16604 --- [Shift Scheduler Demo] [           main] org.hibernate.SQL                        : select s1_0.employee_id,s1_1.id,s1_1.code,s1_1.created_at,s1_1.description,s1_1.name,s1_1.priority,s1_1.updated_at from employee_skills s1_0 join skills s1_1 on s1_1.id=s1_0.skill_id where s1_0.employee_id=?
Hibernate: select s1_0.employee_id,s1_1.id,s1_1.code,s1_1.created_at,s1_1.description,s1_1.name,s1_1.priority,s1_1.updated_at from employee_skills s1_0 join skills s1_1 on s1_1.id=s1_0.skill_id where s1_0.employee_id=?
2025-10-26T21:40:35.015+09:00 DEBUG 16604 --- [Shift Scheduler Demo] [           main] org.hibernate.SQL                        : select s1_0.employee_id,s1_1.id,s1_1.code,s1_1.created_at,s1_1.description,s1_1.name,s1_1.priority,s1_1.updated_at from employee_skills s1_0 join skills s1_1 on s1_1.id=s1_0.skill_id where s1_0.employee_id=?
Hibernate: select s1_0.employee_id,s1_1.id,s1_1.code,s1_1.created_at,s1_1.description,s1_1.name,s1_1.priority,s1_1.updated_at from employee_skills s1_0 join skills s1_1 on s1_1.id=s1_0.skill_id where s1_0.employee_id=?
2025-10-26T21:40:35.018+09:00 DEBUG 16604 --- [Shift Scheduler Demo] [           main] org.hibernate.SQL                        : select ea1_0.id,ea1_0.day_of_week,ea1_0.employee_id,ea1_0.end_time,ea1_0.start_time from employee_availability ea1_0
Hibernate: select ea1_0.id,ea1_0.day_of_week,ea1_0.employee_id,ea1_0.end_time,ea1_0.start_time from employee_availability ea1_0
2025-10-26T21:40:35.055+09:00 DEBUG 16604 --- [Shift Scheduler Demo] [           main] org.hibernate.SQL                        : select ea1_0.id,ea1_0.day_of_week,ea1_0.employee_id,ea1_0.end_time,ea1_0.start_time from employee_availability ea1_0
Hibernate: select ea1_0.id,ea1_0.day_of_week,ea1_0.employee_id,ea1_0.end_time,ea1_0.start_time from employee_availability ea1_0
2025-10-26T21:40:35.080+09:00 DEBUG 16604 --- [Shift Scheduler Demo] [           main] org.hibernate.SQL                        : select ea1_0.id,ea1_0.day_of_week,ea1_0.employee_id,ea1_0.end_time,ea1_0.start_time from employee_availability ea1_0
Hibernate: select ea1_0.id,ea1_0.day_of_week,ea1_0.employee_id,ea1_0.end_time,ea1_0.start_time from employee_availability ea1_0
2025-10-26T21:40:35.097+09:00 DEBUG 16604 --- [Shift Scheduler Demo] [           main] org.hibernate.SQL                        : select ea1_0.id,ea1_0.day_of_week,ea1_0.employee_id,ea1_0.end_time,ea1_0.start_time from employee_availability ea1_0
Hibernate: select ea1_0.id,ea1_0.day_of_week,ea1_0.employee_id,ea1_0.end_time,ea1_0.start_time from employee_availability ea1_0
2025-10-26T21:40:35.112+09:00 DEBUG 16604 --- [Shift Scheduler Demo] [           main] org.hibernate.SQL                        : select ea1_0.id,ea1_0.day_of_week,ea1_0.employee_id,ea1_0.end_time,ea1_0.start_time from employee_availability ea1_0
Hibernate: select ea1_0.id,ea1_0.day_of_week,ea1_0.employee_id,ea1_0.end_time,ea1_0.start_time from employee_availability ea1_0
2025-10-26T21:40:35.135+09:00 DEBUG 16604 --- [Shift Scheduler Demo] [           main] org.hibernate.SQL                        : select ea1_0.id,ea1_0.day_of_week,ea1_0.employee_id,ea1_0.end_time,ea1_0.start_time from employee_availability ea1_0
Hibernate: select ea1_0.id,ea1_0.day_of_week,ea1_0.employee_id,ea1_0.end_time,ea1_0.start_time from employee_availability ea1_0
2025-10-26T21:40:35.148+09:00 DEBUG 16604 --- [Shift Scheduler Demo] [           main] org.hibernate.SQL                        : select ea1_0.id,ea1_0.day_of_week,ea1_0.employee_id,ea1_0.end_time,ea1_0.start_time from employee_availability ea1_0
Hibernate: select ea1_0.id,ea1_0.day_of_week,ea1_0.employee_id,ea1_0.end_time,ea1_0.start_time from employee_availability ea1_0
2025-10-26T21:40:35.166+09:00 DEBUG 16604 --- [Shift Scheduler Demo] [           main] org.hibernate.SQL                        : select ea1_0.id,ea1_0.day_of_week,ea1_0.employee_id,ea1_0.end_time,ea1_0.start_time from employee_availability ea1_0
Hibernate: select ea1_0.id,ea1_0.day_of_week,ea1_0.employee_id,ea1_0.end_time,ea1_0.start_time from employee_availability ea1_0
2025-10-26T21:40:35.180+09:00 DEBUG 16604 --- [Shift Scheduler Demo] [           main] org.hibernate.SQL                        : select ea1_0.id,ea1_0.day_of_week,ea1_0.employee_id,ea1_0.end_time,ea1_0.start_time from employee_availability ea1_0
Hibernate: select ea1_0.id,ea1_0.day_of_week,ea1_0.employee_id,ea1_0.end_time,ea1_0.start_time from employee_availability ea1_0
2025-10-26T21:40:35.188+09:00 DEBUG 16604 --- [Shift Scheduler Demo] [           main] org.hibernate.SQL                        : select ea1_0.id,ea1_0.day_of_week,ea1_0.employee_id,ea1_0.end_time,ea1_0.start_time from employee_availability ea1_0
Hibernate: select ea1_0.id,ea1_0.day_of_week,ea1_0.employee_id,ea1_0.end_time,ea1_0.start_time from employee_availability ea1_0
2025-10-26T21:40:35.199+09:00 DEBUG 16604 --- [Shift Scheduler Demo] [           main] org.hibernate.SQL                        : select ea1_0.id,ea1_0.day_of_week,ea1_0.employee_id,ea1_0.end_time,ea1_0.start_time from employee_availability ea1_0
Hibernate: select ea1_0.id,ea1_0.day_of_week,ea1_0.employee_id,ea1_0.end_time,ea1_0.start_time from employee_availability ea1_0
2025-10-26T21:40:35.206+09:00 DEBUG 16604 --- [Shift Scheduler Demo] [           main] org.hibernate.SQL                        : select ea1_0.id,ea1_0.day_of_week,ea1_0.employee_id,ea1_0.end_time,ea1_0.start_time from employee_availability ea1_0
Hibernate: select ea1_0.id,ea1_0.day_of_week,ea1_0.employee_id,ea1_0.end_time,ea1_0.start_time from employee_availability ea1_0
2025-10-26T21:40:35.214+09:00 DEBUG 16604 --- [Shift Scheduler Demo] [           main] org.hibernate.SQL                        : select ea1_0.id,ea1_0.day_of_week,ea1_0.employee_id,ea1_0.end_time,ea1_0.start_time from employee_availability ea1_0
Hibernate: select ea1_0.id,ea1_0.day_of_week,ea1_0.employee_id,ea1_0.end_time,ea1_0.start_time from employee_availability ea1_0
2025-10-26T21:40:35.221+09:00 DEBUG 16604 --- [Shift Scheduler Demo] [           main] org.hibernate.SQL                        : select ea1_0.id,ea1_0.day_of_week,ea1_0.employee_id,ea1_0.end_time,ea1_0.start_time from employee_availability ea1_0
Hibernate: select ea1_0.id,ea1_0.day_of_week,ea1_0.employee_id,ea1_0.end_time,ea1_0.start_time from employee_availability ea1_0
2025-10-26T21:40:35.231+09:00 DEBUG 16604 --- [Shift Scheduler Demo] [           main] org.hibernate.SQL                        : select ea1_0.id,ea1_0.day_of_week,ea1_0.employee_id,ea1_0.end_time,ea1_0.start_time from employee_availability ea1_0
Hibernate: select ea1_0.id,ea1_0.day_of_week,ea1_0.employee_id,ea1_0.end_time,ea1_0.start_time from employee_availability ea1_0
2025-10-26T21:40:35.237+09:00 DEBUG 16604 --- [Shift Scheduler Demo] [           main] org.hibernate.SQL                        : select ea1_0.id,ea1_0.day_of_week,ea1_0.employee_id,ea1_0.end_time,ea1_0.start_time from employee_availability ea1_0
Hibernate: select ea1_0.id,ea1_0.day_of_week,ea1_0.employee_id,ea1_0.end_time,ea1_0.start_time from employee_availability ea1_0
2025-10-26T21:40:35.244+09:00 DEBUG 16604 --- [Shift Scheduler Demo] [           main] org.hibernate.SQL                        : select ea1_0.id,ea1_0.day_of_week,ea1_0.employee_id,ea1_0.end_time,ea1_0.start_time from employee_availability ea1_0
Hibernate: select ea1_0.id,ea1_0.day_of_week,ea1_0.employee_id,ea1_0.end_time,ea1_0.start_time from employee_availability ea1_0
2025-10-26T21:40:35.252+09:00 DEBUG 16604 --- [Shift Scheduler Demo] [           main] org.hibernate.SQL                        : select ea1_0.id,ea1_0.day_of_week,ea1_0.employee_id,ea1_0.end_time,ea1_0.start_time from employee_availability ea1_0
Hibernate: select ea1_0.id,ea1_0.day_of_week,ea1_0.employee_id,ea1_0.end_time,ea1_0.start_time from employee_availability ea1_0
2025-10-26T21:40:35.258+09:00 DEBUG 16604 --- [Shift Scheduler Demo] [           main] org.hibernate.SQL                        : select ea1_0.id,ea1_0.day_of_week,ea1_0.employee_id,ea1_0.end_time,ea1_0.start_time from employee_availability ea1_0
Hibernate: select ea1_0.id,ea1_0.day_of_week,ea1_0.employee_id,ea1_0.end_time,ea1_0.start_time from employee_availability ea1_0
2025-10-26T21:40:35.266+09:00 DEBUG 16604 --- [Shift Scheduler Demo] [           main] org.hibernate.SQL                        : select ea1_0.id,ea1_0.day_of_week,ea1_0.employee_id,ea1_0.end_time,ea1_0.start_time from employee_availability ea1_0
Hibernate: select ea1_0.id,ea1_0.day_of_week,ea1_0.employee_id,ea1_0.end_time,ea1_0.start_time from employee_availability ea1_0
2025-10-26T21:40:35.271+09:00 DEBUG 16604 --- [Shift Scheduler Demo] [           main] org.hibernate.SQL                        : select ea1_0.id,ea1_0.day_of_week,ea1_0.employee_id,ea1_0.end_time,ea1_0.start_time from employee_availability ea1_0
Hibernate: select ea1_0.id,ea1_0.day_of_week,ea1_0.employee_id,ea1_0.end_time,ea1_0.start_time from employee_availability ea1_0
2025-10-26T21:40:35.276+09:00 DEBUG 16604 --- [Shift Scheduler Demo] [           main] org.hibernate.SQL                        : select ea1_0.id,ea1_0.day_of_week,ea1_0.employee_id,ea1_0.end_time,ea1_0.start_time from employee_availability ea1_0
Hibernate: select ea1_0.id,ea1_0.day_of_week,ea1_0.employee_id,ea1_0.end_time,ea1_0.start_time from employee_availability ea1_0
2025-10-26T21:40:35.284+09:00 DEBUG 16604 --- [Shift Scheduler Demo] [           main] org.hibernate.SQL                        : select ea1_0.id,ea1_0.day_of_week,ea1_0.employee_id,ea1_0.end_time,ea1_0.start_time from employee_availability ea1_0
Hibernate: select ea1_0.id,ea1_0.day_of_week,ea1_0.employee_id,ea1_0.end_time,ea1_0.start_time from employee_availability ea1_0
2025-10-26T21:40:35.288+09:00 DEBUG 16604 --- [Shift Scheduler Demo] [           main] org.hibernate.SQL                        : select ea1_0.id,ea1_0.day_of_week,ea1_0.employee_id,ea1_0.end_time,ea1_0.start_time from employee_availability ea1_0
Hibernate: select ea1_0.id,ea1_0.day_of_week,ea1_0.employee_id,ea1_0.end_time,ea1_0.start_time from employee_availability ea1_0
2025-10-26T21:40:35.291+09:00 DEBUG 16604 --- [Shift Scheduler Demo] [           main] org.hibernate.SQL                        : select ea1_0.id,ea1_0.day_of_week,ea1_0.employee_id,ea1_0.end_time,ea1_0.start_time from employee_availability ea1_0
Hibernate: select ea1_0.id,ea1_0.day_of_week,ea1_0.employee_id,ea1_0.end_time,ea1_0.start_time from employee_availability ea1_0
2025-10-26T21:40:35.296+09:00 DEBUG 16604 --- [Shift Scheduler Demo] [           main] org.hibernate.SQL                        : select ea1_0.id,ea1_0.day_of_week,ea1_0.employee_id,ea1_0.end_time,ea1_0.start_time from employee_availability ea1_0
Hibernate: select ea1_0.id,ea1_0.day_of_week,ea1_0.employee_id,ea1_0.end_time,ea1_0.start_time from employee_availability ea1_0
2025-10-26T21:40:35.302+09:00 DEBUG 16604 --- [Shift Scheduler Demo] [           main] org.hibernate.SQL                        : select ea1_0.id,ea1_0.day_of_week,ea1_0.employee_id,ea1_0.end_time,ea1_0.start_time from employee_availability ea1_0
Hibernate: select ea1_0.id,ea1_0.day_of_week,ea1_0.employee_id,ea1_0.end_time,ea1_0.start_time from employee_availability ea1_0
2025-10-26T21:40:35.309+09:00 DEBUG 16604 --- [Shift Scheduler Demo] [           main] org.hibernate.SQL                        : select ea1_0.id,ea1_0.day_of_week,ea1_0.employee_id,ea1_0.end_time,ea1_0.start_time from employee_availability ea1_0
Hibernate: select ea1_0.id,ea1_0.day_of_week,ea1_0.employee_id,ea1_0.end_time,ea1_0.start_time from employee_availability ea1_0
2025-10-26T21:40:35.315+09:00 DEBUG 16604 --- [Shift Scheduler Demo] [           main] org.hibernate.SQL                        : select ea1_0.id,ea1_0.day_of_week,ea1_0.employee_id,ea1_0.end_time,ea1_0.start_time from employee_availability ea1_0
Hibernate: select ea1_0.id,ea1_0.day_of_week,ea1_0.employee_id,ea1_0.end_time,ea1_0.start_time from employee_availability ea1_0
2025-10-26T21:40:35.320+09:00 DEBUG 16604 --- [Shift Scheduler Demo] [           main] org.hibernate.SQL                        : select ea1_0.id,ea1_0.day_of_week,ea1_0.employee_id,ea1_0.end_time,ea1_0.start_time from employee_availability ea1_0
Hibernate: select ea1_0.id,ea1_0.day_of_week,ea1_0.employee_id,ea1_0.end_time,ea1_0.start_time from employee_availability ea1_0
2025-10-26T21:40:35.325+09:00 DEBUG 16604 --- [Shift Scheduler Demo] [           main] org.hibernate.SQL                        : select ea1_0.id,ea1_0.day_of_week,ea1_0.employee_id,ea1_0.end_time,ea1_0.start_time from employee_availability ea1_0
Hibernate: select ea1_0.id,ea1_0.day_of_week,ea1_0.employee_id,ea1_0.end_time,ea1_0.start_time from employee_availability ea1_0
2025-10-26T21:40:35.332+09:00 DEBUG 16604 --- [Shift Scheduler Demo] [           main] org.hibernate.SQL                        : select ea1_0.id,ea1_0.day_of_week,ea1_0.employee_id,ea1_0.end_time,ea1_0.start_time from employee_availability ea1_0
Hibernate: select ea1_0.id,ea1_0.day_of_week,ea1_0.employee_id,ea1_0.end_time,ea1_0.start_time from employee_availability ea1_0
2025-10-26T21:40:35.337+09:00 DEBUG 16604 --- [Shift Scheduler Demo] [           main] org.hibernate.SQL                        : select ea1_0.id,ea1_0.day_of_week,ea1_0.employee_id,ea1_0.end_time,ea1_0.start_time from employee_availability ea1_0
Hibernate: select ea1_0.id,ea1_0.day_of_week,ea1_0.employee_id,ea1_0.end_time,ea1_0.start_time from employee_availability ea1_0
2025-10-26T21:40:35.341+09:00 DEBUG 16604 --- [Shift Scheduler Demo] [           main] org.hibernate.SQL                        : select ea1_0.id,ea1_0.day_of_week,ea1_0.employee_id,ea1_0.end_time,ea1_0.start_time from employee_availability ea1_0
Hibernate: select ea1_0.id,ea1_0.day_of_week,ea1_0.employee_id,ea1_0.end_time,ea1_0.start_time from employee_availability ea1_0
2025-10-26T21:40:35.350+09:00 DEBUG 16604 --- [Shift Scheduler Demo] [           main] org.hibernate.SQL                        : select ea1_0.id,ea1_0.day_of_week,ea1_0.employee_id,ea1_0.end_time,ea1_0.start_time from employee_availability ea1_0
Hibernate: select ea1_0.id,ea1_0.day_of_week,ea1_0.employee_id,ea1_0.end_time,ea1_0.start_time from employee_availability ea1_0
2025-10-26T21:40:35.355+09:00 DEBUG 16604 --- [Shift Scheduler Demo] [           main] org.hibernate.SQL                        : select ea1_0.id,ea1_0.day_of_week,ea1_0.employee_id,ea1_0.end_time,ea1_0.start_time from employee_availability ea1_0
Hibernate: select ea1_0.id,ea1_0.day_of_week,ea1_0.employee_id,ea1_0.end_time,ea1_0.start_time from employee_availability ea1_0
2025-10-26T21:40:35.364+09:00 DEBUG 16604 --- [Shift Scheduler Demo] [           main] org.hibernate.SQL                        : select ea1_0.id,ea1_0.day_of_week,ea1_0.employee_id,ea1_0.end_time,ea1_0.start_time from employee_availability ea1_0
Hibernate: select ea1_0.id,ea1_0.day_of_week,ea1_0.employee_id,ea1_0.end_time,ea1_0.start_time from employee_availability ea1_0
2025-10-26T21:40:35.369+09:00 DEBUG 16604 --- [Shift Scheduler Demo] [           main] org.hibernate.SQL                        : select ea1_0.id,ea1_0.day_of_week,ea1_0.employee_id,ea1_0.end_time,ea1_0.start_time from employee_availability ea1_0
Hibernate: select ea1_0.id,ea1_0.day_of_week,ea1_0.employee_id,ea1_0.end_time,ea1_0.start_time from employee_availability ea1_0
2025-10-26T21:40:35.373+09:00 DEBUG 16604 --- [Shift Scheduler Demo] [           main] org.hibernate.SQL                        : select ea1_0.id,ea1_0.day_of_week,ea1_0.employee_id,ea1_0.end_time,ea1_0.start_time from employee_availability ea1_0
Hibernate: select ea1_0.id,ea1_0.day_of_week,ea1_0.employee_id,ea1_0.end_time,ea1_0.start_time from employee_availability ea1_0
2025-10-26T21:40:35.379+09:00 DEBUG 16604 --- [Shift Scheduler Demo] [           main] org.hibernate.SQL                        : select ea1_0.id,ea1_0.day_of_week,ea1_0.employee_id,ea1_0.end_time,ea1_0.start_time from employee_availability ea1_0
Hibernate: select ea1_0.id,ea1_0.day_of_week,ea1_0.employee_id,ea1_0.end_time,ea1_0.start_time from employee_availability ea1_0
2025-10-26T21:40:35.384+09:00 DEBUG 16604 --- [Shift Scheduler Demo] [           main] org.hibernate.SQL                        : select ea1_0.id,ea1_0.day_of_week,ea1_0.employee_id,ea1_0.end_time,ea1_0.start_time from employee_availability ea1_0
Hibernate: select ea1_0.id,ea1_0.day_of_week,ea1_0.employee_id,ea1_0.end_time,ea1_0.start_time from employee_availability ea1_0
2025-10-26T21:40:35.389+09:00 DEBUG 16604 --- [Shift Scheduler Demo] [           main] org.hibernate.SQL                        : select ea1_0.id,ea1_0.day_of_week,ea1_0.employee_id,ea1_0.end_time,ea1_0.start_time from employee_availability ea1_0
Hibernate: select ea1_0.id,ea1_0.day_of_week,ea1_0.employee_id,ea1_0.end_time,ea1_0.start_time from employee_availability ea1_0
2025-10-26T21:40:35.397+09:00 DEBUG 16604 --- [Shift Scheduler Demo] [           main] org.hibernate.SQL                        : select ea1_0.id,ea1_0.day_of_week,ea1_0.employee_id,ea1_0.end_time,ea1_0.start_time from employee_availability ea1_0
Hibernate: select ea1_0.id,ea1_0.day_of_week,ea1_0.employee_id,ea1_0.end_time,ea1_0.start_time from employee_availability ea1_0
2025-10-26T21:40:35.402+09:00 DEBUG 16604 --- [Shift Scheduler Demo] [           main] org.hibernate.SQL                        : select ea1_0.id,ea1_0.day_of_week,ea1_0.employee_id,ea1_0.end_time,ea1_0.start_time from employee_availability ea1_0
Hibernate: select ea1_0.id,ea1_0.day_of_week,ea1_0.employee_id,ea1_0.end_time,ea1_0.start_time from employee_availability ea1_0
2025-10-26T21:40:35.406+09:00 DEBUG 16604 --- [Shift Scheduler Demo] [           main] org.hibernate.SQL                        : select ea1_0.id,ea1_0.day_of_week,ea1_0.employee_id,ea1_0.end_time,ea1_0.start_time from employee_availability ea1_0
Hibernate: select ea1_0.id,ea1_0.day_of_week,ea1_0.employee_id,ea1_0.end_time,ea1_0.start_time from employee_availability ea1_0
[...]
Hibernate: delete from shift_assignments where id=?
2025-10-26T21:40:37.711+09:00 DEBUG 16604 --- [Shift Scheduler Demo] [           main] org.hibernate.SQL                        : delete from shift_assignments where id=?
Hibernate: delete from shift_assignments where id=?
2025-10-26T21:40:37.711+09:00 DEBUG 16604 --- [Shift Scheduler Demo] [           main] org.hibernate.SQL                        : delete from shift_assignments where id=?
Hibernate: delete from shift_assignments where id=?
2025-10-26T21:40:37.711+09:00 DEBUG 16604 --- [Shift Scheduler Demo] [           main] org.hibernate.SQL                        : delete from shift_assignments where id=?
Hibernate: delete from shift_assignments where id=?
2025-10-26T21:40:37.711+09:00 DEBUG 16604 --- [Shift Scheduler Demo] [           main] org.hibernate.SQL                        : delete from shift_assignments where id=?
Hibernate: delete from shift_assignments where id=?
2025-10-26T21:40:37.711+09:00 DEBUG 16604 --- [Shift Scheduler Demo] [           main] org.hibernate.SQL                        : delete from shift_assignments where id=?
Hibernate: delete from shift_assignments where id=?
2025-10-26T21:40:37.711+09:00 DEBUG 16604 --- [Shift Scheduler Demo] [           main] org.hibernate.SQL                        : delete from shift_assignments where id=?
Hibernate: delete from shift_assignments where id=?
2025-10-26T21:40:37.711+09:00 DEBUG 16604 --- [Shift Scheduler Demo] [           main] org.hibernate.SQL                        : delete from shift_assignments where id=?
Hibernate: delete from shift_assignments where id=?
2025-10-26T21:40:37.711+09:00 DEBUG 16604 --- [Shift Scheduler Demo] [           main] org.hibernate.SQL                        : delete from shift_assignments where id=?
Hibernate: delete from shift_assignments where id=?
2025-10-26T21:40:37.711+09:00 DEBUG 16604 --- [Shift Scheduler Demo] [           main] org.hibernate.SQL                        : delete from shift_assignments where id=?
Hibernate: delete from shift_assignments where id=?
2025-10-26T21:40:37.711+09:00 DEBUG 16604 --- [Shift Scheduler Demo] [           main] org.hibernate.SQL                        : delete from shift_assignments where id=?
Hibernate: delete from shift_assignments where id=?
2025-10-26T21:40:37.711+09:00 DEBUG 16604 --- [Shift Scheduler Demo] [           main] org.hibernate.SQL                        : delete from shift_assignments where id=?
Hibernate: delete from shift_assignments where id=?
2025-10-26T21:40:37.711+09:00 DEBUG 16604 --- [Shift Scheduler Demo] [           main] org.hibernate.SQL                        : delete from shift_assignments where id=?
Hibernate: delete from shift_assignments where id=?
2025-10-26T21:40:37.711+09:00 DEBUG 16604 --- [Shift Scheduler Demo] [           main] org.hibernate.SQL                        : delete from shift_assignments where id=?
Hibernate: delete from shift_assignments where id=?
2025-10-26T21:40:37.711+09:00 DEBUG 16604 --- [Shift Scheduler Demo] [           main] org.hibernate.SQL                        : delete from shift_assignments where id=?
Hibernate: delete from shift_assignments where id=?
2025-10-26T21:40:37.711+09:00 DEBUG 16604 --- [Shift Scheduler Demo] [           main] org.hibernate.SQL                        : delete from shift_assignments where id=?
Hibernate: delete from shift_assignments where id=?
2025-10-26T21:40:37.711+09:00 DEBUG 16604 --- [Shift Scheduler Demo] [           main] org.hibernate.SQL                        : delete from shift_assignments where id=?
Hibernate: delete from shift_assignments where id=?
2025-10-26T21:40:37.711+09:00 DEBUG 16604 --- [Shift Scheduler Demo] [           main] org.hibernate.SQL                        : delete from shift_assignments where id=?
Hibernate: delete from shift_assignments where id=?
2025-10-26T21:40:37.711+09:00 DEBUG 16604 --- [Shift Scheduler Demo] [           main] org.hibernate.SQL                        : delete from shift_assignments where id=?
Hibernate: delete from shift_assignments where id=?
2025-10-26T21:40:37.711+09:00 DEBUG 16604 --- [Shift Scheduler Demo] [           main] org.hibernate.SQL                        : delete from shift_assignments where id=?
Hibernate: delete from shift_assignments where id=?
2025-10-26T21:40:37.711+09:00 DEBUG 16604 --- [Shift Scheduler Demo] [           main] org.hibernate.SQL                        : delete from shift_assignments where id=?
Hibernate: delete from shift_assignments where id=?
2025-10-26T21:40:37.711+09:00 DEBUG 16604 --- [Shift Scheduler Demo] [           main] org.hibernate.SQL                        : delete from shift_assignments where id=?
Hibernate: delete from shift_assignments where id=?
2025-10-26T21:40:37.711+09:00 DEBUG 16604 --- [Shift Scheduler Demo] [           main] org.hibernate.SQL                        : delete from shift_assignments where id=?
Hibernate: delete from shift_assignments where id=?
2025-10-26T21:40:37.711+09:00 DEBUG 16604 --- [Shift Scheduler Demo] [           main] org.hibernate.SQL                        : delete from shift_assignments where id=?
Hibernate: delete from shift_assignments where id=?
2025-10-26T21:40:37.711+09:00 DEBUG 16604 --- [Shift Scheduler Demo] [           main] org.hibernate.SQL                        : delete from shift_assignments where id=?
Hibernate: delete from shift_assignments where id=?
2025-10-26T21:40:37.711+09:00 DEBUG 16604 --- [Shift Scheduler Demo] [           main] org.hibernate.SQL                        : delete from shift_assignments where id=?
Hibernate: delete from shift_assignments where id=?
2025-10-26T21:40:37.711+09:00 DEBUG 16604 --- [Shift Scheduler Demo] [           main] org.hibernate.SQL                        : delete from shift_assignments where id=?
Hibernate: delete from shift_assignments where id=?
2025-10-26T21:40:37.711+09:00 DEBUG 16604 --- [Shift Scheduler Demo] [           main] org.hibernate.SQL                        : delete from shift_assignments where id=?
Hibernate: delete from shift_assignments where id=?
2025-10-26T21:40:37.711+09:00 DEBUG 16604 --- [Shift Scheduler Demo] [           main] org.hibernate.SQL                        : delete from shift_assignments where id=?
Hibernate: delete from shift_assignments where id=?
2025-10-26T21:40:37.711+09:00 DEBUG 16604 --- [Shift Scheduler Demo] [           main] org.hibernate.SQL                        : delete from shift_assignments where id=?
Hibernate: delete from shift_assignments where id=?
2025-10-26T21:40:37.711+09:00 DEBUG 16604 --- [Shift Scheduler Demo] [           main] org.hibernate.SQL                        : delete from shift_assignments where id=?
Hibernate: delete from shift_assignments where id=?
2025-10-26T21:40:37.711+09:00 DEBUG 16604 --- [Shift Scheduler Demo] [           main] org.hibernate.SQL                        : delete from shift_assignments where id=?
Hibernate: delete from shift_assignments where id=?
2025-10-26T21:40:37.711+09:00 DEBUG 16604 --- [Shift Scheduler Demo] [           main] org.hibernate.SQL                        : delete from shift_assignments where id=?
Hibernate: delete from shift_assignments where id=?
2025-10-26T21:40:37.711+09:00 DEBUG 16604 --- [Shift Scheduler Demo] [           main] org.hibernate.SQL                        : delete from shift_assignments where id=?
Hibernate: delete from shift_assignments where id=?
2025-10-26T21:40:37.711+09:00 DEBUG 16604 --- [Shift Scheduler Demo] [           main] org.hibernate.SQL                        : delete from shift_assignments where id=?
Hibernate: delete from shift_assignments where id=?
2025-10-26T21:40:37.711+09:00 DEBUG 16604 --- [Shift Scheduler Demo] [           main] org.hibernate.SQL                        : delete from shift_assignments where id=?
Hibernate: delete from shift_assignments where id=?
2025-10-26T21:40:37.711+09:00 DEBUG 16604 --- [Shift Scheduler Demo] [           main] org.hibernate.SQL                        : delete from shift_assignments where id=?
Hibernate: delete from shift_assignments where id=?
2025-10-26T21:40:37.711+09:00 DEBUG 16604 --- [Shift Scheduler Demo] [           main] org.hibernate.SQL                        : delete from shift_assignments where id=?
Hibernate: delete from shift_assignments where id=?
2025-10-26T21:40:37.711+09:00 DEBUG 16604 --- [Shift Scheduler Demo] [           main] org.hibernate.SQL                        : delete from shift_assignments where id=?
Hibernate: delete from shift_assignments where id=?
2025-10-26T21:40:37.711+09:00 DEBUG 16604 --- [Shift Scheduler Demo] [           main] org.hibernate.SQL                        : delete from shift_assignments where id=?
Hibernate: delete from shift_assignments where id=?
2025-10-26T21:40:37.711+09:00 DEBUG 16604 --- [Shift Scheduler Demo] [           main] org.hibernate.SQL                        : delete from shift_assignments where id=?
Hibernate: delete from shift_assignments where id=?
2025-10-26T21:40:37.711+09:00 DEBUG 16604 --- [Shift Scheduler Demo] [           main] org.hibernate.SQL                        : delete from shift_assignments where id=?
Hibernate: delete from shift_assignments where id=?
2025-10-26T21:40:37.711+09:00 DEBUG 16604 --- [Shift Scheduler Demo] [           main] org.hibernate.SQL                        : delete from shift_assignments where id=?
Hibernate: delete from shift_assignments where id=?
2025-10-26T21:40:37.711+09:00 DEBUG 16604 --- [Shift Scheduler Demo] [           main] org.hibernate.SQL                        : delete from shift_assignments where id=?
Hibernate: delete from shift_assignments where id=?
2025-10-26T21:40:37.711+09:00 DEBUG 16604 --- [Shift Scheduler Demo] [           main] org.hibernate.SQL                        : delete from shift_assignments where id=?
Hibernate: delete from shift_assignments where id=?
2025-10-26T21:40:37.711+09:00 DEBUG 16604 --- [Shift Scheduler Demo] [           main] org.hibernate.SQL                        : delete from shift_assignments where id=?
Hibernate: delete from shift_assignments where id=?
2025-10-26T21:40:37.711+09:00 DEBUG 16604 --- [Shift Scheduler Demo] [           main] org.hibernate.SQL                        : delete from shift_assignments where id=?
Hibernate: delete from shift_assignments where id=?
2025-10-26T21:40:37.711+09:00 DEBUG 16604 --- [Shift Scheduler Demo] [           main] org.hibernate.SQL                        : delete from shift_assignments where id=?
Hibernate: delete from shift_assignments where id=?
2025-10-26T21:40:37.711+09:00 DEBUG 16604 --- [Shift Scheduler Demo] [           main] org.hibernate.SQL                        : delete from shift_assignments where id=?
Hibernate: delete from shift_assignments where id=?
2025-10-26T21:40:37.711+09:00 DEBUG 16604 --- [Shift Scheduler Demo] [           main] org.hibernate.SQL                        : delete from shift_assignments where id=?
Hibernate: delete from shift_assignments where id=?
2025-10-26T21:40:37.711+09:00 DEBUG 16604 --- [Shift Scheduler Demo] [           main] org.hibernate.SQL                        : delete from shift_assignments where id=?
Hibernate: delete from shift_assignments where id=?
2025-10-26T21:40:37.711+09:00 DEBUG 16604 --- [Shift Scheduler Demo] [           main] org.hibernate.SQL                        : delete from shift_assignments where id=?
Hibernate: delete from shift_assignments where id=?
2025-10-26T21:40:37.711+09:00 DEBUG 16604 --- [Shift Scheduler Demo] [           main] org.hibernate.SQL                        : delete from shift_assignments where id=?
Hibernate: delete from shift_assignments where id=?
2025-10-26T21:40:37.711+09:00 DEBUG 16604 --- [Shift Scheduler Demo] [           main] org.hibernate.SQL                        : delete from shift_assignments where id=?
Hibernate: delete from shift_assignments where id=?
2025-10-26T21:40:37.711+09:00 DEBUG 16604 --- [Shift Scheduler Demo] [           main] org.hibernate.SQL                        : delete from shift_assignments where id=?
Hibernate: delete from shift_assignments where id=?
2025-10-26T21:40:37.711+09:00 DEBUG 16604 --- [Shift Scheduler Demo] [           main] org.hibernate.SQL                        : delete from shift_assignments where id=?
Hibernate: delete from shift_assignments where id=?
2025-10-26T21:40:37.711+09:00 DEBUG 16604 --- [Shift Scheduler Demo] [           main] org.hibernate.SQL                        : delete from shift_assignments where id=?
Hibernate: delete from shift_assignments where id=?
2025-10-26T21:40:37.711+09:00 DEBUG 16604 --- [Shift Scheduler Demo] [           main] org.hibernate.SQL                        : delete from shift_assignments where id=?
Hibernate: delete from shift_assignments where id=?
2025-10-26T21:40:37.711+09:00 DEBUG 16604 --- [Shift Scheduler Demo] [           main] org.hibernate.SQL                        : delete from shift_assignments where id=?
Hibernate: delete from shift_assignments where id=?
2025-10-26T21:40:37.711+09:00 DEBUG 16604 --- [Shift Scheduler Demo] [           main] org.hibernate.SQL                        : delete from shift_assignments where id=?
Hibernate: delete from shift_assignments where id=?
2025-10-26T21:40:37.711+09:00 DEBUG 16604 --- [Shift Scheduler Demo] [           main] org.hibernate.SQL                        : delete from shift_assignments where id=?
Hibernate: delete from shift_assignments where id=?
2025-10-26T21:40:37.711+09:00 DEBUG 16604 --- [Shift Scheduler Demo] [           main] org.hibernate.SQL                        : delete from shift_assignments where id=?
Hibernate: delete from shift_assignments where id=?
2025-10-26T21:40:37.711+09:00 DEBUG 16604 --- [Shift Scheduler Demo] [           main] org.hibernate.SQL                        : delete from shift_assignments where id=?
Hibernate: delete from shift_assignments where id=?
2025-10-26T21:40:37.711+09:00 DEBUG 16604 --- [Shift Scheduler Demo] [           main] org.hibernate.SQL                        : delete from shift_assignments where id=?
Hibernate: delete from shift_assignments where id=?
2025-10-26T21:40:37.711+09:00 DEBUG 16604 --- [Shift Scheduler Demo] [           main] org.hibernate.SQL                        : delete from shift_assignments where id=?
Hibernate: delete from shift_assignments where id=?
2025-10-26T21:40:37.711+09:00 DEBUG 16604 --- [Shift Scheduler Demo] [           main] org.hibernate.SQL                        : delete from shift_assignments where id=?
Hibernate: delete from shift_assignments where id=?
2025-10-26T21:40:37.711+09:00 DEBUG 16604 --- [Shift Scheduler Demo] [           main] org.hibernate.SQL                        : delete from shift_assignments where id=?
Hibernate: delete from shift_assignments where id=?
2025-10-26T21:40:37.711+09:00 DEBUG 16604 --- [Shift Scheduler Demo] [           main] org.hibernate.SQL                        : delete from shift_assignments where id=?
Hibernate: delete from shift_assignments where id=?
2025-10-26T21:40:37.711+09:00 DEBUG 16604 --- [Shift Scheduler Demo] [           main] org.hibernate.SQL                        : delete from shift_assignments where id=?
Hibernate: delete from shift_assignments where id=?
2025-10-26T21:40:37.711+09:00 DEBUG 16604 --- [Shift Scheduler Demo] [           main] org.hibernate.SQL                        : delete from shift_assignments where id=?
Hibernate: delete from shift_assignments where id=?
2025-10-26T21:40:37.711+09:00 DEBUG 16604 --- [Shift Scheduler Demo] [           main] org.hibernate.SQL                        : delete from shift_assignments where id=?
Hibernate: delete from shift_assignments where id=?
2025-10-26T21:40:37.711+09:00 DEBUG 16604 --- [Shift Scheduler Demo] [           main] org.hibernate.SQL                        : delete from shift_assignments where id=?
Hibernate: delete from shift_assignments where id=?
2025-10-26T21:40:37.711+09:00 DEBUG 16604 --- [Shift Scheduler Demo] [           main] org.hibernate.SQL                        : delete from shift_assignments where id=?
Hibernate: delete from shift_assignments where id=?
2025-10-26T21:40:37.711+09:00 DEBUG 16604 --- [Shift Scheduler Demo] [           main] org.hibernate.SQL                        : delete from shift_assignments where id=?
Hibernate: delete from shift_assignments where id=?
2025-10-26T21:40:37.711+09:00 DEBUG 16604 --- [Shift Scheduler Demo] [           main] org.hibernate.SQL                        : delete from shift_assignments where id=?
Hibernate: delete from shift_assignments where id=?
2025-10-26T21:40:37.711+09:00 DEBUG 16604 --- [Shift Scheduler Demo] [           main] org.hibernate.SQL                        : delete from shift_assignments where id=?
Hibernate: delete from shift_assignments where id=?
2025-10-26T21:40:37.711+09:00 DEBUG 16604 --- [Shift Scheduler Demo] [           main] org.hibernate.SQL                        : delete from shift_assignments where id=?
Hibernate: delete from shift_assignments where id=?
2025-10-26T21:40:37.711+09:00 DEBUG 16604 --- [Shift Scheduler Demo] [           main] org.hibernate.SQL                        : delete from shift_assignments where id=?
Hibernate: delete from shift_assignments where id=?
2025-10-26T21:40:37.711+09:00 DEBUG 16604 --- [Shift Scheduler Demo] [           main] org.hibernate.SQL                        : delete from shift_assignments where id=?
Hibernate: delete from shift_assignments where id=?
2025-10-26T21:40:37.711+09:00 DEBUG 16604 --- [Shift Scheduler Demo] [           main] org.hibernate.SQL                        : delete from shift_assignments where id=?
Hibernate: delete from shift_assignments where id=?
2025-10-26T21:40:37.711+09:00 DEBUG 16604 --- [Shift Scheduler Demo] [           main] org.hibernate.SQL                        : delete from shift_assignments where id=?
Hibernate: delete from shift_assignments where id=?
2025-10-26T21:40:37.711+09:00 DEBUG 16604 --- [Shift Scheduler Demo] [           main] org.hibernate.SQL                        : delete from shift_assignments where id=?
Hibernate: delete from shift_assignments where id=?
2025-10-26T21:40:37.711+09:00 DEBUG 16604 --- [Shift Scheduler Demo] [           main] org.hibernate.SQL                        : delete from shift_assignments where id=?
Hibernate: delete from shift_assignments where id=?
2025-10-26T21:40:37.711+09:00 DEBUG 16604 --- [Shift Scheduler Demo] [           main] org.hibernate.SQL                        : delete from shift_assignments where id=?
Hibernate: delete from shift_assignments where id=?
2025-10-26T21:40:37.711+09:00 DEBUG 16604 --- [Shift Scheduler Demo] [           main] org.hibernate.SQL                        : select sa1_0.id,sa1_0.employee_id,sa1_0.end_time,sa1_0.shift_name,sa1_0.start_time,sa1_0.work_date from shift_assignments sa1_0 where sa1_0.work_date between ? and ?
Hibernate: select sa1_0.id,sa1_0.employee_id,sa1_0.end_time,sa1_0.shift_name,sa1_0.start_time,sa1_0.work_date from shift_assignments sa1_0 where sa1_0.work_date between ? and ?
]]></system-out>
    <system-err><![CDATA[Mockito is currently self-attaching to enable the inline-mock-maker. This will no longer work in future releases of the JDK. Please add Mockito as an agent to your build as described in Mockito's documentation: https://javadoc.io/doc/org.mockito/mockito-core/latest/org.mockito/org/mockito/Mockito.html#0.3
WARNING: A Java agent has been loaded dynamically (C:\Users\takow\.m2\repository\net\bytebuddy\byte-buddy-agent\1.17.6\byte-buddy-agent-1.17.6.jar)
WARNING: If a serviceability tool is in use, please run with -XX:+EnableDynamicAgentLoading to hide this warning
WARNING: If a serviceability tool is not in use, please run with -Djdk.instrument.traceUsage for more information
WARNING: Dynamic loading of agents will be disallowed by default in a future release
]]></system-err>
  </testcase>
</testsuite>